Log file open, 03/30/23 23:30:33
LogWindows: Failed to load 'aqProf.dll' (GetLastError=126)
LogWindows: File 'aqProf.dll' does not exist
LogWindows: Failed to load 'VtuneApi.dll' (GetLastError=126)
LogWindows: File 'VtuneApi.dll' does not exist
LogWindows: Failed to load 'VtuneApi32e.dll' (GetLastError=126)
LogWindows: File 'VtuneApi32e.dll' does not exist
LogConsoleResponse: Display: Failed to find resolution value strings in scalability ini. Falling back to default.
LogConsoleResponse: Display: Failed to find resolution value strings in scalability ini. Falling back to default.
LogInit: Display: Running engine for game: BattleGridMech
LogPlatformFile: Not using cached read wrapper
LogTaskGraph: Started task graph with 5 named threads and 35 total threads with 3 sets of task threads.
LogStats: Stats thread started at 0.241926
LogICUInternationalization: ICU TimeZone Detection - Raw Offset: +1:00, Platform Override: ''
LogInit: Display: Loading text-based GConfig....
LogPluginManager: Mounting plugin MeshPainting
LogPluginManager: Mounting plugin XGEController
LogPluginManager: Mounting plugin AISupport
LogPluginManager: Mounting plugin Paper2D
LogPluginManager: Mounting plugin EnvironmentQueryEditor
LogPluginManager: Mounting plugin LightPropagationVolume
LogPluginManager: Mounting plugin CameraShakePreviewer
LogPluginManager: Mounting plugin GameplayCameras
LogPluginManager: Mounting plugin LiveLink
LogPluginManager: Mounting plugin AnimationSharing
LogPluginManager: Mounting plugin OodleData
LogPluginManager: Mounting plugin KDevelopSourceCodeAccess
LogPluginManager: Mounting plugin CLionSourceCodeAccess
LogPluginManager: Mounting plugin GitSourceControl
LogPluginManager: Mounting plugin CodeLiteSourceCodeAccess
LogPluginManager: Mounting plugin NullSourceCodeAccess
LogPluginManager: Mounting plugin PerforceSourceControl
LogPluginManager: Mounting plugin PlasticSourceControl
LogPluginManager: Mounting plugin PluginUtils
LogPluginManager: Mounting plugin PixWinPlugin
LogPluginManager: Mounting plugin PropertyAccessNode
LogPluginManager: Mounting plugin RiderSourceCodeAccess
LogPluginManager: Mounting plugin SubversionSourceControl
LogPluginManager: Mounting plugin TextureFormatOodle
LogPluginManager: Mounting plugin VisualStudioCodeSourceCodeAccess
LogPluginManager: Mounting plugin UObjectPlugin
LogPluginManager: Mounting plugin VisualStudioSourceCodeAccess
LogPluginManager: Mounting plugin XCodeSourceCodeAccess
LogPluginManager: Mounting plugin DatasmithContent
LogPluginManager: Mounting plugin VariantManagerContent
LogPluginManager: Mounting plugin AssetManagerEditor
LogPluginManager: Mounting plugin DataValidation
LogPluginManager: Mounting plugin CurveEditorTools
LogPluginManager: Mounting plugin CryptoKeys
LogPluginManager: Mounting plugin FacialAnimation
LogPluginManager: Mounting plugin MacGraphicsSwitching
LogPluginManager: Mounting plugin GeometryMode
LogPluginManager: Mounting plugin GameplayTagsEditor
LogPluginManager: Mounting plugin MaterialAnalyzer
LogPluginManager: Mounting plugin MobileLauncherProfileWizard
LogPluginManager: Mounting plugin PluginBrowser
LogPluginManager: Mounting plugin SpeedTreeImporter
LogPluginManager: Mounting plugin Niagara
LogPluginManager: Mounting plugin AlembicImporter
LogPluginManager: Mounting plugin BackChannel
LogPluginManager: Mounting plugin AutomationUtils
LogPluginManager: Mounting plugin ChaosCloth
LogPluginManager: Mounting plugin ChaosClothEditor
LogPluginManager: Mounting plugin ChaosEditor
LogPluginManager: Mounting plugin ChaosNiagara
LogPluginManager: Mounting plugin ChaosSolverPlugin
LogPluginManager: Mounting plugin CharacterAI
LogPluginManager: Mounting plugin GeometryCache
LogPluginManager: Mounting plugin GeometryCollectionPlugin
LogPluginManager: Mounting plugin GeometryProcessing
LogPluginManager: Mounting plugin MotoSynth
LogPluginManager: Mounting plugin OpenImageDenoise
LogPluginManager: Mounting plugin PlanarCut
LogPluginManager: Mounting plugin PlatformCrypto
LogPluginManager: Mounting plugin PythonScriptPlugin
LogPluginManager: Mounting plugin ProxyLODPlugin
LogPluginManager: Mounting plugin LuminPlatformFeatures
LogPluginManager: Mounting plugin MagicLeap
LogPluginManager: Mounting plugin MagicLeapLightEstimation
LogPluginManager: Mounting plugin MagicLeapMedia
LogPluginManager: Mounting plugin MLSDK
LogPluginManager: Mounting plugin AvfMedia
LogPluginManager: Mounting plugin AndroidMedia
LogPluginManager: Mounting plugin MagicLeapPassableWorld
LogPluginManager: Mounting plugin ImgMedia
LogPluginManager: Mounting plugin MediaPlayerEditor
LogPluginManager: Mounting plugin WebMMedia
LogPluginManager: Mounting plugin TcpMessaging
LogPluginManager: Mounting plugin UdpMessaging
LogPluginManager: Mounting plugin WmfMedia
LogPluginManager: Mounting plugin ActorSequence
LogPluginManager: Mounting plugin LevelSequenceEditor
LogPluginManager: Mounting plugin MatineeToLevelSequence
LogPluginManager: Mounting plugin TemplateSequence
LogPluginManager: Mounting plugin OnlineSubsystem
LogPluginManager: Mounting plugin OnlineSubsystemNull
LogPluginManager: Mounting plugin SkeletalReduction
LogPluginManager: Mounting plugin MediaCompositing
LogPluginManager: Mounting plugin LauncherChunkInstaller
LogPluginManager: Mounting plugin ActorLayerUtilities
LogPluginManager: Mounting plugin AndroidDeviceProfileSelector
LogPluginManager: Mounting plugin AndroidMoviePlayer
LogPluginManager: Mounting plugin AndroidPermission
LogPluginManager: Mounting plugin OnlineSubsystemUtils
LogPluginManager: Mounting plugin AppleImageUtils
LogPluginManager: Mounting plugin AppleMoviePlayer
LogPluginManager: Mounting plugin AssetTags
LogPluginManager: Mounting plugin ArchVisCharacter
LogPluginManager: Mounting plugin AudioCapture
LogPluginManager: Mounting plugin AudioSynesthesia
LogPluginManager: Mounting plugin ChunkDownloader
LogPluginManager: Mounting plugin CableComponent
LogPluginManager: Mounting plugin EditableMesh
LogPluginManager: Mounting plugin CustomMeshComponent
LogPluginManager: Mounting plugin ExampleDeviceProfileSelector
LogPluginManager: Mounting plugin GoogleCloudMessaging
LogPluginManager: Mounting plugin GooglePAD
LogPluginManager: Mounting plugin ScreenshotTools
LogPluginManager: Mounting plugin IOSDeviceProfileSelector
LogPluginManager: Mounting plugin LinuxDeviceProfileSelector
LogPluginManager: Mounting plugin LocationServicesBPLibrary
LogPluginManager: Mounting plugin MobilePatchingUtils
LogPluginManager: Mounting plugin OpenXR
LogPluginManager: Mounting plugin OpenXREyeTracker
LogPluginManager: Mounting plugin OpenXRHandTracking
LogPluginManager: Mounting plugin PhysXVehicles
LogPluginManager: Mounting plugin PostSplashScreen
LogPluginManager: Mounting plugin PropertyAccessEditor
LogPluginManager: Mounting plugin ProceduralMeshComponent
LogPluginManager: Mounting plugin RuntimePhysXCooking
LogPluginManager: Mounting plugin SignificanceManager
LogPluginManager: Mounting plugin SoundFields
LogPluginManager: Mounting plugin Synthesis
LogPluginManager: Mounting plugin WebMMoviePlayer
LogPluginManager: Mounting plugin WindowsMoviePlayer
LogPluginManager: Mounting plugin Takes
LogPluginManager: Mounting plugin OodleNetwork
LogPluginManager: Mounting plugin ContentBrowserAssetDataSource
LogPluginManager: Mounting plugin ContentBrowserClassDataSource
LogPluginManager: Mounting plugin ContentBrowserFileDataSource
LogPluginManager: Mounting plugin OnlineSubsystemIOS
LogPluginManager: Mounting plugin OnlineSubsystemGooglePlay
LogPluginManager: Mounting plugin OculusVR
LogPluginManager: Mounting plugin SteamVR
PixWinPlugin: PIX capture plugin failed to initialize! Check that the process is launched from PIX.
LogInit: Using libcurl 7.55.1-DEV
LogInit:  - built for x86_64-pc-win32
LogInit:  - supports SSL with OpenSSL/1.1.1
LogInit:  - supports HTTP deflate (compression) using libz 1.2.8
LogInit:  - other features:
LogInit:      CURL_VERSION_SSL
LogInit:      CURL_VERSION_LIBZ
LogInit:      CURL_VERSION_IPV6
LogInit:      CURL_VERSION_ASYNCHDNS
LogInit:      CURL_VERSION_LARGEFILE
LogInit:      CURL_VERSION_IDN
LogInit:  CurlRequestOptions (configurable via config and command line):
LogInit:  - bVerifyPeer = true  - Libcurl will verify peer certificate
LogInit:  - bUseHttpProxy = false  - Libcurl will NOT use HTTP proxy
LogInit:  - bDontReuseConnections = false  - Libcurl will reuse connections
LogInit:  - MaxHostConnections = 16  - Libcurl will limit the number of connections to a host
LogInit:  - LocalHostAddr = Default
LogInit:  - BufferSize = 65536
LogOnline: OSS: Creating online subsystem instance for: NULL
LogInit: WinSock: version 1.1 (2.2), MaxSocks=32767, MaxUdp=65467
LogOnline: OSS: TryLoadSubsystemAndSetDefault: Loaded subsystem for module [NULL]
LogOculusPluginWrapper: OculusPlugin initialized successfully
LogHMD: Failed initializing OVRPlugin 1.59.0
LogInit: Build: ++UE4+Release-4.27-CL-18319896
LogInit: Engine Version: 4.27.2-18319896+++UE4+Release-4.27
LogInit: Compatible Engine Version: 4.27.0-17155196+++UE4+Release-4.27
LogInit: Net CL: 17155196
LogInit: OS: Windows 10 (Release 2009) (), CPU: AMD Ryzen 5 5600G with Radeon Graphics         , GPU: AMD Radeon(TM) Graphics
LogInit: Compiled (64-bit): Nov 30 2021 07:12:08
LogInit: Compiled with Visual C++: 19.24.28315.00
LogInit: Build Configuration: Development
LogInit: Branch Name: ++UE4+Release-4.27
LogInit: Command Line:  /Game/BattleGridMech/Maps/L_Entry -game -PIEVIACONSOLE -Multiprocess "GameUserSettingsINI=../../../BattleGridMech/Game/Unreal 4.27/Saved/Config/Windows/PIEGameUserSettings0.ini" -MultiprocessSaveConfig -forcepassthrough -messaging -SessionName="Play in Standalone Game" -windowed -ResX=1280 -ResY=720
LogInit: Base Directory: C:/Program Files/Epic Games/UE_4.27/Engine/Binaries/Win64/
LogInit: Allocator: TBB
LogInit: Installed Engine Build: 1
LogDevObjectVersion: Number of dev versions registered: 29
LogDevObjectVersion:   Dev-Blueprints (B0D832E4-1F89-4F0D-ACCF-7EB736FD4AA2): 10
LogDevObjectVersion:   Dev-Build (E1C64328-A22C-4D53-A36C-8E866417BD8C): 0
LogDevObjectVersion:   Dev-Core (375EC13C-06E4-48FB-B500-84F0262A717E): 4
LogDevObjectVersion:   Dev-Editor (E4B068ED-F494-42E9-A231-DA0B2E46BB41): 40
LogDevObjectVersion:   Dev-Framework (CFFC743F-43B0-4480-9391-14DF171D2073): 37
LogDevObjectVersion:   Dev-Mobile (B02B49B5-BB20-44E9-A304-32B752E40360): 3
LogDevObjectVersion:   Dev-Networking (A4E4105C-59A1-49B5-A7C5-40C4547EDFEE): 0
LogDevObjectVersion:   Dev-Online (39C831C9-5AE6-47DC-9A44-9C173E1C8E7C): 0
LogDevObjectVersion:   Dev-Physics (78F01B33-EBEA-4F98-B9B4-84EACCB95AA2): 14
LogDevObjectVersion:   Dev-Platform (6631380F-2D4D-43E0-8009-CF276956A95A): 0
LogDevObjectVersion:   Dev-Rendering (12F88B9F-8875-4AFC-A67C-D90C383ABD29): 45
LogDevObjectVersion:   Dev-Sequencer (7B5AE74C-D270-4C10-A958-57980B212A5A): 13
LogDevObjectVersion:   Dev-VR (D7296918-1DD6-4BDD-9DE2-64A83CC13884): 3
LogDevObjectVersion:   Dev-LoadTimes (C2A15278-BFE7-4AFE-6C17-90FF531DF755): 1
LogDevObjectVersion:   Private-Geometry (6EACA3D4-40EC-4CC1-B786-8BED09428FC5): 3
LogDevObjectVersion:   Dev-AnimPhys (29E575DD-E0A3-4627-9D10-D276232CDCEA): 17
LogDevObjectVersion:   Dev-Anim (AF43A65D-7FD3-4947-9873-3E8ED9C1BB05): 15
LogDevObjectVersion:   Dev-ReflectionCapture (6B266CEC-1EC7-4B8F-A30B-E4D90942FC07): 1
LogDevObjectVersion:   Dev-Automation (0DF73D61-A23F-47EA-B727-89E90C41499A): 1
LogDevObjectVersion:   FortniteMain (601D1886-AC64-4F84-AA16-D3DE0DEAC7D6): 47
LogDevObjectVersion:   FortniteRelease (E7086368-6B23-4C58-8439-1B7016265E91): 1
LogDevObjectVersion:   Dev-Enterprise (9DFFBCD6-494F-0158-E221-12823C92A888): 10
LogDevObjectVersion:   Dev-Niagara (F2AED0AC-9AFE-416F-8664-AA7FFA26D6FC): 1
LogDevObjectVersion:   Dev-Destruction (174F1F0B-B4C6-45A5-B13F-2EE8D0FB917D): 10
LogDevObjectVersion:   Dev-Physics-Ext (35F94A83-E258-406C-A318-09F59610247C): 41
LogDevObjectVersion:   Dev-PhysicsMaterial-Chaos (B68FC16E-8B1B-42E2-B453-215C058844FE): 1
LogDevObjectVersion:   Dev-CineCamera (B2E18506-4273-CFC2-A54E-F4BB758BBA07): 1
LogDevObjectVersion:   Dev-VirtualProduction (64F58936-FD1B-42BA-BA96-7289D5D0FA4E): 1
LogDevObjectVersion:   Dev-MediaFramework (6F0ED827-A609-4895-9C91-998D90180EA4): 2
LogInit: Presizing for max 25165824 objects, including 0 objects not considered by GC, pre-allocating 0 bytes for permanent pool.
LogConfig: Applying CVar settings from Section [/Script/Engine.StreamingSettings] File [../../../BattleGridMech/Game/Unreal 4.27/Saved/Config/Windows/Engine.ini]
LogConfig: Setting CVar [[s.MinBulkDataSizeForAsyncLoading:131072]]
LogConfig: Setting CVar [[s.AsyncLoadingThreadEnabled:0]]
LogConfig: Setting CVar [[s.EventDrivenLoaderEnabled:1]]
LogConfig: Setting CVar [[s.WarnIfTimeLimitExceeded:0]]
LogConfig: Setting CVar [[s.TimeLimitExceededMultiplier:1.5]]
LogConfig: Setting CVar [[s.TimeLimitExceededMinTime:0.005]]
LogConfig: Setting CVar [[s.UseBackgroundLevelStreaming:1]]
LogConfig: Setting CVar [[s.PriorityAsyncLoadingExtraTime:15.0]]
LogConfig: Setting CVar [[s.LevelStreamingActorsUpdateTimeLimit:5.0]]
LogConfig: Setting CVar [[s.PriorityLevelStreamingActorsUpdateExtraTime:5.0]]
LogConfig: Setting CVar [[s.LevelStreamingComponentsRegistrationGranularity:10]]
LogConfig: Setting CVar [[s.UnregisterComponentsTimeLimit:1.0]]
LogConfig: Setting CVar [[s.LevelStreamingComponentsUnregistrationGranularity:5]]
LogConfig: Setting CVar [[s.FlushStreamingOnExit:1]]
LogInit: Object subsystem initialized
LogConfig: Setting CVar [[con.DebugEarlyDefault:1]]
LogConfig: Setting CVar [[r.setres:1280x720]]
[2023.03.30-21.30.34:079][  0]LogConfig: Setting CVar [[con.DebugEarlyDefault:1]]
[2023.03.30-21.30.34:079][  0]LogConfig: Setting CVar [[r.setres:1280x720]]
[2023.03.30-21.30.34:079][  0]LogConfig: Applying CVar settings from Section [/Script/Engine.RendererSettings] File [../../../BattleGridMech/Game/Unreal 4.27/Saved/Config/Windows/Engine.ini]
[2023.03.30-21.30.34:079][  0]LogConfig: Setting CVar [[r.GPUCrashDebugging:0]]
[2023.03.30-21.30.34:079][  0]LogConfig: Applying CVar settings from Section [/Script/Engine.RendererOverrideSettings] File [../../../BattleGridMech/Game/Unreal 4.27/Saved/Config/Windows/Engine.ini]
[2023.03.30-21.30.34:079][  0]LogConfig: Applying CVar settings from Section [/Script/Engine.StreamingSettings] File [../../../BattleGridMech/Game/Unreal 4.27/Saved/Config/Windows/Engine.ini]
[2023.03.30-21.30.34:079][  0]LogConfig: Setting CVar [[s.MinBulkDataSizeForAsyncLoading:131072]]
[2023.03.30-21.30.34:079][  0]LogConfig: Setting CVar [[s.AsyncLoadingThreadEnabled:0]]
[2023.03.30-21.30.34:079][  0]LogConfig: Setting CVar [[s.EventDrivenLoaderEnabled:1]]
[2023.03.30-21.30.34:079][  0]LogConfig: Setting CVar [[s.WarnIfTimeLimitExceeded:0]]
[2023.03.30-21.30.34:079][  0]LogConfig: Setting CVar [[s.TimeLimitExceededMultiplier:1.5]]
[2023.03.30-21.30.34:079][  0]LogConfig: Setting CVar [[s.TimeLimitExceededMinTime:0.005]]
[2023.03.30-21.30.34:079][  0]LogConfig: Setting CVar [[s.UseBackgroundLevelStreaming:1]]
[2023.03.30-21.30.34:079][  0]LogConfig: Setting CVar [[s.PriorityAsyncLoadingExtraTime:15.0]]
[2023.03.30-21.30.34:079][  0]LogConfig: Setting CVar [[s.LevelStreamingActorsUpdateTimeLimit:5.0]]
[2023.03.30-21.30.34:079][  0]LogConfig: Setting CVar [[s.PriorityLevelStreamingActorsUpdateExtraTime:5.0]]
[2023.03.30-21.30.34:079][  0]LogConfig: Setting CVar [[s.LevelStreamingComponentsRegistrationGranularity:10]]
[2023.03.30-21.30.34:079][  0]LogConfig: Setting CVar [[s.UnregisterComponentsTimeLimit:1.0]]
[2023.03.30-21.30.34:079][  0]LogConfig: Setting CVar [[s.LevelStreamingComponentsUnregistrationGranularity:5]]
[2023.03.30-21.30.34:079][  0]LogConfig: Setting CVar [[s.FlushStreamingOnExit:1]]
[2023.03.30-21.30.34:079][  0]LogConfig: Applying CVar settings from Section [/Script/Engine.GarbageCollectionSettings] File [../../../BattleGridMech/Game/Unreal 4.27/Saved/Config/Windows/Engine.ini]
[2023.03.30-21.30.34:079][  0]LogConfig: Setting CVar [[gc.MaxObjectsNotConsideredByGC:1]]
[2023.03.30-21.30.34:079][  0]LogConfig: Setting CVar [[gc.SizeOfPermanentObjectPool:0]]
[2023.03.30-21.30.34:079][  0]LogConfig: Setting CVar [[gc.FlushStreamingOnGC:0]]
[2023.03.30-21.30.34:079][  0]LogConfig: Setting CVar [[gc.NumRetriesBeforeForcingGC:10]]
[2023.03.30-21.30.34:079][  0]LogConfig: Setting CVar [[gc.AllowParallelGC:1]]
[2023.03.30-21.30.34:079][  0]LogConfig: Setting CVar [[gc.TimeBetweenPurgingPendingKillObjects:61.1]]
[2023.03.30-21.30.34:079][  0]LogConfig: Setting CVar [[gc.MaxObjectsInEditor:25165824]]
[2023.03.30-21.30.34:079][  0]LogConfig: Setting CVar [[gc.IncrementalBeginDestroyEnabled:1]]
[2023.03.30-21.30.34:079][  0]LogConfig: Setting CVar [[gc.CreateGCClusters:1]]
[2023.03.30-21.30.34:079][  0]LogConfig: Setting CVar [[gc.MinGCClusterSize:5]]
[2023.03.30-21.30.34:079][  0]LogConfig: Setting CVar [[gc.ActorClusteringEnabled:0]]
[2023.03.30-21.30.34:079][  0]LogConfig: Setting CVar [[gc.BlueprintClusteringEnabled:0]]
[2023.03.30-21.30.34:079][  0]LogConfig: Setting CVar [[gc.UseDisregardForGCOnDedicatedServers:0]]
[2023.03.30-21.30.34:079][  0]LogConfig: Setting CVar [[gc.MultithreadedDestructionEnabled:1]]
[2023.03.30-21.30.34:079][  0]LogConfig: Applying CVar settings from Section [/Script/Engine.NetworkSettings] File [../../../BattleGridMech/Game/Unreal 4.27/Saved/Config/Windows/Engine.ini]
[2023.03.30-21.30.34:079][  0]LogConfig: Applying CVar settings from Section [/Script/UnrealEd.CookerSettings] File [../../../BattleGridMech/Game/Unreal 4.27/Saved/Config/Windows/Engine.ini]
[2023.03.30-21.30.34:084][  0]LogConfig: Applying CVar settings from Section [ViewDistanceQuality@3] File [../../../BattleGridMech/Game/Unreal 4.27/Saved/Config/Windows/Scalability.ini]
[2023.03.30-21.30.34:084][  0]LogConfig: Setting CVar [[r.SkeletalMeshLODBias:0]]
[2023.03.30-21.30.34:084][  0]LogConfig: Setting CVar [[r.ViewDistanceScale:1.0]]
[2023.03.30-21.30.34:084][  0]LogConfig: Applying CVar settings from Section [AntiAliasingQuality@3] File [../../../BattleGridMech/Game/Unreal 4.27/Saved/Config/Windows/Scalability.ini]
[2023.03.30-21.30.34:084][  0]LogConfig: Setting CVar [[r.PostProcessAAQuality:4]]
[2023.03.30-21.30.34:084][  0]LogConfig: Applying CVar settings from Section [ShadowQuality@3] File [../../../BattleGridMech/Game/Unreal 4.27/Saved/Config/Windows/Scalability.ini]
[2023.03.30-21.30.34:084][  0]LogConfig: Setting CVar [[r.LightFunctionQuality:1]]
[2023.03.30-21.30.34:084][  0]LogConfig: Setting CVar [[r.ShadowQuality:5]]
[2023.03.30-21.30.34:084][  0]LogConfig: Setting CVar [[r.Shadow.CSM.MaxCascades:10]]
[2023.03.30-21.30.34:084][  0]LogConfig: Setting CVar [[r.Shadow.MaxResolution:2048]]
[2023.03.30-21.30.34:084][  0]LogConfig: Setting CVar [[r.Shadow.MaxCSMResolution:2048]]
[2023.03.30-21.30.34:084][  0]LogConfig: Setting CVar [[r.Shadow.RadiusThreshold:0.01]]
[2023.03.30-21.30.34:084][  0]LogConfig: Setting CVar [[r.Shadow.DistanceScale:1.0]]
[2023.03.30-21.30.34:084][  0]LogConfig: Setting CVar [[r.Shadow.CSM.TransitionScale:1.0]]
[2023.03.30-21.30.34:084][  0]LogConfig: Setting CVar [[r.Shadow.PreShadowResolutionFactor:1.0]]
[2023.03.30-21.30.34:084][  0]LogConfig: Setting CVar [[r.DistanceFieldShadowing:1]]
[2023.03.30-21.30.34:084][  0]LogConfig: Setting CVar [[r.DistanceFieldAO:1]]
[2023.03.30-21.30.34:084][  0]LogConfig: Setting CVar [[r.AOQuality:2]]
[2023.03.30-21.30.34:085][  0]LogConfig: Setting CVar [[r.VolumetricFog:1]]
[2023.03.30-21.30.34:085][  0]LogConfig: Setting CVar [[r.VolumetricFog.GridPixelSize:8]]
[2023.03.30-21.30.34:085][  0]LogConfig: Setting CVar [[r.VolumetricFog.GridSizeZ:128]]
[2023.03.30-21.30.34:085][  0]LogConfig: Setting CVar [[r.VolumetricFog.HistoryMissSupersampleCount:4]]
[2023.03.30-21.30.34:085][  0]LogConfig: Setting CVar [[r.LightMaxDrawDistanceScale:1]]
[2023.03.30-21.30.34:085][  0]LogConfig: Setting CVar [[r.CapsuleShadows:1]]
[2023.03.30-21.30.34:085][  0]LogConfig: Applying CVar settings from Section [PostProcessQuality@3] File [../../../BattleGridMech/Game/Unreal 4.27/Saved/Config/Windows/Scalability.ini]
[2023.03.30-21.30.34:085][  0]LogConfig: Setting CVar [[r.MotionBlurQuality:4]]
[2023.03.30-21.30.34:085][  0]LogConfig: Setting CVar [[r.AmbientOcclusionMipLevelFactor:0.4]]
[2023.03.30-21.30.34:085][  0]LogConfig: Setting CVar [[r.AmbientOcclusionMaxQuality:100]]
[2023.03.30-21.30.34:085][  0]LogConfig: Setting CVar [[r.AmbientOcclusionLevels:-1]]
[2023.03.30-21.30.34:085][  0]LogConfig: Setting CVar [[r.AmbientOcclusionRadiusScale:1.0]]
[2023.03.30-21.30.34:085][  0]LogConfig: Setting CVar [[r.DepthOfFieldQuality:2]]
[2023.03.30-21.30.34:085][  0]LogConfig: Setting CVar [[r.RenderTargetPoolMin:400]]
[2023.03.30-21.30.34:085][  0]LogConfig: Setting CVar [[r.LensFlareQuality:2]]
[2023.03.30-21.30.34:085][  0]LogConfig: Setting CVar [[r.SceneColorFringeQuality:1]]
[2023.03.30-21.30.34:085][  0]LogConfig: Setting CVar [[r.EyeAdaptationQuality:2]]
[2023.03.30-21.30.34:085][  0]LogConfig: Setting CVar [[r.BloomQuality:5]]
[2023.03.30-21.30.34:085][  0]LogConfig: Setting CVar [[r.FastBlurThreshold:100]]
[2023.03.30-21.30.34:085][  0]LogConfig: Setting CVar [[r.Upscale.Quality:3]]
[2023.03.30-21.30.34:085][  0]LogConfig: Setting CVar [[r.Tonemapper.GrainQuantization:1]]
[2023.03.30-21.30.34:085][  0]LogConfig: Setting CVar [[r.LightShaftQuality:1]]
[2023.03.30-21.30.34:085][  0]LogConfig: Setting CVar [[r.Filter.SizeScale:1]]
[2023.03.30-21.30.34:085][  0]LogConfig: Setting CVar [[r.Tonemapper.Quality:5]]
[2023.03.30-21.30.34:085][  0]LogConfig: Setting CVar [[r.DOF.Gather.AccumulatorQuality:1        ; higher gathering accumulator quality]]
[2023.03.30-21.30.34:085][  0]LogConfig: Setting CVar [[r.DOF.Gather.PostfilterMethod:1          ; Median3x3 postfilering method]]
[2023.03.30-21.30.34:085][  0]LogConfig: Setting CVar [[r.DOF.Gather.EnableBokehSettings:0       ; no bokeh simulation when gathering]]
[2023.03.30-21.30.34:085][  0]LogConfig: Setting CVar [[r.DOF.Gather.RingCount:4                 ; medium number of samples when gathering]]
[2023.03.30-21.30.34:085][  0]LogConfig: Setting CVar [[r.DOF.Scatter.ForegroundCompositing:1    ; additive foreground scattering]]
[2023.03.30-21.30.34:085][  0]LogConfig: Setting CVar [[r.DOF.Scatter.BackgroundCompositing:2    ; additive background scattering]]
[2023.03.30-21.30.34:085][  0]LogConfig: Setting CVar [[r.DOF.Scatter.EnableBokehSettings:1      ; bokeh simulation when scattering]]
[2023.03.30-21.30.34:085][  0]LogConfig: Setting CVar [[r.DOF.Scatter.MaxSpriteRatio:0.1         ; only a maximum of 10% of scattered bokeh]]
[2023.03.30-21.30.34:085][  0]LogConfig: Setting CVar [[r.DOF.Recombine.Quality:1                ; cheap slight out of focus]]
[2023.03.30-21.30.34:085][  0]LogConfig: Setting CVar [[r.DOF.Recombine.EnableBokehSettings:0    ; no bokeh simulation on slight out of focus]]
[2023.03.30-21.30.34:085][  0]LogConfig: Setting CVar [[r.DOF.TemporalAAQuality:1                ; more stable temporal accumulation]]
[2023.03.30-21.30.34:085][  0]LogConfig: Setting CVar [[r.DOF.Kernel.MaxForegroundRadius:0.025]]
[2023.03.30-21.30.34:085][  0]LogConfig: Setting CVar [[r.DOF.Kernel.MaxBackgroundRadius:0.025]]
[2023.03.30-21.30.34:085][  0]LogConfig: Applying CVar settings from Section [TextureQuality@3] File [../../../BattleGridMech/Game/Unreal 4.27/Saved/Config/Windows/Scalability.ini]
[2023.03.30-21.30.34:085][  0]LogConfig: Setting CVar [[r.Streaming.MipBias:0]]
[2023.03.30-21.30.34:085][  0]LogConfig: Setting CVar [[r.Streaming.AmortizeCPUToGPUCopy:0]]
[2023.03.30-21.30.34:085][  0]LogConfig: Setting CVar [[r.Streaming.MaxNumTexturesToStreamPerFrame:0]]
[2023.03.30-21.30.34:085][  0]LogConfig: Setting CVar [[r.Streaming.Boost:1]]
[2023.03.30-21.30.34:085][  0]LogConfig: Setting CVar [[r.MaxAnisotropy:8]]
[2023.03.30-21.30.34:085][  0]LogConfig: Setting CVar [[r.VT.MaxAnisotropy:8]]
[2023.03.30-21.30.34:085][  0]LogConfig: Setting CVar [[r.Streaming.LimitPoolSizeToVRAM:0]]
[2023.03.30-21.30.34:085][  0]LogConfig: Setting CVar [[r.Streaming.PoolSize:1000]]
[2023.03.30-21.30.34:085][  0]LogConfig: Setting CVar [[r.Streaming.MaxEffectiveScreenSize:0]]
[2023.03.30-21.30.34:085][  0]LogConfig: Applying CVar settings from Section [EffectsQuality@3] File [../../../BattleGridMech/Game/Unreal 4.27/Saved/Config/Windows/Scalability.ini]
[2023.03.30-21.30.34:085][  0]LogConfig: Setting CVar [[r.TranslucencyLightingVolumeDim:64]]
[2023.03.30-21.30.34:085][  0]LogConfig: Setting CVar [[r.RefractionQuality:2]]
[2023.03.30-21.30.34:085][  0]LogConfig: Setting CVar [[r.SSR.Quality:3]]
[2023.03.30-21.30.34:085][  0]LogConfig: Setting CVar [[r.SSR.HalfResSceneColor:0]]
[2023.03.30-21.30.34:085][  0]LogConfig: Setting CVar [[r.SceneColorFormat:4]]
[2023.03.30-21.30.34:085][  0]LogConfig: Setting CVar [[r.DetailMode:2]]
[2023.03.30-21.30.34:085][  0]LogConfig: Setting CVar [[r.TranslucencyVolumeBlur:1]]
[2023.03.30-21.30.34:085][  0]LogConfig: Setting CVar [[r.MaterialQualityLevel:1 ; High quality]]
[2023.03.30-21.30.34:085][  0]LogConfig: Setting CVar [[r.AnisotropicMaterials:1]]
[2023.03.30-21.30.34:085][  0]LogConfig: Setting CVar [[r.SSS.Scale:1]]
[2023.03.30-21.30.34:085][  0]LogConfig: Setting CVar [[r.SSS.SampleSet:2]]
[2023.03.30-21.30.34:085][  0]LogConfig: Setting CVar [[r.SSS.Quality:1]]
[2023.03.30-21.30.34:085][  0]LogConfig: Setting CVar [[r.SSS.HalfRes:0]]
[2023.03.30-21.30.34:085][  0]LogConfig: Setting CVar [[r.SSGI.Quality:3]]
[2023.03.30-21.30.34:085][  0]LogConfig: Setting CVar [[r.EmitterSpawnRateScale:1.0]]
[2023.03.30-21.30.34:085][  0]LogConfig: Setting CVar [[r.ParticleLightQuality:2]]
[2023.03.30-21.30.34:085][  0]LogConfig: Setting CVar [[r.SkyAtmosphere.AerialPerspectiveLUT.FastApplyOnOpaque:1 ; Always have FastSkyLUT 1 in this case to avoid wrong sky]]
[2023.03.30-21.30.34:085][  0]LogConfig: Setting CVar [[r.SkyAtmosphere.AerialPerspectiveLUT.SampleCountMaxPerSlice:4]]
[2023.03.30-21.30.34:085][  0]LogConfig: Setting CVar [[r.SkyAtmosphere.AerialPerspectiveLUT.DepthResolution:16.0]]
[2023.03.30-21.30.34:085][  0]LogConfig: Setting CVar [[r.SkyAtmosphere.FastSkyLUT:1]]
[2023.03.30-21.30.34:085][  0]LogConfig: Setting CVar [[r.SkyAtmosphere.FastSkyLUT.SampleCountMin:4.0]]
[2023.03.30-21.30.34:085][  0]LogConfig: Setting CVar [[r.SkyAtmosphere.FastSkyLUT.SampleCountMax:128.0]]
[2023.03.30-21.30.34:085][  0]LogConfig: Setting CVar [[r.SkyAtmosphere.SampleCountMin:4.0]]
[2023.03.30-21.30.34:085][  0]LogConfig: Setting CVar [[r.SkyAtmosphere.SampleCountMax:128.0]]
[2023.03.30-21.30.34:085][  0]LogConfig: Setting CVar [[r.SkyAtmosphere.TransmittanceLUT.UseSmallFormat:0]]
[2023.03.30-21.30.34:085][  0]LogConfig: Setting CVar [[r.SkyAtmosphere.TransmittanceLUT.SampleCount:10.0]]
[2023.03.30-21.30.34:085][  0]LogConfig: Setting CVar [[r.SkyAtmosphere.MultiScatteringLUT.SampleCount:15.0]]
[2023.03.30-21.30.34:085][  0]LogConfig: Setting CVar [[r.SkyLight.RealTimeReflectionCapture:1]]
[2023.03.30-21.30.34:085][  0]LogConfig: Applying CVar settings from Section [FoliageQuality@3] File [../../../BattleGridMech/Game/Unreal 4.27/Saved/Config/Windows/Scalability.ini]
[2023.03.30-21.30.34:085][  0]LogConfig: Setting CVar [[foliage.DensityScale:1.0]]
[2023.03.30-21.30.34:085][  0]LogConfig: Setting CVar [[grass.DensityScale:1.0]]
[2023.03.30-21.30.34:085][  0]LogConfig: Applying CVar settings from Section [ShadingQuality@3] File [../../../BattleGridMech/Game/Unreal 4.27/Saved/Config/Windows/Scalability.ini]
[2023.03.30-21.30.34:085][  0]LogConfig: Setting CVar [[r.HairStrands.SkyLighting.IntegrationType:2]]
[2023.03.30-21.30.34:085][  0]LogConfig: Setting CVar [[r.HairStrands.SkyAO.SampleCount:4]]
[2023.03.30-21.30.34:085][  0]LogConfig: Setting CVar [[r.HairStrands.Visibility.MSAA.SamplePerPixel:4]]
[2023.03.30-21.30.34:085][  0]LogInit: Selected Device Profile: [Windows]
[2023.03.30-21.30.34:085][  0]LogInit: Applying CVar settings loaded from the selected device profile: [Windows]
[2023.03.30-21.30.34:085][  0]LogHAL: Display: Platform has ~ 16 GB [16483504128 / 17179869184 / 16], which maps to Larger [LargestMinGB=32, LargerMinGB=12, DefaultMinGB=8, SmallerMinGB=6, SmallestMinGB=0)
[2023.03.30-21.30.34:085][  0]LogInit: Going up to parent DeviceProfile []
[2023.03.30-21.30.34:085][  0]LogConfig: Applying CVar settings from Section [ViewDistanceQuality@3] File [../../../BattleGridMech/Game/Unreal 4.27/Saved/Config/Windows/Scalability.ini]
[2023.03.30-21.30.34:085][  0]LogConfig: Setting CVar [[r.SkeletalMeshLODBias:0]]
[2023.03.30-21.30.34:085][  0]LogConfig: Setting CVar [[r.ViewDistanceScale:1.0]]
[2023.03.30-21.30.34:085][  0]LogConfig: Applying CVar settings from Section [AntiAliasingQuality@3] File [../../../BattleGridMech/Game/Unreal 4.27/Saved/Config/Windows/Scalability.ini]
[2023.03.30-21.30.34:085][  0]LogConfig: Setting CVar [[r.PostProcessAAQuality:4]]
[2023.03.30-21.30.34:085][  0]LogConfig: Applying CVar settings from Section [ShadowQuality@3] File [../../../BattleGridMech/Game/Unreal 4.27/Saved/Config/Windows/Scalability.ini]
[2023.03.30-21.30.34:085][  0]LogConfig: Setting CVar [[r.LightFunctionQuality:1]]
[2023.03.30-21.30.34:085][  0]LogConfig: Setting CVar [[r.ShadowQuality:5]]
[2023.03.30-21.30.34:086][  0]LogConfig: Setting CVar [[r.Shadow.CSM.MaxCascades:10]]
[2023.03.30-21.30.34:086][  0]LogConfig: Setting CVar [[r.Shadow.MaxResolution:2048]]
[2023.03.30-21.30.34:086][  0]LogConfig: Setting CVar [[r.Shadow.MaxCSMResolution:2048]]
[2023.03.30-21.30.34:086][  0]LogConfig: Setting CVar [[r.Shadow.RadiusThreshold:0.01]]
[2023.03.30-21.30.34:086][  0]LogConfig: Setting CVar [[r.Shadow.DistanceScale:1.0]]
[2023.03.30-21.30.34:086][  0]LogConfig: Setting CVar [[r.Shadow.CSM.TransitionScale:1.0]]
[2023.03.30-21.30.34:086][  0]LogConfig: Setting CVar [[r.Shadow.PreShadowResolutionFactor:1.0]]
[2023.03.30-21.30.34:086][  0]LogConfig: Setting CVar [[r.DistanceFieldShadowing:1]]
[2023.03.30-21.30.34:086][  0]LogConfig: Setting CVar [[r.DistanceFieldAO:1]]
[2023.03.30-21.30.34:086][  0]LogConfig: Setting CVar [[r.AOQuality:2]]
[2023.03.30-21.30.34:086][  0]LogConfig: Setting CVar [[r.VolumetricFog:1]]
[2023.03.30-21.30.34:086][  0]LogConfig: Setting CVar [[r.VolumetricFog.GridPixelSize:8]]
[2023.03.30-21.30.34:086][  0]LogConfig: Setting CVar [[r.VolumetricFog.GridSizeZ:128]]
[2023.03.30-21.30.34:086][  0]LogConfig: Setting CVar [[r.VolumetricFog.HistoryMissSupersampleCount:4]]
[2023.03.30-21.30.34:086][  0]LogConfig: Setting CVar [[r.LightMaxDrawDistanceScale:1]]
[2023.03.30-21.30.34:086][  0]LogConfig: Setting CVar [[r.CapsuleShadows:1]]
[2023.03.30-21.30.34:086][  0]LogConfig: Applying CVar settings from Section [PostProcessQuality@3] File [../../../BattleGridMech/Game/Unreal 4.27/Saved/Config/Windows/Scalability.ini]
[2023.03.30-21.30.34:086][  0]LogConfig: Setting CVar [[r.MotionBlurQuality:4]]
[2023.03.30-21.30.34:086][  0]LogConfig: Setting CVar [[r.AmbientOcclusionMipLevelFactor:0.4]]
[2023.03.30-21.30.34:086][  0]LogConfig: Setting CVar [[r.AmbientOcclusionMaxQuality:100]]
[2023.03.30-21.30.34:086][  0]LogConfig: Setting CVar [[r.AmbientOcclusionLevels:-1]]
[2023.03.30-21.30.34:086][  0]LogConfig: Setting CVar [[r.AmbientOcclusionRadiusScale:1.0]]
[2023.03.30-21.30.34:086][  0]LogConfig: Setting CVar [[r.DepthOfFieldQuality:2]]
[2023.03.30-21.30.34:086][  0]LogConfig: Setting CVar [[r.RenderTargetPoolMin:400]]
[2023.03.30-21.30.34:086][  0]LogConfig: Setting CVar [[r.LensFlareQuality:2]]
[2023.03.30-21.30.34:086][  0]LogConfig: Setting CVar [[r.SceneColorFringeQuality:1]]
[2023.03.30-21.30.34:086][  0]LogConfig: Setting CVar [[r.EyeAdaptationQuality:2]]
[2023.03.30-21.30.34:086][  0]LogConfig: Setting CVar [[r.BloomQuality:5]]
[2023.03.30-21.30.34:086][  0]LogConfig: Setting CVar [[r.FastBlurThreshold:100]]
[2023.03.30-21.30.34:086][  0]LogConfig: Setting CVar [[r.Upscale.Quality:3]]
[2023.03.30-21.30.34:086][  0]LogConfig: Setting CVar [[r.Tonemapper.GrainQuantization:1]]
[2023.03.30-21.30.34:086][  0]LogConfig: Setting CVar [[r.LightShaftQuality:1]]
[2023.03.30-21.30.34:086][  0]LogConfig: Setting CVar [[r.Filter.SizeScale:1]]
[2023.03.30-21.30.34:086][  0]LogConfig: Setting CVar [[r.Tonemapper.Quality:5]]
[2023.03.30-21.30.34:086][  0]LogConfig: Setting CVar [[r.DOF.Gather.AccumulatorQuality:1        ; higher gathering accumulator quality]]
[2023.03.30-21.30.34:086][  0]LogConfig: Setting CVar [[r.DOF.Gather.PostfilterMethod:1          ; Median3x3 postfilering method]]
[2023.03.30-21.30.34:086][  0]LogConfig: Setting CVar [[r.DOF.Gather.EnableBokehSettings:0       ; no bokeh simulation when gathering]]
[2023.03.30-21.30.34:086][  0]LogConfig: Setting CVar [[r.DOF.Gather.RingCount:4                 ; medium number of samples when gathering]]
[2023.03.30-21.30.34:086][  0]LogConfig: Setting CVar [[r.DOF.Scatter.ForegroundCompositing:1    ; additive foreground scattering]]
[2023.03.30-21.30.34:086][  0]LogConfig: Setting CVar [[r.DOF.Scatter.BackgroundCompositing:2    ; additive background scattering]]
[2023.03.30-21.30.34:086][  0]LogConfig: Setting CVar [[r.DOF.Scatter.EnableBokehSettings:1      ; bokeh simulation when scattering]]
[2023.03.30-21.30.34:086][  0]LogConfig: Setting CVar [[r.DOF.Scatter.MaxSpriteRatio:0.1         ; only a maximum of 10% of scattered bokeh]]
[2023.03.30-21.30.34:086][  0]LogConfig: Setting CVar [[r.DOF.Recombine.Quality:1                ; cheap slight out of focus]]
[2023.03.30-21.30.34:086][  0]LogConfig: Setting CVar [[r.DOF.Recombine.EnableBokehSettings:0    ; no bokeh simulation on slight out of focus]]
[2023.03.30-21.30.34:086][  0]LogConfig: Setting CVar [[r.DOF.TemporalAAQuality:1                ; more stable temporal accumulation]]
[2023.03.30-21.30.34:086][  0]LogConfig: Setting CVar [[r.DOF.Kernel.MaxForegroundRadius:0.025]]
[2023.03.30-21.30.34:086][  0]LogConfig: Setting CVar [[r.DOF.Kernel.MaxBackgroundRadius:0.025]]
[2023.03.30-21.30.34:086][  0]LogConfig: Applying CVar settings from Section [TextureQuality@3] File [../../../BattleGridMech/Game/Unreal 4.27/Saved/Config/Windows/Scalability.ini]
[2023.03.30-21.30.34:086][  0]LogConfig: Setting CVar [[r.Streaming.MipBias:0]]
[2023.03.30-21.30.34:086][  0]LogConfig: Setting CVar [[r.Streaming.AmortizeCPUToGPUCopy:0]]
[2023.03.30-21.30.34:086][  0]LogConfig: Setting CVar [[r.Streaming.MaxNumTexturesToStreamPerFrame:0]]
[2023.03.30-21.30.34:086][  0]LogConfig: Setting CVar [[r.Streaming.Boost:1]]
[2023.03.30-21.30.34:086][  0]LogConfig: Setting CVar [[r.MaxAnisotropy:8]]
[2023.03.30-21.30.34:086][  0]LogConfig: Setting CVar [[r.VT.MaxAnisotropy:8]]
[2023.03.30-21.30.34:086][  0]LogConfig: Setting CVar [[r.Streaming.LimitPoolSizeToVRAM:0]]
[2023.03.30-21.30.34:086][  0]LogConfig: Setting CVar [[r.Streaming.PoolSize:1000]]
[2023.03.30-21.30.34:086][  0]LogConfig: Setting CVar [[r.Streaming.MaxEffectiveScreenSize:0]]
[2023.03.30-21.30.34:086][  0]LogConfig: Applying CVar settings from Section [EffectsQuality@3] File [../../../BattleGridMech/Game/Unreal 4.27/Saved/Config/Windows/Scalability.ini]
[2023.03.30-21.30.34:086][  0]LogConfig: Setting CVar [[r.TranslucencyLightingVolumeDim:64]]
[2023.03.30-21.30.34:086][  0]LogConfig: Setting CVar [[r.RefractionQuality:2]]
[2023.03.30-21.30.34:086][  0]LogConfig: Setting CVar [[r.SSR.Quality:3]]
[2023.03.30-21.30.34:086][  0]LogConfig: Setting CVar [[r.SSR.HalfResSceneColor:0]]
[2023.03.30-21.30.34:086][  0]LogConfig: Setting CVar [[r.SceneColorFormat:4]]
[2023.03.30-21.30.34:086][  0]LogConfig: Setting CVar [[r.DetailMode:2]]
[2023.03.30-21.30.34:086][  0]LogConfig: Setting CVar [[r.TranslucencyVolumeBlur:1]]
[2023.03.30-21.30.34:086][  0]LogConfig: Setting CVar [[r.MaterialQualityLevel:1 ; High quality]]
[2023.03.30-21.30.34:086][  0]LogConfig: Setting CVar [[r.AnisotropicMaterials:1]]
[2023.03.30-21.30.34:086][  0]LogConfig: Setting CVar [[r.SSS.Scale:1]]
[2023.03.30-21.30.34:086][  0]LogConfig: Setting CVar [[r.SSS.SampleSet:2]]
[2023.03.30-21.30.34:086][  0]LogConfig: Setting CVar [[r.SSS.Quality:1]]
[2023.03.30-21.30.34:086][  0]LogConfig: Setting CVar [[r.SSS.HalfRes:0]]
[2023.03.30-21.30.34:086][  0]LogConfig: Setting CVar [[r.SSGI.Quality:3]]
[2023.03.30-21.30.34:086][  0]LogConfig: Setting CVar [[r.EmitterSpawnRateScale:1.0]]
[2023.03.30-21.30.34:086][  0]LogConfig: Setting CVar [[r.ParticleLightQuality:2]]
[2023.03.30-21.30.34:086][  0]LogConfig: Setting CVar [[r.SkyAtmosphere.AerialPerspectiveLUT.FastApplyOnOpaque:1 ; Always have FastSkyLUT 1 in this case to avoid wrong sky]]
[2023.03.30-21.30.34:086][  0]LogConfig: Setting CVar [[r.SkyAtmosphere.AerialPerspectiveLUT.SampleCountMaxPerSlice:4]]
[2023.03.30-21.30.34:086][  0]LogConfig: Setting CVar [[r.SkyAtmosphere.AerialPerspectiveLUT.DepthResolution:16.0]]
[2023.03.30-21.30.34:086][  0]LogConfig: Setting CVar [[r.SkyAtmosphere.FastSkyLUT:1]]
[2023.03.30-21.30.34:086][  0]LogConfig: Setting CVar [[r.SkyAtmosphere.FastSkyLUT.SampleCountMin:4.0]]
[2023.03.30-21.30.34:086][  0]LogConfig: Setting CVar [[r.SkyAtmosphere.FastSkyLUT.SampleCountMax:128.0]]
[2023.03.30-21.30.34:086][  0]LogConfig: Setting CVar [[r.SkyAtmosphere.SampleCountMin:4.0]]
[2023.03.30-21.30.34:086][  0]LogConfig: Setting CVar [[r.SkyAtmosphere.SampleCountMax:128.0]]
[2023.03.30-21.30.34:086][  0]LogConfig: Setting CVar [[r.SkyAtmosphere.TransmittanceLUT.UseSmallFormat:0]]
[2023.03.30-21.30.34:086][  0]LogConfig: Setting CVar [[r.SkyAtmosphere.TransmittanceLUT.SampleCount:10.0]]
[2023.03.30-21.30.34:086][  0]LogConfig: Setting CVar [[r.SkyAtmosphere.MultiScatteringLUT.SampleCount:15.0]]
[2023.03.30-21.30.34:086][  0]LogConfig: Setting CVar [[r.SkyLight.RealTimeReflectionCapture:1]]
[2023.03.30-21.30.34:086][  0]LogConfig: Applying CVar settings from Section [FoliageQuality@3] File [../../../BattleGridMech/Game/Unreal 4.27/Saved/Config/Windows/Scalability.ini]
[2023.03.30-21.30.34:086][  0]LogConfig: Setting CVar [[foliage.DensityScale:1.0]]
[2023.03.30-21.30.34:086][  0]LogConfig: Setting CVar [[grass.DensityScale:1.0]]
[2023.03.30-21.30.34:086][  0]LogConfig: Applying CVar settings from Section [ShadingQuality@3] File [../../../BattleGridMech/Game/Unreal 4.27/Saved/Config/Windows/Scalability.ini]
[2023.03.30-21.30.34:086][  0]LogConfig: Setting CVar [[r.HairStrands.SkyLighting.IntegrationType:2]]
[2023.03.30-21.30.34:086][  0]LogConfig: Setting CVar [[r.HairStrands.SkyAO.SampleCount:4]]
[2023.03.30-21.30.34:086][  0]LogConfig: Setting CVar [[r.HairStrands.Visibility.MSAA.SamplePerPixel:4]]
[2023.03.30-21.30.34:086][  0]LogConfig: Applying CVar settings from Section [Startup] File [../../../Engine/Config/ConsoleVariables.ini]
[2023.03.30-21.30.34:086][  0]LogConfig: Setting CVar [[net.UseAdaptiveNetUpdateFrequency:0]]
[2023.03.30-21.30.34:086][  0]LogConfig: Setting CVar [[p.chaos.AllowCreatePhysxBodies:1]]
[2023.03.30-21.30.34:086][  0]LogConfig: Setting CVar [[fx.SkipVectorVMBackendOptimizations:1]]
[2023.03.30-21.30.34:086][  0]LogConfig: Applying CVar settings from Section [ConsoleVariables] File [../../../BattleGridMech/Game/Unreal 4.27/Saved/Config/Windows/Engine.ini]
[2023.03.30-21.30.34:086][  0]LogConfig: Applying CVar settings from Section [ConsoleVariables] File [../../../BattleGridMech/Game/Unreal 4.27/Saved/Config/Windows/Editor.ini]
[2023.03.30-21.30.34:087][  0]LogInit: Computer: DESKTOP-ID3KDQ6
[2023.03.30-21.30.34:087][  0]LogInit: User: rulen
[2023.03.30-21.30.34:087][  0]LogInit: CPU Page size=4096, Cores=6
[2023.03.30-21.30.34:087][  0]LogInit: High frequency timer resolution =10.000000 MHz
[2023.03.30-21.30.34:087][  0]LogMemory: Memory total: Physical=15.4GB (16GB approx)
[2023.03.30-21.30.34:087][  0]LogMemory: Platform Memory Stats for Windows
[2023.03.30-21.30.34:087][  0]LogMemory: Process Physical Memory: 144.76 MB used, 144.77 MB peak
[2023.03.30-21.30.34:087][  0]LogMemory: Process Virtual Memory: 127.70 MB used, 127.70 MB peak
[2023.03.30-21.30.34:087][  0]LogMemory: Physical Memory: 9540.88 MB used,  6179.02 MB free, 15719.89 MB total
[2023.03.30-21.30.34:087][  0]LogMemory: Virtual Memory: 134213336.00 MB used,  4392.96 MB free, 134217728.00 MB total
[2023.03.30-21.30.34:091][  0]LogWindows: WindowsPlatformFeatures enabled
[2023.03.30-21.30.34:109][  0]LogInit: Physics initialised using underlying interface: PhysX
[2023.03.30-21.30.34:110][  0]LogInit: Using OS detected language (en-US).
[2023.03.30-21.30.34:110][  0]LogInit: Using OS detected locale (en-US).
[2023.03.30-21.30.34:112][  0]LogTextLocalizationManager: No specific localization for 'en-US' exists, so the 'en' localization will be used.
[2023.03.30-21.30.34:341][  0]LogWindowsTextInputMethodSystem: Display: IME system deactivated.
[2023.03.30-21.30.34:362][  0]LogSlate: New Slate User Created.  User Index 0, Is Virtual User: 0
[2023.03.30-21.30.34:362][  0]LogSlate: Slate User Registered.  User Index 0, Is Virtual User: 0
[2023.03.30-21.30.34:372][  0]LogD3D11RHI: Loaded GFSDK_Aftermath_Lib.x64.dll
[2023.03.30-21.30.34:374][  0]LogHMD: Failed to initialize OpenVR with code 110
[2023.03.30-21.30.34:374][  0]LogD3D11RHI: D3D11 min allowed feature level: 11_0
[2023.03.30-21.30.34:374][  0]LogD3D11RHI: D3D11 max allowed feature level: 11_0
[2023.03.30-21.30.34:374][  0]LogD3D11RHI: D3D11 adapters:
[2023.03.30-21.30.34:406][  0]LogD3D11RHI:    0. 'AMD Radeon(TM) Graphics' (Feature Level 11_0)
[2023.03.30-21.30.34:406][  0]LogD3D11RHI:       496/0/7859 MB DedicatedVideo/DedicatedSystem/SharedSystem, Outputs:1, VendorId:0x1002
[2023.03.30-21.30.34:408][  0]LogD3D11RHI:    1. 'Microsoft Basic Render Driver' (Feature Level 11_0)
[2023.03.30-21.30.34:408][  0]LogD3D11RHI:       0/0/7859 MB DedicatedVideo/DedicatedSystem/SharedSystem, Outputs:0, VendorId:0x1414
[2023.03.30-21.30.34:408][  0]LogD3D11RHI: Chosen D3D11 Adapter:
[2023.03.30-21.30.34:408][  0]LogD3D11RHI:     Description : AMD Radeon(TM) Graphics
[2023.03.30-21.30.34:408][  0]LogD3D11RHI:     VendorId    : 1002
[2023.03.30-21.30.34:408][  0]LogD3D11RHI:     DeviceId    : 1638
[2023.03.30-21.30.34:408][  0]LogD3D11RHI:     SubSysId    : d0001458
[2023.03.30-21.30.34:408][  0]LogD3D11RHI:     Revision    : 00c9
[2023.03.30-21.30.34:408][  0]LogD3D11RHI:     DedicatedVideoMemory : 520273920 bytes
[2023.03.30-21.30.34:408][  0]LogD3D11RHI:     DedicatedSystemMemory : 0 bytes
[2023.03.30-21.30.34:408][  0]LogD3D11RHI:     SharedSystemMemory : 8241752064 bytes
[2023.03.30-21.30.34:408][  0]LogD3D11RHI:     AdapterLuid : 0 39674
[2023.03.30-21.30.34:413][  0]LogD3D11RHI: Creating new Direct3DDevice
[2023.03.30-21.30.34:413][  0]LogD3D11RHI:     GPU DeviceId: 0x1638 (for the marketing name, search the web for "GPU Device Id")
[2023.03.30-21.30.34:413][  0]LogWindows: EnumDisplayDevices:
[2023.03.30-21.30.34:413][  0]LogWindows:    0. 'AMD Radeon(TM) Graphics' (P:1 D:1)
[2023.03.30-21.30.34:413][  0]LogWindows:    1. 'AMD Radeon(TM) Graphics' (P:0 D:0)
[2023.03.30-21.30.34:414][  0]LogWindows:    2. 'AMD Radeon(TM) Graphics' (P:0 D:0)
[2023.03.30-21.30.34:414][  0]LogWindows: DebugString: FoundDriverCount:3 
[2023.03.30-21.30.34:414][  0]LogD3D11RHI:     Adapter Name: AMD Radeon(TM) Graphics
[2023.03.30-21.30.34:414][  0]LogD3D11RHI:   Driver Version: Adrenalin 21.30.14 (internal:30.0.13014.8, unified:30.0.13014.8)
[2023.03.30-21.30.34:414][  0]LogD3D11RHI:      Driver Date: 8-26-2021
[2023.03.30-21.30.34:414][  0]LogRHI: Texture pool is 5377 MB (70% of 7682 MB)
[2023.03.30-21.30.34:419][  0]LogD3D11RHI: Creating D3DDevice with AMD AGS, using adapter:
[2023.03.30-21.30.34:419][  0]LogD3D11RHI:     Description : AMD Radeon(TM) Graphics
[2023.03.30-21.30.34:419][  0]LogD3D11RHI:     VendorId    : 1002
[2023.03.30-21.30.34:419][  0]LogD3D11RHI:     DeviceId    : 1638
[2023.03.30-21.30.34:419][  0]LogD3D11RHI:     SubSysId    : d0001458
[2023.03.30-21.30.34:419][  0]LogD3D11RHI:     Revision    : 00c9
[2023.03.30-21.30.34:419][  0]LogD3D11RHI:     DedicatedVideoMemory : 520273920 bytes
[2023.03.30-21.30.34:419][  0]LogD3D11RHI:     DedicatedSystemMemory : 0 bytes
[2023.03.30-21.30.34:419][  0]LogD3D11RHI:     SharedSystemMemory : 8241752064 bytes
[2023.03.30-21.30.34:419][  0]LogD3D11RHI:     AdapterLuid : 0 39674
[2023.03.30-21.30.34:445][  0]LogD3D11RHI: Created device via AGS, feature level 11_0, supported extensions 1fffffbf.
[2023.03.30-21.30.34:445][  0]LogD3D11RHI: RHI has support for 64 bit atomics
[2023.03.30-21.30.34:445][  0]LogD3D11RHI: Async texture creation enabled
[2023.03.30-21.30.34:445][  0]LogD3D11RHI: Array index from any shader is supported
[2023.03.30-21.30.34:456][  0]LogD3D11RHI: GPU Timing Frequency: 100.000000 (Debug: 2 1)
[2023.03.30-21.30.34:666][  0]LogTargetPlatformManager: Display: Loaded TargetPlatform 'WindowsNoEditor'
[2023.03.30-21.30.34:669][  0]LogTargetPlatformManager: Display: Loaded TargetPlatform 'Windows'
[2023.03.30-21.30.34:672][  0]LogTargetPlatformManager: Display: Loaded TargetPlatform 'WindowsClient'
[2023.03.30-21.30.34:675][  0]LogTargetPlatformManager: Display: Loaded TargetPlatform 'WindowsServer'
[2023.03.30-21.30.34:676][  0]LogTargetPlatformManager: Display: Building Assets For Windows
[2023.03.30-21.30.34:680][  0]LogAudioDebug: Display: Lib vorbis DLL was dynamically loaded.
[2023.03.30-21.30.34:702][  0]LogTextureFormatOodle: Display: Oodle Texture 2.9.0 init RDO Off
[2023.03.30-21.30.34:723][  0]LogRendererCore: Ray tracing is disabled. Reason: r.RayTracing=0.
[2023.03.30-21.30.34:723][  0]LogShaderCompilers: Guid format shader working directory is 5 characters bigger than the processId version (../../../BattleGridMech/Game/Unreal 4.27/Intermediate/Shaders/WorkingDirectory/12404/).
[2023.03.30-21.30.34:723][  0]LogShaderCompilers: Cleaned the shader compiler working directory 'C:/Users/rulen/AppData/Local/Temp/UnrealShaderWorkingDir/DBAC42F7403CBEF25D464B946B3AB54B/'.
[2023.03.30-21.30.34:723][  0]LogXGEController: Cannot use XGE Controller as Incredibuild is not installed on this machine.
[2023.03.30-21.30.34:724][  0]LogShaderCompilers: Cannot use XGE Shader Compiler as Incredibuild is not installed on this machine.
[2023.03.30-21.30.34:724][  0]LogShaderCompilers: Display: Using Local Shader Compiler.
[2023.03.30-21.30.35:285][  0]LogDerivedDataCache: Display: Max Cache Size: 512 MB
[2023.03.30-21.30.35:333][  0]LogDerivedDataCache: Loaded boot cache 0.05s 94MB C:/Users/rulen/AppData/Local/UnrealEngine/4.27/DerivedDataCache/Boot.ddc.
[2023.03.30-21.30.35:333][  0]LogDerivedDataCache: Display: Loaded Boot cache: C:/Users/rulen/AppData/Local/UnrealEngine/4.27/DerivedDataCache/Boot.ddc
[2023.03.30-21.30.35:333][  0]LogDerivedDataCache: FDerivedDataBackendGraph:  Pak pak cache file ../../../BattleGridMech/Game/Unreal 4.27/DerivedDataCache/DDC.ddp not found, will not use a pak cache.
[2023.03.30-21.30.35:333][  0]LogDerivedDataCache: Unable to find inner node Pak for hierarchical cache Hierarchy.
[2023.03.30-21.30.35:333][  0]LogDerivedDataCache: FDerivedDataBackendGraph:  CompressedPak pak cache file ../../../BattleGridMech/Game/Unreal 4.27/DerivedDataCache/Compressed.ddp not found, will not use a pak cache.
[2023.03.30-21.30.35:333][  0]LogDerivedDataCache: Unable to find inner node CompressedPak for hierarchical cache Hierarchy.
[2023.03.30-21.30.35:348][  0]LogDerivedDataCache: Display: Pak cache opened for reading ../../../Engine/DerivedDataCache/Compressed.ddp.
[2023.03.30-21.30.35:348][  0]LogDerivedDataCache: FDerivedDataBackendGraph:  EnterprisePak pak cache file ../../../Enterprise/DerivedDataCache/Compressed.ddp not found, will not use a pak cache.
[2023.03.30-21.30.35:348][  0]LogDerivedDataCache: Unable to find inner node EnterprisePak for hierarchical cache Hierarchy.
[2023.03.30-21.30.35:354][  0]LogDerivedDataCache: Speed tests for C:/Users/rulen/AppData/Local/UnrealEngine/Common/DerivedDataCache took 0.01 seconds
[2023.03.30-21.30.35:354][  0]LogDerivedDataCache: Display: Performance to C:/Users/rulen/AppData/Local/UnrealEngine/Common/DerivedDataCache: Latency=0.03ms. RandomReadSpeed=1030.24MBs, RandomWriteSpeed=198.87MBs. Assigned SpeedClass 'Local'
[2023.03.30-21.30.35:355][  0]LogDerivedDataCache: Using Local data cache path C:/Users/rulen/AppData/Local/UnrealEngine/Common/DerivedDataCache: Writable
[2023.03.30-21.30.35:355][  0]LogDerivedDataCache: Shared data cache path not found in *engine.ini, will not use an Shared cache.
[2023.03.30-21.30.35:355][  0]LogDerivedDataCache: Unable to find inner node Shared for hierarchical cache Hierarchy.
[2023.03.30-21.30.35:382][  0]LogSlate: Using FreeType 2.10.0
[2023.03.30-21.30.35:383][  0]LogSlate: SlateFontServices - WITH_FREETYPE: 1, WITH_HARFBUZZ: 1
[2023.03.30-21.30.35:451][  0]LogInit: Using OS detected language (en-US).
[2023.03.30-21.30.35:451][  0]LogInit: Using OS detected locale (en-US).
[2023.03.30-21.30.35:451][  0]LogTextLocalizationManager: No localization for 'en-US' exists, so 'en' will be used for the language.
[2023.03.30-21.30.35:451][  0]LogTextLocalizationManager: No localization for 'en-US' exists, so 'en' will be used for the locale.
[2023.03.30-21.30.35:451][  0]LogSlate: FontCache flush requested. Reason: Culture for localization was changed
[2023.03.30-21.30.35:451][  0]LogSlate: FontCache flush requested. Reason: Culture for localization was changed
[2023.03.30-21.30.35:453][  0]LogTextLocalizationManager: Compacting localization data took   0.00ms
[2023.03.30-21.30.35:453][  0]LogAssetRegistry: FAssetRegistry took 0.0014 seconds to start up
[2023.03.30-21.30.35:594][  0]LogPackageLocalizationCache: Processed 27 localized package path(s) for 1 prioritized culture(s) in 0.000896 seconds
[2023.03.30-21.30.35:643][  0]LogInit: Selected Device Profile: [Windows]
[2023.03.30-21.30.35:644][  0]LogInit: Active device profile: [0000020633E4DE00][000002062654E540 49] Windows
[2023.03.30-21.30.35:644][  0]LogInit: Profiles: [0000020633E4DE00][000002062654E540 49] Windows, [0000020633E06000][00000206265566C0 49] WindowsNoEditor, [0000020633E4E200][000002062655A840 49] WindowsServer, [0000020633E04500][000002062655E9C0 49] WindowsClient, [0000020633E4C700][0000020626562B40 49] IOS, [0000020633E06900][0000020626566CC0 49] iPadAir, [0000020633E4ED00][000002062656AE40 49] iPadAir2, [0000020633DB6000][00000206268B3100 49] IPadPro, [0000020633DB6100][00000206268AF140 49] iPadAir3, [0000020633E4D500][00000206268B72C0 49] iPadAir4, [0000020633DB7800][0000020626553400 49] iPadMini2, [0000020633E4F800][00000206268BB540 49] iPadMini3, [0000020633DB5700][00000206268BF680 49] iPadMini4, [0000020633E4CC00][00000206268C7800 49] iPadMini5, [0000020633DF9300][00000206268CFAC0 49] iPhone6, [0000020633DF9400][00000206268CBB00 49] iPodTouch6, [0000020633E05900][00000206268D6240 49] iPhone7, [0000020633E06C00][00000206268D2280 49] iPodTouch7, [0000020633DB7200][00000206268DA400 49] iPhone5S, [0000020633E04900][00000206268DE580 49] iPhone6Plus, [0000020633DB5F00][00000206268E2700 49] iPhone6S, [0000020633E07200][00000206268E6880 49] iPhone6SPlus, [0000020633DB6200][00000206268EAA00 49] iPhone7Plus, [0000020633DB5600][00000206268EEB80 49] iPhoneSE, [0000020633DF9900][00000206268F2D00 49] iPhone8, [0000020633DB5D00][00000206268F6E80 49] iPhone8Plus, [0000020633DFB200][00000206268FB000 49] iPhoneX, [0000020633DB6C00][00000206268FF180 49] iPhoneXS, [0000020633DFB100][0000020626903300 49] iPhoneXSMax, [0000020633DF8B00][0000020626907480 49] iPhoneXR, [0000020633E05200][00000206268C35C0 49] iPhone11, [0000020633DFB700][000002062690B700 49] iPhone11Pro, [0000020633DB6700][000002062690F840 49] iPhone11ProMax, [0000020633DFA200][00000206269179C0 49] iPhoneSE2, [0000020633DB6300][000002062691BB40 49] iPhone12Mini, [0000020633DF8300][000002062DE58140 49] iPhone12, [0000020633DB6E00][000002062DE5C2C0 49] iPhone12Pro, [0000020633DFA600][000002062DE60440 49] iPhone12ProMax, [0000020633DB7300][000002062DE645C0 49] iPadPro105, [0000020633DF8E00][000002062DE68740 49] iPadPro129, [0000020633DB6600][000002062DE6C8C0 49] iPadPro97, [0000020633DFB900][000002062DE70A40 49] iPadPro2_129, [0000020633DB5E00][000002062DE74BC0 49] iPad5, [0000020633DFA000][000002062DE78D40 49] iPad6, [0000020633DB5000][000002062DE7CEC0 49] iPad7, [0000020633DF8900][000002062DE81040 49] iPad8, [0000020633DB7900][000002062DE851C0 49] iPadPro11, [0000020633DF9500][000002062DE89340 49] iPadPro2_11, [0000020633DB7500][000002062DE8D4C0 49] iPadPro3_129, [0000020633DF8A00][000002062DE91640 49] iPadPro4_129, [0000020633DB4E00][0000020626913780 49] AppleTV, [0000020633DF9700][000002062DE958C0 49] AppleTV4K, [0000020633DB7D00][000002062DE99A00 49] TVOS, [0000020633DF9000][000002062DE9DB40 49] Mac, [0000020633DB7600][000002062DEA4140 49] MacClient, [0000020633DFBD00][000002062DEA82C0 49] MacNoEditor, [0000020633DB4900][000002062DEAC440 49] MacServer, [0000020633DFA500][000002062DEB05C0 49] Linux, [0000020633DB6D00][000002062DEB4740 49] LinuxAArch64, [0000020633DFAC00][000002062DEB88C0 49] LinuxNoEditor, [0000020633DB6800][000002062DEBCA40 49] LinuxAArch64NoEditor, [0000020633DF9800][000002062DEC0BC0 49] LinuxClient, [0000020633DB4200][000002062DEC4D40 49] LinuxAArch64Client, [0000020633DFB300][000002062DEC8EC0 49] LinuxServer, [0000020633DB6900][000002062DECD040 49] LinuxAArch64Server, [0000020633DF9C00][000002062DED11C0 49] Android, [0000020633DB5B00][000002062DED5340 49] Android_Low, [0000020633DF8200][000002062DED94C0 49] Android_Mid, [0000020633DB4300][000002062DEDD640 49] Android_High, [0000020633DFB400][000002062DEE1800 49] Android_Default, [0000020633DB5100][000002062DEA1940 49] Android_Adreno4xx, [0000020633DFB600][000002062DEE5A80 49] Android_Adreno5xx_Low, [0000020633DB5900][000002062DEE9BC0 49] Android_Adreno5xx, [0000020633DF9F00][000002062DEEC180 49] Android_Adreno6xx, [0000020633DB7A00][000002062DEF4300 49] Android_Adreno6xx_Vulkan, [0000020633DF8F00][000002062DEF8480 49] Android_Mali_T6xx, [0000020633DB6B00][000002062DEFC600 49] Android_Mali_T7xx, [0000020633DF9100][000002062DF00780 49] Android_Mali_T8xx, [0000020633E07D00][000002062DF04900 49] Android_Mali_G71, [0000020633E4D700][000002062DF08A80 49] Android_Mali_G72, [0000020633E04200][000002062DF0CC00 49] Android_Mali_G72_Vulkan, [0000020633E4C800][000002062DF10D80 49] Android_Mali_G76, [0000020633E07900][000002062DF14F00 49] Android_Mali_G76_Vulkan, [0000020633E4CA00][000002062DF19080 49] Android_Mali_G77, [0000020633E04D00][000002062DF1D200 49] Android_Mali_G77_Vulkan, [0000020633E4DF00][000002062DF21380 49] Android_Mali_G78, [0000020633E04600][000002062DF25500 49] Android_Mali_G78_Vulkan, [0000020633E4E300][000002062DF29680 49] Android_Mali_G710, [0000020633E07C00][000002062DF2D800 49] Android_Mali_G710_Vulkan, [0000020633E4C200][000002062DF31980 49] Android_Vulkan_SM5, [0000020633E05100][000002062DEF1AC0 49] Android_PowerVR_G6xxx, [0000020633E4F600][000002062DF35C00 49] Android_PowerVR_GT7xxx, [0000020633E07400][000002062DF381C0 49] Android_PowerVR_GE8xxx, [0000020633E4DB00][000002062DF3C300 49] Android_PowerVR_GM9xxx, [0000020633E05700][000002062DF44480 49] Android_PowerVR_GM9xxx_Vulkan, [0000020633E4D900][000002062DF48600 49] Android_TegraK1, [0000020633E07E00][000002062DF4C780 49] Android_Unknown_Vulkan, [0000020633E4DA00][000002062DF50900 49] Lumin, [0000020633E04F00][000002062DF54A80 49] Lumin_Desktop, [0000020633E4F900][000002062DF58C00 49] HoloLens, 
[2023.03.30-21.30.35:673][  0]LogMeshReduction: Using QuadricMeshReduction for automatic static mesh reduction
[2023.03.30-21.30.35:673][  0]LogMeshReduction: Using SimplygonMeshReduction for automatic skeletal mesh reduction
[2023.03.30-21.30.35:673][  0]LogMeshReduction: Using ProxyLODMeshReduction for automatic mesh merging
[2023.03.30-21.30.35:673][  0]LogMeshReduction: No distributed automatic mesh merging module available
[2023.03.30-21.30.35:673][  0]LogMeshMerging: No distributed automatic mesh merging module available
[2023.03.30-21.30.35:746][  0]LogNetVersion: BattleGridMech 1.0.0, NetCL: 17155196, EngineNetVer: 17, GameNetVer: 0 (Checksum: 3792557966)
[2023.03.30-21.30.35:910][  0]LogTexture: Default maximum texture size for cubemaps generated from long-lat sources has been changed from 512 to unlimited. In order to preserve old behaiour for '/Engine/MapTemplates/Sky/DaylightAmbientCubemap.DaylightAmbientCubemap', its maximum texture size has been explicitly set to 512.
[2023.03.30-21.30.35:953][  0]LogHMD: PokeAHoleMaterial loaded successfully
[2023.03.30-21.30.36:027][  0]LogMoviePlayer: Initializing movie player
[2023.03.30-21.30.36:123][  0]LogNiagaraDebuggerClient: Niagara Debugger Client Initialized | Session: E77834B74192C231591ABAB710FBA937 | Instance: 0BB44F2F431D20A41EE45698E0816997 (DESKTOP-ID3KDQ6-12404).
[2023.03.30-21.30.36:139][  0]LogCollectionManager: Loaded 0 collections in 0.001269 seconds
[2023.03.30-21.30.36:140][  0]LogFileCache: Scanning file cache for directory 'C:/Program Files/Epic Games/UE_4.27/BattleGridMech/Game/Unreal 4.27/Saved/Collections/' took 0.00s
[2023.03.30-21.30.36:140][  0]LogFileCache: Scanning file cache for directory 'C:/Program Files/Epic Games/UE_4.27/BattleGridMech/Game/Unreal 4.27/Content/Developers/rulen/Collections/' took 0.00s
[2023.03.30-21.30.36:140][  0]LogFileCache: Scanning file cache for directory 'C:/Program Files/Epic Games/UE_4.27/BattleGridMech/Game/Unreal 4.27/Content/Collections/' took 0.00s
[2023.03.30-21.30.36:140][  0]LogCollectionManager: Fixed up redirectors for 0 collections in 0.000001 seconds (updated 0 objects)
[2023.03.30-21.30.36:154][  0]LogPython: Using Python 3.7.7
[2023.03.30-21.30.36:553][  0]LogTcpMessaging: Initializing TcpMessaging bridge
[2023.03.30-21.30.36:555][  0]LogUdpMessaging: Initializing bridge on interface 0.0.0.0:0 to multicast group 230.0.0.1:6666.
[2023.03.30-21.30.36:621][  0]SourceControl: Source control is disabled
[2023.03.30-21.30.36:621][  0]SourceControl: Source control is disabled
[2023.03.30-21.30.36:623][  0]SourceControl: Source control is disabled
[2023.03.30-21.30.36:624][  0]LogUProjectInfo: Found projects:
[2023.03.30-21.30.36:682][  0]LogOpenImageDenoise: OIDN starting up
[2023.03.30-21.30.36:706][  0]LogAndroidPermission: UAndroidPermissionCallbackProxy::GetInstance
[2023.03.30-21.30.36:720][  0]LogAudioCaptureCore: Display: No Audio Capture implementations found. Audio input will be silent.
[2023.03.30-21.30.36:720][  0]LogAudioCaptureCore: Display: No Audio Capture implementations found. Audio input will be silent.
[2023.03.30-21.30.36:771][  0]LogOcInput: OculusInput pre-init called
[2023.03.30-21.30.36:778][  0]LogUObjectArray: 22144 objects as part of root set at end of initial load.
[2023.03.30-21.30.36:778][  0]LogUObjectAllocator: 5989984 out of 0 bytes used by permanent object pool.
[2023.03.30-21.30.36:778][  0]LogUObjectArray: CloseDisregardForGC: 0/0 objects in disregard for GC pool
[2023.03.30-21.30.36:815][  0]LogEngine: Initializing Engine...
[2023.03.30-21.30.36:817][  0]LogHMD: Failed to enumerate extensions. Please check that you have a valid OpenXR runtime installed.
[2023.03.30-21.30.36:817][  0]LogHMD: Failed to initialize OpenVR with code 110
[2023.03.30-21.30.36:817][  0]LogMagicLeap: Warning: VR disabled because ZI is not enabled.  To enable, in the editor, Edit -> Project Settings -> Plugins -> Magic Leap Plugin -> Enable Zero Iteration
[2023.03.30-21.30.36:819][  0]LogStats: UGameplayTagsManager::InitializeManager -  0.000 s
[2023.03.30-21.30.36:888][  0]LogInit: Initializing FReadOnlyCVARCache
[2023.03.30-21.30.36:889][  0]LogAudio: Display: Initializing Audio Device Manager...
[2023.03.30-21.30.36:891][  0]LogAudio: Display: Loading Default Audio Settings Objects...
[2023.03.30-21.30.36:892][  0]LogAudio: Display: No default SoundConcurrencyObject specified (or failed to load).
[2023.03.30-21.30.36:892][  0]LogAudio: Display: Audio Device Manager Initialized
[2023.03.30-21.30.36:892][  0]LogAudio: Display: Creating Audio Device:                 Id: 1, Scope: Shared, Realtime: True
[2023.03.30-21.30.36:892][  0]LogAudioMixer: Display: Audio Mixer Platform Settings:
[2023.03.30-21.30.36:892][  0]LogAudioMixer: Display: 	Sample Rate:						  48000
[2023.03.30-21.30.36:892][  0]LogAudioMixer: Display: 	Callback Buffer Frame Size Requested: 1024
[2023.03.30-21.30.36:892][  0]LogAudioMixer: Display: 	Callback Buffer Frame Size To Use:	  1024
[2023.03.30-21.30.36:892][  0]LogAudioMixer: Display: 	Number of buffers to queue:			  2
[2023.03.30-21.30.36:892][  0]LogAudioMixer: Display: 	Max Channels (voices):				  32
[2023.03.30-21.30.36:892][  0]LogAudioMixer: Display: 	Number of Async Source Workers:		  0
[2023.03.30-21.30.36:892][  0]LogAudio: Display: AudioDevice MaxSources: 32
[2023.03.30-21.30.36:892][  0]LogAudio: Display: Audio Spatialization Plugin: None (built-in).
[2023.03.30-21.30.36:892][  0]LogAudio: Display: Audio Reverb Plugin: None (built-in).
[2023.03.30-21.30.36:892][  0]LogAudio: Display: Audio Occlusion Plugin: None (built-in).
[2023.03.30-21.30.36:892][  0]LogAudioMixer: Display: Initializing audio mixer.
[2023.03.30-21.30.36:900][  0]LogAudioMixer: Display: 0: FrontLeft
[2023.03.30-21.30.36:900][  0]LogAudioMixer: Display: 1: FrontRight
[2023.03.30-21.30.36:910][  0]LogAudioMixer: Display: Using Audio Device Headphones (High Definition Audio Device)
[2023.03.30-21.30.36:911][  0]LogAudioMixer: Display: Initializing Sound Submixes...
[2023.03.30-21.30.36:912][  0]LogAudioMixer: Display: Creating Master Submix 'MasterSubmixDefault'
[2023.03.30-21.30.36:912][  0]LogAudioMixer: Display: Creating Master Submix 'MasterReverbSubmixDefault'
[2023.03.30-21.30.36:913][  0]LogAudioMixer: Display: Creating Master Submix 'MasterEQSubmixDefault'
[2023.03.30-21.30.36:913][  0]LogAudioMixer: FMixerPlatformXAudio2::StartAudioStream() called
[2023.03.30-21.30.36:913][  0]LogAudioMixer: Display: Output buffers initialized: Frames=1024, Channels=2, Samples=2048
[2023.03.30-21.30.36:914][  0]LogAudioMixer: Display: Starting AudioMixerPlatformInterface::RunInternal()
[2023.03.30-21.30.36:914][  0]LogAudioMixer: Display: FMixerPlatformXAudio2::SubmitBuffer() called for the first time
[2023.03.30-21.30.36:914][  0]LogInit: FAudioDevice initialized.
[2023.03.30-21.30.36:915][  0]LogNetVersion: Set ProjectVersion to 1.0.0.0. Version Checksum will be recalculated on next use.
[2023.03.30-21.30.36:916][  0]LogInit: Texture streaming: Enabled
[2023.03.30-21.30.36:965][  0]LogAudio: Display: Audio Device (ID: 1) registered with world 'Untitled'.
[2023.03.30-21.30.36:965][  0]LogSlate: Updating window title bar state: overlay mode, drag disabled, window buttons hidden, title bar hidden
[2023.03.30-21.30.36:965][  0]LogInit: Display: Game Engine Initialized.
[2023.03.30-21.30.36:965][  0]LogNiagaraEditor: GEditor isn't valid! Particle reset commands will not work for Niagara components!
[2023.03.30-21.30.37:048][  0]LogInit: Display: Starting Game.
[2023.03.30-21.30.37:048][  0]LogNet: Browse: /Game/BattleGridMech/Maps/L_Entry?Name=Player
[2023.03.30-21.30.37:048][  0]LogLoad: LoadMap: /Game/BattleGridMech/Maps/L_Entry?Name=Player
[2023.03.30-21.30.37:048][  0]LogWorld: BeginTearingDown for /Temp/Untitled_0
[2023.03.30-21.30.37:049][  0]LogWorld: UWorld::CleanupWorld for Untitled, bSessionEnded=true, bCleanupResources=true
[2023.03.30-21.30.37:049][  0]LogSlate: InvalidateAllWidgets triggered.  All widgets were invalidated
[2023.03.30-21.30.37:055][  0]LogAudio: Display: Audio Device unregistered from world 'None'.
[2023.03.30-21.30.37:057][  0]LogUObjectHash: Compacting FUObjectHashTables data took   0.63ms
[2023.03.30-21.30.37:074][  0]LogAudio: Display: Audio Device (ID: 1) registered with world 'L_Entry'.
[2023.03.30-21.30.37:080][  0]LogAIModule: Creating AISystem for world L_Entry
[2023.03.30-21.30.37:088][  0]LogLoad: Game class is 'BP_BattleGridMechGameMode_C'
[2023.03.30-21.30.37:088][  0]LogStreaming: Display: ULevelStreaming::RequestLevel(/Game/BattleGridMech/Maps/SubLevels/L_Lighting) is flushing async loading
[2023.03.30-21.30.37:088][  0]LogStreaming: Display: FlushAsyncLoading: 1 QueuedPackages, 0 AsyncPackages
[2023.03.30-21.30.37:090][  0]LogStreaming: Display: ULevelStreaming::RequestLevel(/Game/BattleGridMech/Maps/SubLevels/L_Square) is flushing async loading
[2023.03.30-21.30.37:092][  0]LogWorld: Bringing World /Game/BattleGridMech/Maps/L_Entry.L_Entry up for play (max tick rate 0) at 2023.03.30-23.30.37
[2023.03.30-21.30.37:092][  0]LogWorld: Bringing up level for play took: 0.000598
[2023.03.30-21.30.37:094][  0]LogLoad: Took 0.046395 seconds to LoadMap(/Game/BattleGridMech/Maps/L_Entry)
[2023.03.30-21.30.37:109][  0]LogSlate: Took 0.000156 seconds to synchronously load lazily loaded font '../../../Engine/Content/Slate/Fonts/Roboto-Regular.ttf' (155K)
[2023.03.30-21.30.37:127][  0]LogRenderer: Reallocating scene render targets to support 1280x720 Format 10 NumSamples 1 (Frame:1).
[2023.03.30-21.30.37:127][  0]LogInit: Display: Engine is initialized. Leaving FEngineLoop::Init()
[2023.03.30-21.30.37:127][  0]LogLoad: (Engine Initialization) Total time: 4.01 seconds
[2023.03.30-21.30.37:127][  0]LogLoad: (Engine Initialization) Total Blueprint compile time: 0.00 seconds
[2023.03.30-21.30.37:132][  0]LogContentStreaming: Texture pool size now 1000 MB
[2023.03.30-21.30.37:134][  0]LogSlate: InvalidateAllWidgets triggered.  All widgets were invalidated
[2023.03.30-21.30.37:188][  0]LogRenderer: Reallocating scene render targets to support 128x128 Format 10 NumSamples 1 (Frame:1).
[2023.03.30-21.30.37:217][  0]LogRenderer: Reallocating scene render targets to support 1280x720 Format 10 NumSamples 1 (Frame:2).
[2023.03.30-21.30.37:232][  1]LogSlate: Took 0.000143 seconds to synchronously load lazily loaded font '../../../Engine/Content/Slate/Fonts/Roboto-Regular.ttf' (155K)
[2023.03.30-21.30.41:286][489]ShowFlag.StaticMeshes = "0"
[2023.03.30-21.30.42:331][625]ShowFlag.StaticMeshes = "1"
[2023.03.30-21.30.43:612][779]ShowFlag.Wireframe = "0"
[2023.03.30-21.30.44:078][835]ShowFlag.Wireframe = "1"
[2023.03.30-21.30.44:925][940]ShowFlag.Wireframe = "0"
[2023.03.30-21.30.46:425][122]LogStats: Display: There is no thread with id: 10460. Please add thread metadata for this thread.
[2023.03.30-21.30.50:891][647]LogSlate: Window 'BattleGridMech (64-bit Development PCD3D_SM5) ' being destroyed
[2023.03.30-21.30.50:892][647]LogWindowsTextInputMethodSystem: Display: IME system deactivated.
[2023.03.30-21.30.50:894][647]LogWindowsTextInputMethodSystem: Display: IME system deactivated.
[2023.03.30-21.30.50:896][647]LogSlate: Updating window title bar state: overlay mode, drag disabled, window buttons hidden, title bar hidden
[2023.03.30-21.30.50:896][647]LogEngine: All Windows Closed
[2023.03.30-21.30.50:896][647]LogWindows: FPlatformMisc::RequestExit(0)
[2023.03.30-21.30.50:896][647]LogWindows: FPlatformMisc::RequestExitWithStatus(0, 0)
[2023.03.30-21.30.50:896][647]LogCore: Engine exit requested (reason: Win RequestExit)
[2023.03.30-21.30.50:896][648]LogCore: Engine exit requested (reason: EngineExit() was called; note: exit was already requested)
[2023.03.30-21.30.50:896][648]LogInit: Display: PreExit Game.
[2023.03.30-21.30.50:905][648]LogWorld: BeginTearingDown for /Game/BattleGridMech/Maps/L_Entry
[2023.03.30-21.30.50:905][648]LogWorld: UWorld::CleanupWorld for L_Entry, bSessionEnded=true, bCleanupResources=true
[2023.03.30-21.30.50:905][648]LogSlate: InvalidateAllWidgets triggered.  All widgets were invalidated
[2023.03.30-21.30.50:905][648]LogWorld: UWorld::CleanupWorld for L_Lighting, bSessionEnded=true, bCleanupResources=true
[2023.03.30-21.30.50:905][648]LogSlate: InvalidateAllWidgets triggered.  All widgets were invalidated
[2023.03.30-21.30.50:905][648]LogWorld: UWorld::CleanupWorld for L_Square, bSessionEnded=true, bCleanupResources=true
[2023.03.30-21.30.50:905][648]LogSlate: InvalidateAllWidgets triggered.  All widgets were invalidated
[2023.03.30-21.30.51:828][648]LogAudio: Display: Beginning Audio Device Manager Shutdown (Module: AudioMixerXAudio2)...
[2023.03.30-21.30.51:828][648]LogAudio: Display: Destroying 1 Remaining Audio Device(s)...
[2023.03.30-21.30.51:828][648]LogAudio: Display: Audio Device unregistered from world 'L_Entry'.
[2023.03.30-21.30.51:828][648]LogAudioMixer: FMixerPlatformXAudio2::StopAudioStream() called
[2023.03.30-21.30.51:829][648]LogAudioMixer: FMixerPlatformXAudio2::StopAudioStream() called
[2023.03.30-21.30.51:831][648]LogAudio: Display: Audio Device Manager Shutdown
[2023.03.30-21.30.51:834][648]LogExit: Preparing to exit.
[2023.03.30-21.30.52:568][648]LogSlate: Updating window title bar state: overlay mode, drag disabled, window buttons hidden, title bar hidden
[2023.03.30-21.30.52:569][648]LogUObjectHash: Compacting FUObjectHashTables data took   0.75ms
