Log file open, 03/30/23 23:29:51
LogWindows: Failed to load 'aqProf.dll' (GetLastError=126)
LogWindows: File 'aqProf.dll' does not exist
LogWindows: Failed to load 'VtuneApi.dll' (GetLastError=126)
LogWindows: File 'VtuneApi.dll' does not exist
LogWindows: Failed to load 'VtuneApi32e.dll' (GetLastError=126)
LogWindows: File 'VtuneApi32e.dll' does not exist
LogConsoleResponse: Display: Failed to find resolution value strings in scalability ini. Falling back to default.
LogConsoleResponse: Display: Failed to find resolution value strings in scalability ini. Falling back to default.
LogInit: Display: Running engine for game: BattleGridMech
LogPlatformFile: Not using cached read wrapper
LogTaskGraph: Started task graph with 5 named threads and 35 total threads with 3 sets of task threads.
LogStats: Stats thread started at 0.247713
LogICUInternationalization: ICU TimeZone Detection - Raw Offset: +1:00, Platform Override: ''
LogInit: Display: Loading text-based GConfig....
LogPluginManager: Mounting plugin MeshPainting
LogPluginManager: Mounting plugin XGEController
LogPluginManager: Mounting plugin Paper2D
LogPluginManager: Mounting plugin LiveLink
LogPluginManager: Mounting plugin AISupport
LogPluginManager: Mounting plugin EnvironmentQueryEditor
LogPluginManager: Mounting plugin GameplayCameras
LogPluginManager: Mounting plugin CameraShakePreviewer
LogPluginManager: Mounting plugin OodleData
LogPluginManager: Mounting plugin OodleNetwork
LogPluginManager: Mounting plugin LightPropagationVolume
LogPluginManager: Mounting plugin AnimationSharing
LogPluginManager: Mounting plugin CodeLiteSourceCodeAccess
LogPluginManager: Mounting plugin CLionSourceCodeAccess
LogPluginManager: Mounting plugin GitSourceControl
LogPluginManager: Mounting plugin PerforceSourceControl
LogPluginManager: Mounting plugin NullSourceCodeAccess
LogPluginManager: Mounting plugin PixWinPlugin
LogPluginManager: Mounting plugin PlasticSourceControl
LogPluginManager: Mounting plugin PropertyAccessNode
LogPluginManager: Mounting plugin PluginUtils
LogPluginManager: Mounting plugin SubversionSourceControl
LogPluginManager: Mounting plugin RiderSourceCodeAccess
LogPluginManager: Mounting plugin UObjectPlugin
LogPluginManager: Mounting plugin XCodeSourceCodeAccess
LogPluginManager: Mounting plugin VisualStudioCodeSourceCodeAccess
LogPluginManager: Mounting plugin VisualStudioSourceCodeAccess
LogPluginManager: Mounting plugin KDevelopSourceCodeAccess
LogPluginManager: Mounting plugin DatasmithContent
LogPluginManager: Mounting plugin TextureFormatOodle
LogPluginManager: Mounting plugin VariantManagerContent
LogPluginManager: Mounting plugin AutomationUtils
LogPluginManager: Mounting plugin AlembicImporter
LogPluginManager: Mounting plugin BackChannel
LogPluginManager: Mounting plugin ChaosCloth
LogPluginManager: Mounting plugin ChaosNiagara
LogPluginManager: Mounting plugin ChaosEditor
LogPluginManager: Mounting plugin ChaosSolverPlugin
LogPluginManager: Mounting plugin ChaosClothEditor
LogPluginManager: Mounting plugin CharacterAI
LogPluginManager: Mounting plugin GeometryCache
LogPluginManager: Mounting plugin GeometryCollectionPlugin
LogPluginManager: Mounting plugin Niagara
LogPluginManager: Mounting plugin AssetManagerEditor
LogPluginManager: Mounting plugin GeometryProcessing
LogPluginManager: Mounting plugin CurveEditorTools
LogPluginManager: Mounting plugin MotoSynth
LogPluginManager: Mounting plugin DataValidation
LogPluginManager: Mounting plugin OpenImageDenoise
LogPluginManager: Mounting plugin FacialAnimation
LogPluginManager: Mounting plugin GameplayTagsEditor
LogPluginManager: Mounting plugin PlanarCut
LogPluginManager: Mounting plugin GeometryMode
LogPluginManager: Mounting plugin PlatformCrypto
LogPluginManager: Mounting plugin ProxyLODPlugin
LogPluginManager: Mounting plugin PythonScriptPlugin
LogPluginManager: Mounting plugin MacGraphicsSwitching
LogPluginManager: Mounting plugin MaterialAnalyzer
LogPluginManager: Mounting plugin MobileLauncherProfileWizard
LogPluginManager: Mounting plugin PluginBrowser
LogPluginManager: Mounting plugin SpeedTreeImporter
LogPluginManager: Mounting plugin SkeletalReduction
LogPluginManager: Mounting plugin CryptoKeys
LogPluginManager: Mounting plugin LuminPlatformFeatures
LogPluginManager: Mounting plugin MagicLeap
LogPluginManager: Mounting plugin MagicLeapLightEstimation
LogPluginManager: Mounting plugin MagicLeapMedia
LogPluginManager: Mounting plugin MagicLeapPassableWorld
LogPluginManager: Mounting plugin MLSDK
LogPluginManager: Mounting plugin AndroidMedia
LogPluginManager: Mounting plugin AvfMedia
LogPluginManager: Mounting plugin ImgMedia
LogPluginManager: Mounting plugin MediaCompositing
LogPluginManager: Mounting plugin MediaPlayerEditor
LogPluginManager: Mounting plugin WebMMedia
LogPluginManager: Mounting plugin WmfMedia
LogPluginManager: Mounting plugin TcpMessaging
LogPluginManager: Mounting plugin UdpMessaging
LogPluginManager: Mounting plugin ActorSequence
LogPluginManager: Mounting plugin LevelSequenceEditor
LogPluginManager: Mounting plugin MatineeToLevelSequence
LogPluginManager: Mounting plugin TemplateSequence
LogPluginManager: Mounting plugin OnlineSubsystem
LogPluginManager: Mounting plugin OnlineSubsystemNull
LogPluginManager: Mounting plugin OnlineSubsystemUtils
LogPluginManager: Mounting plugin LauncherChunkInstaller
LogPluginManager: Mounting plugin ActorLayerUtilities
LogPluginManager: Mounting plugin AndroidDeviceProfileSelector
LogPluginManager: Mounting plugin AndroidMoviePlayer
LogPluginManager: Mounting plugin AndroidPermission
LogPluginManager: Mounting plugin AppleImageUtils
LogPluginManager: Mounting plugin AppleMoviePlayer
LogPluginManager: Mounting plugin ArchVisCharacter
LogPluginManager: Mounting plugin AssetTags
LogPluginManager: Mounting plugin AudioSynesthesia
LogPluginManager: Mounting plugin AudioCapture
LogPluginManager: Mounting plugin ChunkDownloader
LogPluginManager: Mounting plugin CustomMeshComponent
LogPluginManager: Mounting plugin EditableMesh
LogPluginManager: Mounting plugin CableComponent
LogPluginManager: Mounting plugin GoogleCloudMessaging
LogPluginManager: Mounting plugin GooglePAD
LogPluginManager: Mounting plugin ScreenshotTools
LogPluginManager: Mounting plugin IOSDeviceProfileSelector
LogPluginManager: Mounting plugin LinuxDeviceProfileSelector
LogPluginManager: Mounting plugin ExampleDeviceProfileSelector
LogPluginManager: Mounting plugin LocationServicesBPLibrary
LogPluginManager: Mounting plugin MobilePatchingUtils
LogPluginManager: Mounting plugin OpenXR
LogPluginManager: Mounting plugin PhysXVehicles
LogPluginManager: Mounting plugin OpenXRHandTracking
LogPluginManager: Mounting plugin OpenXREyeTracker
LogPluginManager: Mounting plugin PostSplashScreen
LogPluginManager: Mounting plugin ProceduralMeshComponent
LogPluginManager: Mounting plugin PropertyAccessEditor
LogPluginManager: Mounting plugin RuntimePhysXCooking
LogPluginManager: Mounting plugin SignificanceManager
LogPluginManager: Mounting plugin SoundFields
LogPluginManager: Mounting plugin Takes
LogPluginManager: Mounting plugin Synthesis
LogPluginManager: Mounting plugin WebMMoviePlayer
LogPluginManager: Mounting plugin WindowsMoviePlayer
LogPluginManager: Mounting plugin ContentBrowserAssetDataSource
LogPluginManager: Mounting plugin ContentBrowserClassDataSource
LogPluginManager: Mounting plugin ContentBrowserFileDataSource
LogPluginManager: Mounting plugin OnlineSubsystemGooglePlay
LogPluginManager: Mounting plugin OnlineSubsystemIOS
LogPluginManager: Mounting plugin OculusVR
LogPluginManager: Mounting plugin SteamVR
PixWinPlugin: PIX capture plugin failed to initialize! Check that the process is launched from PIX.
LogInit: Using libcurl 7.55.1-DEV
LogInit:  - built for x86_64-pc-win32
LogInit:  - supports SSL with OpenSSL/1.1.1
LogInit:  - supports HTTP deflate (compression) using libz 1.2.8
LogInit:  - other features:
LogInit:      CURL_VERSION_SSL
LogInit:      CURL_VERSION_LIBZ
LogInit:      CURL_VERSION_IPV6
LogInit:      CURL_VERSION_ASYNCHDNS
LogInit:      CURL_VERSION_LARGEFILE
LogInit:      CURL_VERSION_IDN
LogInit:  CurlRequestOptions (configurable via config and command line):
LogInit:  - bVerifyPeer = true  - Libcurl will verify peer certificate
LogInit:  - bUseHttpProxy = false  - Libcurl will NOT use HTTP proxy
LogInit:  - bDontReuseConnections = false  - Libcurl will reuse connections
LogInit:  - MaxHostConnections = 16  - Libcurl will limit the number of connections to a host
LogInit:  - LocalHostAddr = Default
LogInit:  - BufferSize = 65536
LogOnline: OSS: Creating online subsystem instance for: NULL
LogInit: WinSock: version 1.1 (2.2), MaxSocks=32767, MaxUdp=65467
LogOnline: OSS: TryLoadSubsystemAndSetDefault: Loaded subsystem for module [NULL]
LogOculusPluginWrapper: OculusPlugin initialized successfully
LogHMD: Failed initializing OVRPlugin 1.59.0
LogInit: Build: ++UE4+Release-4.27-CL-18319896
LogInit: Engine Version: 4.27.2-18319896+++UE4+Release-4.27
LogInit: Compatible Engine Version: 4.27.0-17155196+++UE4+Release-4.27
LogInit: Net CL: 17155196
LogInit: OS: Windows 10 (Release 2009) (), CPU: AMD Ryzen 5 5600G with Radeon Graphics         , GPU: AMD Radeon(TM) Graphics
LogInit: Compiled (64-bit): Nov 30 2021 07:12:08
LogInit: Compiled with Visual C++: 19.24.28315.00
LogInit: Build Configuration: Development
LogInit: Branch Name: ++UE4+Release-4.27
LogInit: Command Line:  /Game/BattleGridMech/Maps/L_Entry -game -PIEVIACONSOLE -Multiprocess "GameUserSettingsINI=../../../BattleGridMech/Game/Unreal 4.27/Saved/Config/Windows/PIEGameUserSettings0.ini" -MultiprocessSaveConfig -forcepassthrough -messaging -SessionName="Play in Standalone Game" -windowed -ResX=1280 -ResY=720
LogInit: Base Directory: C:/Program Files/Epic Games/UE_4.27/Engine/Binaries/Win64/
LogInit: Allocator: TBB
LogInit: Installed Engine Build: 1
LogDevObjectVersion: Number of dev versions registered: 29
LogDevObjectVersion:   Dev-Blueprints (B0D832E4-1F89-4F0D-ACCF-7EB736FD4AA2): 10
LogDevObjectVersion:   Dev-Build (E1C64328-A22C-4D53-A36C-8E866417BD8C): 0
LogDevObjectVersion:   Dev-Core (375EC13C-06E4-48FB-B500-84F0262A717E): 4
LogDevObjectVersion:   Dev-Editor (E4B068ED-F494-42E9-A231-DA0B2E46BB41): 40
LogDevObjectVersion:   Dev-Framework (CFFC743F-43B0-4480-9391-14DF171D2073): 37
LogDevObjectVersion:   Dev-Mobile (B02B49B5-BB20-44E9-A304-32B752E40360): 3
LogDevObjectVersion:   Dev-Networking (A4E4105C-59A1-49B5-A7C5-40C4547EDFEE): 0
LogDevObjectVersion:   Dev-Online (39C831C9-5AE6-47DC-9A44-9C173E1C8E7C): 0
LogDevObjectVersion:   Dev-Physics (78F01B33-EBEA-4F98-B9B4-84EACCB95AA2): 14
LogDevObjectVersion:   Dev-Platform (6631380F-2D4D-43E0-8009-CF276956A95A): 0
LogDevObjectVersion:   Dev-Rendering (12F88B9F-8875-4AFC-A67C-D90C383ABD29): 45
LogDevObjectVersion:   Dev-Sequencer (7B5AE74C-D270-4C10-A958-57980B212A5A): 13
LogDevObjectVersion:   Dev-VR (D7296918-1DD6-4BDD-9DE2-64A83CC13884): 3
LogDevObjectVersion:   Dev-LoadTimes (C2A15278-BFE7-4AFE-6C17-90FF531DF755): 1
LogDevObjectVersion:   Private-Geometry (6EACA3D4-40EC-4CC1-B786-8BED09428FC5): 3
LogDevObjectVersion:   Dev-AnimPhys (29E575DD-E0A3-4627-9D10-D276232CDCEA): 17
LogDevObjectVersion:   Dev-Anim (AF43A65D-7FD3-4947-9873-3E8ED9C1BB05): 15
LogDevObjectVersion:   Dev-ReflectionCapture (6B266CEC-1EC7-4B8F-A30B-E4D90942FC07): 1
LogDevObjectVersion:   Dev-Automation (0DF73D61-A23F-47EA-B727-89E90C41499A): 1
LogDevObjectVersion:   FortniteMain (601D1886-AC64-4F84-AA16-D3DE0DEAC7D6): 47
LogDevObjectVersion:   FortniteRelease (E7086368-6B23-4C58-8439-1B7016265E91): 1
LogDevObjectVersion:   Dev-Enterprise (9DFFBCD6-494F-0158-E221-12823C92A888): 10
LogDevObjectVersion:   Dev-Niagara (F2AED0AC-9AFE-416F-8664-AA7FFA26D6FC): 1
LogDevObjectVersion:   Dev-Destruction (174F1F0B-B4C6-45A5-B13F-2EE8D0FB917D): 10
LogDevObjectVersion:   Dev-Physics-Ext (35F94A83-E258-406C-A318-09F59610247C): 41
LogDevObjectVersion:   Dev-PhysicsMaterial-Chaos (B68FC16E-8B1B-42E2-B453-215C058844FE): 1
LogDevObjectVersion:   Dev-CineCamera (B2E18506-4273-CFC2-A54E-F4BB758BBA07): 1
LogDevObjectVersion:   Dev-VirtualProduction (64F58936-FD1B-42BA-BA96-7289D5D0FA4E): 1
LogDevObjectVersion:   Dev-MediaFramework (6F0ED827-A609-4895-9C91-998D90180EA4): 2
LogInit: Presizing for max 25165824 objects, including 0 objects not considered by GC, pre-allocating 0 bytes for permanent pool.
LogConfig: Applying CVar settings from Section [/Script/Engine.StreamingSettings] File [../../../BattleGridMech/Game/Unreal 4.27/Saved/Config/Windows/Engine.ini]
LogConfig: Setting CVar [[s.MinBulkDataSizeForAsyncLoading:131072]]
LogConfig: Setting CVar [[s.AsyncLoadingThreadEnabled:0]]
LogConfig: Setting CVar [[s.EventDrivenLoaderEnabled:1]]
LogConfig: Setting CVar [[s.WarnIfTimeLimitExceeded:0]]
LogConfig: Setting CVar [[s.TimeLimitExceededMultiplier:1.5]]
LogConfig: Setting CVar [[s.TimeLimitExceededMinTime:0.005]]
LogConfig: Setting CVar [[s.UseBackgroundLevelStreaming:1]]
LogConfig: Setting CVar [[s.PriorityAsyncLoadingExtraTime:15.0]]
LogConfig: Setting CVar [[s.LevelStreamingActorsUpdateTimeLimit:5.0]]
LogConfig: Setting CVar [[s.PriorityLevelStreamingActorsUpdateExtraTime:5.0]]
LogConfig: Setting CVar [[s.LevelStreamingComponentsRegistrationGranularity:10]]
LogConfig: Setting CVar [[s.UnregisterComponentsTimeLimit:1.0]]
LogConfig: Setting CVar [[s.LevelStreamingComponentsUnregistrationGranularity:5]]
LogConfig: Setting CVar [[s.FlushStreamingOnExit:1]]
LogInit: Object subsystem initialized
LogConfig: Setting CVar [[con.DebugEarlyDefault:1]]
LogConfig: Setting CVar [[r.setres:1280x720]]
[2023.03.30-21.29.52:219][  0]LogConfig: Setting CVar [[con.DebugEarlyDefault:1]]
[2023.03.30-21.29.52:219][  0]LogConfig: Setting CVar [[r.setres:1280x720]]
[2023.03.30-21.29.52:219][  0]LogConfig: Applying CVar settings from Section [/Script/Engine.RendererSettings] File [../../../BattleGridMech/Game/Unreal 4.27/Saved/Config/Windows/Engine.ini]
[2023.03.30-21.29.52:219][  0]LogConfig: Setting CVar [[r.GPUCrashDebugging:0]]
[2023.03.30-21.29.52:219][  0]LogConfig: Applying CVar settings from Section [/Script/Engine.RendererOverrideSettings] File [../../../BattleGridMech/Game/Unreal 4.27/Saved/Config/Windows/Engine.ini]
[2023.03.30-21.29.52:219][  0]LogConfig: Applying CVar settings from Section [/Script/Engine.StreamingSettings] File [../../../BattleGridMech/Game/Unreal 4.27/Saved/Config/Windows/Engine.ini]
[2023.03.30-21.29.52:219][  0]LogConfig: Setting CVar [[s.MinBulkDataSizeForAsyncLoading:131072]]
[2023.03.30-21.29.52:219][  0]LogConfig: Setting CVar [[s.AsyncLoadingThreadEnabled:0]]
[2023.03.30-21.29.52:219][  0]LogConfig: Setting CVar [[s.EventDrivenLoaderEnabled:1]]
[2023.03.30-21.29.52:219][  0]LogConfig: Setting CVar [[s.WarnIfTimeLimitExceeded:0]]
[2023.03.30-21.29.52:219][  0]LogConfig: Setting CVar [[s.TimeLimitExceededMultiplier:1.5]]
[2023.03.30-21.29.52:219][  0]LogConfig: Setting CVar [[s.TimeLimitExceededMinTime:0.005]]
[2023.03.30-21.29.52:219][  0]LogConfig: Setting CVar [[s.UseBackgroundLevelStreaming:1]]
[2023.03.30-21.29.52:219][  0]LogConfig: Setting CVar [[s.PriorityAsyncLoadingExtraTime:15.0]]
[2023.03.30-21.29.52:219][  0]LogConfig: Setting CVar [[s.LevelStreamingActorsUpdateTimeLimit:5.0]]
[2023.03.30-21.29.52:219][  0]LogConfig: Setting CVar [[s.PriorityLevelStreamingActorsUpdateExtraTime:5.0]]
[2023.03.30-21.29.52:219][  0]LogConfig: Setting CVar [[s.LevelStreamingComponentsRegistrationGranularity:10]]
[2023.03.30-21.29.52:219][  0]LogConfig: Setting CVar [[s.UnregisterComponentsTimeLimit:1.0]]
[2023.03.30-21.29.52:220][  0]LogConfig: Setting CVar [[s.LevelStreamingComponentsUnregistrationGranularity:5]]
[2023.03.30-21.29.52:220][  0]LogConfig: Setting CVar [[s.FlushStreamingOnExit:1]]
[2023.03.30-21.29.52:220][  0]LogConfig: Applying CVar settings from Section [/Script/Engine.GarbageCollectionSettings] File [../../../BattleGridMech/Game/Unreal 4.27/Saved/Config/Windows/Engine.ini]
[2023.03.30-21.29.52:220][  0]LogConfig: Setting CVar [[gc.MaxObjectsNotConsideredByGC:1]]
[2023.03.30-21.29.52:220][  0]LogConfig: Setting CVar [[gc.SizeOfPermanentObjectPool:0]]
[2023.03.30-21.29.52:220][  0]LogConfig: Setting CVar [[gc.FlushStreamingOnGC:0]]
[2023.03.30-21.29.52:220][  0]LogConfig: Setting CVar [[gc.NumRetriesBeforeForcingGC:10]]
[2023.03.30-21.29.52:220][  0]LogConfig: Setting CVar [[gc.AllowParallelGC:1]]
[2023.03.30-21.29.52:220][  0]LogConfig: Setting CVar [[gc.TimeBetweenPurgingPendingKillObjects:61.1]]
[2023.03.30-21.29.52:220][  0]LogConfig: Setting CVar [[gc.MaxObjectsInEditor:25165824]]
[2023.03.30-21.29.52:220][  0]LogConfig: Setting CVar [[gc.IncrementalBeginDestroyEnabled:1]]
[2023.03.30-21.29.52:220][  0]LogConfig: Setting CVar [[gc.CreateGCClusters:1]]
[2023.03.30-21.29.52:220][  0]LogConfig: Setting CVar [[gc.MinGCClusterSize:5]]
[2023.03.30-21.29.52:220][  0]LogConfig: Setting CVar [[gc.ActorClusteringEnabled:0]]
[2023.03.30-21.29.52:220][  0]LogConfig: Setting CVar [[gc.BlueprintClusteringEnabled:0]]
[2023.03.30-21.29.52:220][  0]LogConfig: Setting CVar [[gc.UseDisregardForGCOnDedicatedServers:0]]
[2023.03.30-21.29.52:220][  0]LogConfig: Setting CVar [[gc.MultithreadedDestructionEnabled:1]]
[2023.03.30-21.29.52:220][  0]LogConfig: Applying CVar settings from Section [/Script/Engine.NetworkSettings] File [../../../BattleGridMech/Game/Unreal 4.27/Saved/Config/Windows/Engine.ini]
[2023.03.30-21.29.52:220][  0]LogConfig: Applying CVar settings from Section [/Script/UnrealEd.CookerSettings] File [../../../BattleGridMech/Game/Unreal 4.27/Saved/Config/Windows/Engine.ini]
[2023.03.30-21.29.52:225][  0]LogConfig: Applying CVar settings from Section [ViewDistanceQuality@3] File [../../../BattleGridMech/Game/Unreal 4.27/Saved/Config/Windows/Scalability.ini]
[2023.03.30-21.29.52:225][  0]LogConfig: Setting CVar [[r.SkeletalMeshLODBias:0]]
[2023.03.30-21.29.52:225][  0]LogConfig: Setting CVar [[r.ViewDistanceScale:1.0]]
[2023.03.30-21.29.52:225][  0]LogConfig: Applying CVar settings from Section [AntiAliasingQuality@3] File [../../../BattleGridMech/Game/Unreal 4.27/Saved/Config/Windows/Scalability.ini]
[2023.03.30-21.29.52:225][  0]LogConfig: Setting CVar [[r.PostProcessAAQuality:4]]
[2023.03.30-21.29.52:225][  0]LogConfig: Applying CVar settings from Section [ShadowQuality@3] File [../../../BattleGridMech/Game/Unreal 4.27/Saved/Config/Windows/Scalability.ini]
[2023.03.30-21.29.52:225][  0]LogConfig: Setting CVar [[r.LightFunctionQuality:1]]
[2023.03.30-21.29.52:225][  0]LogConfig: Setting CVar [[r.ShadowQuality:5]]
[2023.03.30-21.29.52:225][  0]LogConfig: Setting CVar [[r.Shadow.CSM.MaxCascades:10]]
[2023.03.30-21.29.52:225][  0]LogConfig: Setting CVar [[r.Shadow.MaxResolution:2048]]
[2023.03.30-21.29.52:225][  0]LogConfig: Setting CVar [[r.Shadow.MaxCSMResolution:2048]]
[2023.03.30-21.29.52:225][  0]LogConfig: Setting CVar [[r.Shadow.RadiusThreshold:0.01]]
[2023.03.30-21.29.52:225][  0]LogConfig: Setting CVar [[r.Shadow.DistanceScale:1.0]]
[2023.03.30-21.29.52:225][  0]LogConfig: Setting CVar [[r.Shadow.CSM.TransitionScale:1.0]]
[2023.03.30-21.29.52:225][  0]LogConfig: Setting CVar [[r.Shadow.PreShadowResolutionFactor:1.0]]
[2023.03.30-21.29.52:225][  0]LogConfig: Setting CVar [[r.DistanceFieldShadowing:1]]
[2023.03.30-21.29.52:225][  0]LogConfig: Setting CVar [[r.DistanceFieldAO:1]]
[2023.03.30-21.29.52:225][  0]LogConfig: Setting CVar [[r.AOQuality:2]]
[2023.03.30-21.29.52:225][  0]LogConfig: Setting CVar [[r.VolumetricFog:1]]
[2023.03.30-21.29.52:225][  0]LogConfig: Setting CVar [[r.VolumetricFog.GridPixelSize:8]]
[2023.03.30-21.29.52:225][  0]LogConfig: Setting CVar [[r.VolumetricFog.GridSizeZ:128]]
[2023.03.30-21.29.52:225][  0]LogConfig: Setting CVar [[r.VolumetricFog.HistoryMissSupersampleCount:4]]
[2023.03.30-21.29.52:225][  0]LogConfig: Setting CVar [[r.LightMaxDrawDistanceScale:1]]
[2023.03.30-21.29.52:225][  0]LogConfig: Setting CVar [[r.CapsuleShadows:1]]
[2023.03.30-21.29.52:225][  0]LogConfig: Applying CVar settings from Section [PostProcessQuality@3] File [../../../BattleGridMech/Game/Unreal 4.27/Saved/Config/Windows/Scalability.ini]
[2023.03.30-21.29.52:225][  0]LogConfig: Setting CVar [[r.MotionBlurQuality:4]]
[2023.03.30-21.29.52:226][  0]LogConfig: Setting CVar [[r.AmbientOcclusionMipLevelFactor:0.4]]
[2023.03.30-21.29.52:226][  0]LogConfig: Setting CVar [[r.AmbientOcclusionMaxQuality:100]]
[2023.03.30-21.29.52:226][  0]LogConfig: Setting CVar [[r.AmbientOcclusionLevels:-1]]
[2023.03.30-21.29.52:226][  0]LogConfig: Setting CVar [[r.AmbientOcclusionRadiusScale:1.0]]
[2023.03.30-21.29.52:226][  0]LogConfig: Setting CVar [[r.DepthOfFieldQuality:2]]
[2023.03.30-21.29.52:226][  0]LogConfig: Setting CVar [[r.RenderTargetPoolMin:400]]
[2023.03.30-21.29.52:226][  0]LogConfig: Setting CVar [[r.LensFlareQuality:2]]
[2023.03.30-21.29.52:226][  0]LogConfig: Setting CVar [[r.SceneColorFringeQuality:1]]
[2023.03.30-21.29.52:226][  0]LogConfig: Setting CVar [[r.EyeAdaptationQuality:2]]
[2023.03.30-21.29.52:226][  0]LogConfig: Setting CVar [[r.BloomQuality:5]]
[2023.03.30-21.29.52:226][  0]LogConfig: Setting CVar [[r.FastBlurThreshold:100]]
[2023.03.30-21.29.52:226][  0]LogConfig: Setting CVar [[r.Upscale.Quality:3]]
[2023.03.30-21.29.52:226][  0]LogConfig: Setting CVar [[r.Tonemapper.GrainQuantization:1]]
[2023.03.30-21.29.52:226][  0]LogConfig: Setting CVar [[r.LightShaftQuality:1]]
[2023.03.30-21.29.52:226][  0]LogConfig: Setting CVar [[r.Filter.SizeScale:1]]
[2023.03.30-21.29.52:226][  0]LogConfig: Setting CVar [[r.Tonemapper.Quality:5]]
[2023.03.30-21.29.52:226][  0]LogConfig: Setting CVar [[r.DOF.Gather.AccumulatorQuality:1        ; higher gathering accumulator quality]]
[2023.03.30-21.29.52:226][  0]LogConfig: Setting CVar [[r.DOF.Gather.PostfilterMethod:1          ; Median3x3 postfilering method]]
[2023.03.30-21.29.52:226][  0]LogConfig: Setting CVar [[r.DOF.Gather.EnableBokehSettings:0       ; no bokeh simulation when gathering]]
[2023.03.30-21.29.52:226][  0]LogConfig: Setting CVar [[r.DOF.Gather.RingCount:4                 ; medium number of samples when gathering]]
[2023.03.30-21.29.52:226][  0]LogConfig: Setting CVar [[r.DOF.Scatter.ForegroundCompositing:1    ; additive foreground scattering]]
[2023.03.30-21.29.52:226][  0]LogConfig: Setting CVar [[r.DOF.Scatter.BackgroundCompositing:2    ; additive background scattering]]
[2023.03.30-21.29.52:226][  0]LogConfig: Setting CVar [[r.DOF.Scatter.EnableBokehSettings:1      ; bokeh simulation when scattering]]
[2023.03.30-21.29.52:226][  0]LogConfig: Setting CVar [[r.DOF.Scatter.MaxSpriteRatio:0.1         ; only a maximum of 10% of scattered bokeh]]
[2023.03.30-21.29.52:226][  0]LogConfig: Setting CVar [[r.DOF.Recombine.Quality:1                ; cheap slight out of focus]]
[2023.03.30-21.29.52:226][  0]LogConfig: Setting CVar [[r.DOF.Recombine.EnableBokehSettings:0    ; no bokeh simulation on slight out of focus]]
[2023.03.30-21.29.52:226][  0]LogConfig: Setting CVar [[r.DOF.TemporalAAQuality:1                ; more stable temporal accumulation]]
[2023.03.30-21.29.52:226][  0]LogConfig: Setting CVar [[r.DOF.Kernel.MaxForegroundRadius:0.025]]
[2023.03.30-21.29.52:226][  0]LogConfig: Setting CVar [[r.DOF.Kernel.MaxBackgroundRadius:0.025]]
[2023.03.30-21.29.52:226][  0]LogConfig: Applying CVar settings from Section [TextureQuality@3] File [../../../BattleGridMech/Game/Unreal 4.27/Saved/Config/Windows/Scalability.ini]
[2023.03.30-21.29.52:226][  0]LogConfig: Setting CVar [[r.Streaming.MipBias:0]]
[2023.03.30-21.29.52:226][  0]LogConfig: Setting CVar [[r.Streaming.AmortizeCPUToGPUCopy:0]]
[2023.03.30-21.29.52:226][  0]LogConfig: Setting CVar [[r.Streaming.MaxNumTexturesToStreamPerFrame:0]]
[2023.03.30-21.29.52:226][  0]LogConfig: Setting CVar [[r.Streaming.Boost:1]]
[2023.03.30-21.29.52:226][  0]LogConfig: Setting CVar [[r.MaxAnisotropy:8]]
[2023.03.30-21.29.52:226][  0]LogConfig: Setting CVar [[r.VT.MaxAnisotropy:8]]
[2023.03.30-21.29.52:226][  0]LogConfig: Setting CVar [[r.Streaming.LimitPoolSizeToVRAM:0]]
[2023.03.30-21.29.52:226][  0]LogConfig: Setting CVar [[r.Streaming.PoolSize:1000]]
[2023.03.30-21.29.52:226][  0]LogConfig: Setting CVar [[r.Streaming.MaxEffectiveScreenSize:0]]
[2023.03.30-21.29.52:226][  0]LogConfig: Applying CVar settings from Section [EffectsQuality@3] File [../../../BattleGridMech/Game/Unreal 4.27/Saved/Config/Windows/Scalability.ini]
[2023.03.30-21.29.52:226][  0]LogConfig: Setting CVar [[r.TranslucencyLightingVolumeDim:64]]
[2023.03.30-21.29.52:226][  0]LogConfig: Setting CVar [[r.RefractionQuality:2]]
[2023.03.30-21.29.52:226][  0]LogConfig: Setting CVar [[r.SSR.Quality:3]]
[2023.03.30-21.29.52:226][  0]LogConfig: Setting CVar [[r.SSR.HalfResSceneColor:0]]
[2023.03.30-21.29.52:226][  0]LogConfig: Setting CVar [[r.SceneColorFormat:4]]
[2023.03.30-21.29.52:226][  0]LogConfig: Setting CVar [[r.DetailMode:2]]
[2023.03.30-21.29.52:226][  0]LogConfig: Setting CVar [[r.TranslucencyVolumeBlur:1]]
[2023.03.30-21.29.52:226][  0]LogConfig: Setting CVar [[r.MaterialQualityLevel:1 ; High quality]]
[2023.03.30-21.29.52:226][  0]LogConfig: Setting CVar [[r.AnisotropicMaterials:1]]
[2023.03.30-21.29.52:226][  0]LogConfig: Setting CVar [[r.SSS.Scale:1]]
[2023.03.30-21.29.52:226][  0]LogConfig: Setting CVar [[r.SSS.SampleSet:2]]
[2023.03.30-21.29.52:226][  0]LogConfig: Setting CVar [[r.SSS.Quality:1]]
[2023.03.30-21.29.52:226][  0]LogConfig: Setting CVar [[r.SSS.HalfRes:0]]
[2023.03.30-21.29.52:226][  0]LogConfig: Setting CVar [[r.SSGI.Quality:3]]
[2023.03.30-21.29.52:226][  0]LogConfig: Setting CVar [[r.EmitterSpawnRateScale:1.0]]
[2023.03.30-21.29.52:226][  0]LogConfig: Setting CVar [[r.ParticleLightQuality:2]]
[2023.03.30-21.29.52:226][  0]LogConfig: Setting CVar [[r.SkyAtmosphere.AerialPerspectiveLUT.FastApplyOnOpaque:1 ; Always have FastSkyLUT 1 in this case to avoid wrong sky]]
[2023.03.30-21.29.52:226][  0]LogConfig: Setting CVar [[r.SkyAtmosphere.AerialPerspectiveLUT.SampleCountMaxPerSlice:4]]
[2023.03.30-21.29.52:226][  0]LogConfig: Setting CVar [[r.SkyAtmosphere.AerialPerspectiveLUT.DepthResolution:16.0]]
[2023.03.30-21.29.52:226][  0]LogConfig: Setting CVar [[r.SkyAtmosphere.FastSkyLUT:1]]
[2023.03.30-21.29.52:226][  0]LogConfig: Setting CVar [[r.SkyAtmosphere.FastSkyLUT.SampleCountMin:4.0]]
[2023.03.30-21.29.52:226][  0]LogConfig: Setting CVar [[r.SkyAtmosphere.FastSkyLUT.SampleCountMax:128.0]]
[2023.03.30-21.29.52:226][  0]LogConfig: Setting CVar [[r.SkyAtmosphere.SampleCountMin:4.0]]
[2023.03.30-21.29.52:226][  0]LogConfig: Setting CVar [[r.SkyAtmosphere.SampleCountMax:128.0]]
[2023.03.30-21.29.52:226][  0]LogConfig: Setting CVar [[r.SkyAtmosphere.TransmittanceLUT.UseSmallFormat:0]]
[2023.03.30-21.29.52:226][  0]LogConfig: Setting CVar [[r.SkyAtmosphere.TransmittanceLUT.SampleCount:10.0]]
[2023.03.30-21.29.52:226][  0]LogConfig: Setting CVar [[r.SkyAtmosphere.MultiScatteringLUT.SampleCount:15.0]]
[2023.03.30-21.29.52:226][  0]LogConfig: Setting CVar [[r.SkyLight.RealTimeReflectionCapture:1]]
[2023.03.30-21.29.52:226][  0]LogConfig: Applying CVar settings from Section [FoliageQuality@3] File [../../../BattleGridMech/Game/Unreal 4.27/Saved/Config/Windows/Scalability.ini]
[2023.03.30-21.29.52:226][  0]LogConfig: Setting CVar [[foliage.DensityScale:1.0]]
[2023.03.30-21.29.52:226][  0]LogConfig: Setting CVar [[grass.DensityScale:1.0]]
[2023.03.30-21.29.52:226][  0]LogConfig: Applying CVar settings from Section [ShadingQuality@3] File [../../../BattleGridMech/Game/Unreal 4.27/Saved/Config/Windows/Scalability.ini]
[2023.03.30-21.29.52:226][  0]LogConfig: Setting CVar [[r.HairStrands.SkyLighting.IntegrationType:2]]
[2023.03.30-21.29.52:226][  0]LogConfig: Setting CVar [[r.HairStrands.SkyAO.SampleCount:4]]
[2023.03.30-21.29.52:226][  0]LogConfig: Setting CVar [[r.HairStrands.Visibility.MSAA.SamplePerPixel:4]]
[2023.03.30-21.29.52:226][  0]LogInit: Selected Device Profile: [Windows]
[2023.03.30-21.29.52:226][  0]LogInit: Applying CVar settings loaded from the selected device profile: [Windows]
[2023.03.30-21.29.52:226][  0]LogHAL: Display: Platform has ~ 16 GB [16483504128 / 17179869184 / 16], which maps to Larger [LargestMinGB=32, LargerMinGB=12, DefaultMinGB=8, SmallerMinGB=6, SmallestMinGB=0)
[2023.03.30-21.29.52:226][  0]LogInit: Going up to parent DeviceProfile []
[2023.03.30-21.29.52:226][  0]LogConfig: Applying CVar settings from Section [ViewDistanceQuality@3] File [../../../BattleGridMech/Game/Unreal 4.27/Saved/Config/Windows/Scalability.ini]
[2023.03.30-21.29.52:226][  0]LogConfig: Setting CVar [[r.SkeletalMeshLODBias:0]]
[2023.03.30-21.29.52:226][  0]LogConfig: Setting CVar [[r.ViewDistanceScale:1.0]]
[2023.03.30-21.29.52:226][  0]LogConfig: Applying CVar settings from Section [AntiAliasingQuality@3] File [../../../BattleGridMech/Game/Unreal 4.27/Saved/Config/Windows/Scalability.ini]
[2023.03.30-21.29.52:226][  0]LogConfig: Setting CVar [[r.PostProcessAAQuality:4]]
[2023.03.30-21.29.52:226][  0]LogConfig: Applying CVar settings from Section [ShadowQuality@3] File [../../../BattleGridMech/Game/Unreal 4.27/Saved/Config/Windows/Scalability.ini]
[2023.03.30-21.29.52:226][  0]LogConfig: Setting CVar [[r.LightFunctionQuality:1]]
[2023.03.30-21.29.52:226][  0]LogConfig: Setting CVar [[r.ShadowQuality:5]]
[2023.03.30-21.29.52:226][  0]LogConfig: Setting CVar [[r.Shadow.CSM.MaxCascades:10]]
[2023.03.30-21.29.52:226][  0]LogConfig: Setting CVar [[r.Shadow.MaxResolution:2048]]
[2023.03.30-21.29.52:226][  0]LogConfig: Setting CVar [[r.Shadow.MaxCSMResolution:2048]]
[2023.03.30-21.29.52:226][  0]LogConfig: Setting CVar [[r.Shadow.RadiusThreshold:0.01]]
[2023.03.30-21.29.52:226][  0]LogConfig: Setting CVar [[r.Shadow.DistanceScale:1.0]]
[2023.03.30-21.29.52:226][  0]LogConfig: Setting CVar [[r.Shadow.CSM.TransitionScale:1.0]]
[2023.03.30-21.29.52:226][  0]LogConfig: Setting CVar [[r.Shadow.PreShadowResolutionFactor:1.0]]
[2023.03.30-21.29.52:226][  0]LogConfig: Setting CVar [[r.DistanceFieldShadowing:1]]
[2023.03.30-21.29.52:226][  0]LogConfig: Setting CVar [[r.DistanceFieldAO:1]]
[2023.03.30-21.29.52:226][  0]LogConfig: Setting CVar [[r.AOQuality:2]]
[2023.03.30-21.29.52:226][  0]LogConfig: Setting CVar [[r.VolumetricFog:1]]
[2023.03.30-21.29.52:226][  0]LogConfig: Setting CVar [[r.VolumetricFog.GridPixelSize:8]]
[2023.03.30-21.29.52:226][  0]LogConfig: Setting CVar [[r.VolumetricFog.GridSizeZ:128]]
[2023.03.30-21.29.52:226][  0]LogConfig: Setting CVar [[r.VolumetricFog.HistoryMissSupersampleCount:4]]
[2023.03.30-21.29.52:226][  0]LogConfig: Setting CVar [[r.LightMaxDrawDistanceScale:1]]
[2023.03.30-21.29.52:226][  0]LogConfig: Setting CVar [[r.CapsuleShadows:1]]
[2023.03.30-21.29.52:226][  0]LogConfig: Applying CVar settings from Section [PostProcessQuality@3] File [../../../BattleGridMech/Game/Unreal 4.27/Saved/Config/Windows/Scalability.ini]
[2023.03.30-21.29.52:226][  0]LogConfig: Setting CVar [[r.MotionBlurQuality:4]]
[2023.03.30-21.29.52:226][  0]LogConfig: Setting CVar [[r.AmbientOcclusionMipLevelFactor:0.4]]
[2023.03.30-21.29.52:226][  0]LogConfig: Setting CVar [[r.AmbientOcclusionMaxQuality:100]]
[2023.03.30-21.29.52:226][  0]LogConfig: Setting CVar [[r.AmbientOcclusionLevels:-1]]
[2023.03.30-21.29.52:226][  0]LogConfig: Setting CVar [[r.AmbientOcclusionRadiusScale:1.0]]
[2023.03.30-21.29.52:226][  0]LogConfig: Setting CVar [[r.DepthOfFieldQuality:2]]
[2023.03.30-21.29.52:226][  0]LogConfig: Setting CVar [[r.RenderTargetPoolMin:400]]
[2023.03.30-21.29.52:226][  0]LogConfig: Setting CVar [[r.LensFlareQuality:2]]
[2023.03.30-21.29.52:226][  0]LogConfig: Setting CVar [[r.SceneColorFringeQuality:1]]
[2023.03.30-21.29.52:226][  0]LogConfig: Setting CVar [[r.EyeAdaptationQuality:2]]
[2023.03.30-21.29.52:226][  0]LogConfig: Setting CVar [[r.BloomQuality:5]]
[2023.03.30-21.29.52:226][  0]LogConfig: Setting CVar [[r.FastBlurThreshold:100]]
[2023.03.30-21.29.52:226][  0]LogConfig: Setting CVar [[r.Upscale.Quality:3]]
[2023.03.30-21.29.52:226][  0]LogConfig: Setting CVar [[r.Tonemapper.GrainQuantization:1]]
[2023.03.30-21.29.52:226][  0]LogConfig: Setting CVar [[r.LightShaftQuality:1]]
[2023.03.30-21.29.52:226][  0]LogConfig: Setting CVar [[r.Filter.SizeScale:1]]
[2023.03.30-21.29.52:226][  0]LogConfig: Setting CVar [[r.Tonemapper.Quality:5]]
[2023.03.30-21.29.52:226][  0]LogConfig: Setting CVar [[r.DOF.Gather.AccumulatorQuality:1        ; higher gathering accumulator quality]]
[2023.03.30-21.29.52:226][  0]LogConfig: Setting CVar [[r.DOF.Gather.PostfilterMethod:1          ; Median3x3 postfilering method]]
[2023.03.30-21.29.52:226][  0]LogConfig: Setting CVar [[r.DOF.Gather.EnableBokehSettings:0       ; no bokeh simulation when gathering]]
[2023.03.30-21.29.52:226][  0]LogConfig: Setting CVar [[r.DOF.Gather.RingCount:4                 ; medium number of samples when gathering]]
[2023.03.30-21.29.52:226][  0]LogConfig: Setting CVar [[r.DOF.Scatter.ForegroundCompositing:1    ; additive foreground scattering]]
[2023.03.30-21.29.52:226][  0]LogConfig: Setting CVar [[r.DOF.Scatter.BackgroundCompositing:2    ; additive background scattering]]
[2023.03.30-21.29.52:226][  0]LogConfig: Setting CVar [[r.DOF.Scatter.EnableBokehSettings:1      ; bokeh simulation when scattering]]
[2023.03.30-21.29.52:226][  0]LogConfig: Setting CVar [[r.DOF.Scatter.MaxSpriteRatio:0.1         ; only a maximum of 10% of scattered bokeh]]
[2023.03.30-21.29.52:226][  0]LogConfig: Setting CVar [[r.DOF.Recombine.Quality:1                ; cheap slight out of focus]]
[2023.03.30-21.29.52:226][  0]LogConfig: Setting CVar [[r.DOF.Recombine.EnableBokehSettings:0    ; no bokeh simulation on slight out of focus]]
[2023.03.30-21.29.52:226][  0]LogConfig: Setting CVar [[r.DOF.TemporalAAQuality:1                ; more stable temporal accumulation]]
[2023.03.30-21.29.52:226][  0]LogConfig: Setting CVar [[r.DOF.Kernel.MaxForegroundRadius:0.025]]
[2023.03.30-21.29.52:226][  0]LogConfig: Setting CVar [[r.DOF.Kernel.MaxBackgroundRadius:0.025]]
[2023.03.30-21.29.52:226][  0]LogConfig: Applying CVar settings from Section [TextureQuality@3] File [../../../BattleGridMech/Game/Unreal 4.27/Saved/Config/Windows/Scalability.ini]
[2023.03.30-21.29.52:226][  0]LogConfig: Setting CVar [[r.Streaming.MipBias:0]]
[2023.03.30-21.29.52:226][  0]LogConfig: Setting CVar [[r.Streaming.AmortizeCPUToGPUCopy:0]]
[2023.03.30-21.29.52:226][  0]LogConfig: Setting CVar [[r.Streaming.MaxNumTexturesToStreamPerFrame:0]]
[2023.03.30-21.29.52:226][  0]LogConfig: Setting CVar [[r.Streaming.Boost:1]]
[2023.03.30-21.29.52:226][  0]LogConfig: Setting CVar [[r.MaxAnisotropy:8]]
[2023.03.30-21.29.52:226][  0]LogConfig: Setting CVar [[r.VT.MaxAnisotropy:8]]
[2023.03.30-21.29.52:227][  0]LogConfig: Setting CVar [[r.Streaming.LimitPoolSizeToVRAM:0]]
[2023.03.30-21.29.52:227][  0]LogConfig: Setting CVar [[r.Streaming.PoolSize:1000]]
[2023.03.30-21.29.52:227][  0]LogConfig: Setting CVar [[r.Streaming.MaxEffectiveScreenSize:0]]
[2023.03.30-21.29.52:227][  0]LogConfig: Applying CVar settings from Section [EffectsQuality@3] File [../../../BattleGridMech/Game/Unreal 4.27/Saved/Config/Windows/Scalability.ini]
[2023.03.30-21.29.52:227][  0]LogConfig: Setting CVar [[r.TranslucencyLightingVolumeDim:64]]
[2023.03.30-21.29.52:227][  0]LogConfig: Setting CVar [[r.RefractionQuality:2]]
[2023.03.30-21.29.52:227][  0]LogConfig: Setting CVar [[r.SSR.Quality:3]]
[2023.03.30-21.29.52:227][  0]LogConfig: Setting CVar [[r.SSR.HalfResSceneColor:0]]
[2023.03.30-21.29.52:227][  0]LogConfig: Setting CVar [[r.SceneColorFormat:4]]
[2023.03.30-21.29.52:227][  0]LogConfig: Setting CVar [[r.DetailMode:2]]
[2023.03.30-21.29.52:227][  0]LogConfig: Setting CVar [[r.TranslucencyVolumeBlur:1]]
[2023.03.30-21.29.52:227][  0]LogConfig: Setting CVar [[r.MaterialQualityLevel:1 ; High quality]]
[2023.03.30-21.29.52:227][  0]LogConfig: Setting CVar [[r.AnisotropicMaterials:1]]
[2023.03.30-21.29.52:227][  0]LogConfig: Setting CVar [[r.SSS.Scale:1]]
[2023.03.30-21.29.52:227][  0]LogConfig: Setting CVar [[r.SSS.SampleSet:2]]
[2023.03.30-21.29.52:227][  0]LogConfig: Setting CVar [[r.SSS.Quality:1]]
[2023.03.30-21.29.52:227][  0]LogConfig: Setting CVar [[r.SSS.HalfRes:0]]
[2023.03.30-21.29.52:227][  0]LogConfig: Setting CVar [[r.SSGI.Quality:3]]
[2023.03.30-21.29.52:227][  0]LogConfig: Setting CVar [[r.EmitterSpawnRateScale:1.0]]
[2023.03.30-21.29.52:227][  0]LogConfig: Setting CVar [[r.ParticleLightQuality:2]]
[2023.03.30-21.29.52:227][  0]LogConfig: Setting CVar [[r.SkyAtmosphere.AerialPerspectiveLUT.FastApplyOnOpaque:1 ; Always have FastSkyLUT 1 in this case to avoid wrong sky]]
[2023.03.30-21.29.52:227][  0]LogConfig: Setting CVar [[r.SkyAtmosphere.AerialPerspectiveLUT.SampleCountMaxPerSlice:4]]
[2023.03.30-21.29.52:227][  0]LogConfig: Setting CVar [[r.SkyAtmosphere.AerialPerspectiveLUT.DepthResolution:16.0]]
[2023.03.30-21.29.52:227][  0]LogConfig: Setting CVar [[r.SkyAtmosphere.FastSkyLUT:1]]
[2023.03.30-21.29.52:227][  0]LogConfig: Setting CVar [[r.SkyAtmosphere.FastSkyLUT.SampleCountMin:4.0]]
[2023.03.30-21.29.52:227][  0]LogConfig: Setting CVar [[r.SkyAtmosphere.FastSkyLUT.SampleCountMax:128.0]]
[2023.03.30-21.29.52:227][  0]LogConfig: Setting CVar [[r.SkyAtmosphere.SampleCountMin:4.0]]
[2023.03.30-21.29.52:227][  0]LogConfig: Setting CVar [[r.SkyAtmosphere.SampleCountMax:128.0]]
[2023.03.30-21.29.52:227][  0]LogConfig: Setting CVar [[r.SkyAtmosphere.TransmittanceLUT.UseSmallFormat:0]]
[2023.03.30-21.29.52:227][  0]LogConfig: Setting CVar [[r.SkyAtmosphere.TransmittanceLUT.SampleCount:10.0]]
[2023.03.30-21.29.52:227][  0]LogConfig: Setting CVar [[r.SkyAtmosphere.MultiScatteringLUT.SampleCount:15.0]]
[2023.03.30-21.29.52:227][  0]LogConfig: Setting CVar [[r.SkyLight.RealTimeReflectionCapture:1]]
[2023.03.30-21.29.52:227][  0]LogConfig: Applying CVar settings from Section [FoliageQuality@3] File [../../../BattleGridMech/Game/Unreal 4.27/Saved/Config/Windows/Scalability.ini]
[2023.03.30-21.29.52:227][  0]LogConfig: Setting CVar [[foliage.DensityScale:1.0]]
[2023.03.30-21.29.52:227][  0]LogConfig: Setting CVar [[grass.DensityScale:1.0]]
[2023.03.30-21.29.52:227][  0]LogConfig: Applying CVar settings from Section [ShadingQuality@3] File [../../../BattleGridMech/Game/Unreal 4.27/Saved/Config/Windows/Scalability.ini]
[2023.03.30-21.29.52:227][  0]LogConfig: Setting CVar [[r.HairStrands.SkyLighting.IntegrationType:2]]
[2023.03.30-21.29.52:227][  0]LogConfig: Setting CVar [[r.HairStrands.SkyAO.SampleCount:4]]
[2023.03.30-21.29.52:227][  0]LogConfig: Setting CVar [[r.HairStrands.Visibility.MSAA.SamplePerPixel:4]]
[2023.03.30-21.29.52:227][  0]LogConfig: Applying CVar settings from Section [Startup] File [../../../Engine/Config/ConsoleVariables.ini]
[2023.03.30-21.29.52:227][  0]LogConfig: Setting CVar [[net.UseAdaptiveNetUpdateFrequency:0]]
[2023.03.30-21.29.52:227][  0]LogConfig: Setting CVar [[p.chaos.AllowCreatePhysxBodies:1]]
[2023.03.30-21.29.52:227][  0]LogConfig: Setting CVar [[fx.SkipVectorVMBackendOptimizations:1]]
[2023.03.30-21.29.52:227][  0]LogConfig: Applying CVar settings from Section [ConsoleVariables] File [../../../BattleGridMech/Game/Unreal 4.27/Saved/Config/Windows/Engine.ini]
[2023.03.30-21.29.52:227][  0]LogConfig: Applying CVar settings from Section [ConsoleVariables] File [../../../BattleGridMech/Game/Unreal 4.27/Saved/Config/Windows/Editor.ini]
[2023.03.30-21.29.52:227][  0]LogInit: Computer: DESKTOP-ID3KDQ6
[2023.03.30-21.29.52:227][  0]LogInit: User: rulen
[2023.03.30-21.29.52:227][  0]LogInit: CPU Page size=4096, Cores=6
[2023.03.30-21.29.52:227][  0]LogInit: High frequency timer resolution =10.000000 MHz
[2023.03.30-21.29.52:228][  0]LogMemory: Memory total: Physical=15.4GB (16GB approx)
[2023.03.30-21.29.52:228][  0]LogMemory: Platform Memory Stats for Windows
[2023.03.30-21.29.52:228][  0]LogMemory: Process Physical Memory: 144.62 MB used, 144.62 MB peak
[2023.03.30-21.29.52:228][  0]LogMemory: Process Virtual Memory: 127.63 MB used, 127.63 MB peak
[2023.03.30-21.29.52:228][  0]LogMemory: Physical Memory: 9594.00 MB used,  6125.89 MB free, 15719.89 MB total
[2023.03.30-21.29.52:228][  0]LogMemory: Virtual Memory: 134213240.00 MB used,  4488.64 MB free, 134217728.00 MB total
[2023.03.30-21.29.52:232][  0]LogWindows: WindowsPlatformFeatures enabled
[2023.03.30-21.29.52:252][  0]LogInit: Physics initialised using underlying interface: PhysX
[2023.03.30-21.29.52:252][  0]LogInit: Using OS detected language (en-US).
[2023.03.30-21.29.52:252][  0]LogInit: Using OS detected locale (en-US).
[2023.03.30-21.29.52:258][  0]LogTextLocalizationManager: No specific localization for 'en-US' exists, so the 'en' localization will be used.
[2023.03.30-21.29.52:497][  0]LogWindowsTextInputMethodSystem: Display: IME system deactivated.
[2023.03.30-21.29.52:521][  0]LogSlate: New Slate User Created.  User Index 0, Is Virtual User: 0
[2023.03.30-21.29.52:521][  0]LogSlate: Slate User Registered.  User Index 0, Is Virtual User: 0
[2023.03.30-21.29.52:529][  0]LogD3D11RHI: Loaded GFSDK_Aftermath_Lib.x64.dll
[2023.03.30-21.29.52:531][  0]LogHMD: Failed to initialize OpenVR with code 110
[2023.03.30-21.29.52:531][  0]LogD3D11RHI: D3D11 min allowed feature level: 11_0
[2023.03.30-21.29.52:531][  0]LogD3D11RHI: D3D11 max allowed feature level: 11_0
[2023.03.30-21.29.52:531][  0]LogD3D11RHI: D3D11 adapters:
[2023.03.30-21.29.52:564][  0]LogD3D11RHI:    0. 'AMD Radeon(TM) Graphics' (Feature Level 11_0)
[2023.03.30-21.29.52:564][  0]LogD3D11RHI:       496/0/7859 MB DedicatedVideo/DedicatedSystem/SharedSystem, Outputs:1, VendorId:0x1002
[2023.03.30-21.29.52:565][  0]LogD3D11RHI:    1. 'Microsoft Basic Render Driver' (Feature Level 11_0)
[2023.03.30-21.29.52:565][  0]LogD3D11RHI:       0/0/7859 MB DedicatedVideo/DedicatedSystem/SharedSystem, Outputs:0, VendorId:0x1414
[2023.03.30-21.29.52:565][  0]LogD3D11RHI: Chosen D3D11 Adapter:
[2023.03.30-21.29.52:565][  0]LogD3D11RHI:     Description : AMD Radeon(TM) Graphics
[2023.03.30-21.29.52:565][  0]LogD3D11RHI:     VendorId    : 1002
[2023.03.30-21.29.52:565][  0]LogD3D11RHI:     DeviceId    : 1638
[2023.03.30-21.29.52:565][  0]LogD3D11RHI:     SubSysId    : d0001458
[2023.03.30-21.29.52:566][  0]LogD3D11RHI:     Revision    : 00c9
[2023.03.30-21.29.52:566][  0]LogD3D11RHI:     DedicatedVideoMemory : 520273920 bytes
[2023.03.30-21.29.52:566][  0]LogD3D11RHI:     DedicatedSystemMemory : 0 bytes
[2023.03.30-21.29.52:566][  0]LogD3D11RHI:     SharedSystemMemory : 8241752064 bytes
[2023.03.30-21.29.52:566][  0]LogD3D11RHI:     AdapterLuid : 0 39674
[2023.03.30-21.29.52:571][  0]LogD3D11RHI: Creating new Direct3DDevice
[2023.03.30-21.29.52:571][  0]LogD3D11RHI:     GPU DeviceId: 0x1638 (for the marketing name, search the web for "GPU Device Id")
[2023.03.30-21.29.52:571][  0]LogWindows: EnumDisplayDevices:
[2023.03.30-21.29.52:571][  0]LogWindows:    0. 'AMD Radeon(TM) Graphics' (P:1 D:1)
[2023.03.30-21.29.52:571][  0]LogWindows:    1. 'AMD Radeon(TM) Graphics' (P:0 D:0)
[2023.03.30-21.29.52:572][  0]LogWindows:    2. 'AMD Radeon(TM) Graphics' (P:0 D:0)
[2023.03.30-21.29.52:572][  0]LogWindows: DebugString: FoundDriverCount:3 
[2023.03.30-21.29.52:572][  0]LogD3D11RHI:     Adapter Name: AMD Radeon(TM) Graphics
[2023.03.30-21.29.52:572][  0]LogD3D11RHI:   Driver Version: Adrenalin 21.30.14 (internal:30.0.13014.8, unified:30.0.13014.8)
[2023.03.30-21.29.52:572][  0]LogD3D11RHI:      Driver Date: 8-26-2021
[2023.03.30-21.29.52:572][  0]LogRHI: Texture pool is 5377 MB (70% of 7682 MB)
[2023.03.30-21.29.52:577][  0]LogD3D11RHI: Creating D3DDevice with AMD AGS, using adapter:
[2023.03.30-21.29.52:577][  0]LogD3D11RHI:     Description : AMD Radeon(TM) Graphics
[2023.03.30-21.29.52:578][  0]LogD3D11RHI:     VendorId    : 1002
[2023.03.30-21.29.52:578][  0]LogD3D11RHI:     DeviceId    : 1638
[2023.03.30-21.29.52:578][  0]LogD3D11RHI:     SubSysId    : d0001458
[2023.03.30-21.29.52:578][  0]LogD3D11RHI:     Revision    : 00c9
[2023.03.30-21.29.52:578][  0]LogD3D11RHI:     DedicatedVideoMemory : 520273920 bytes
[2023.03.30-21.29.52:578][  0]LogD3D11RHI:     DedicatedSystemMemory : 0 bytes
[2023.03.30-21.29.52:578][  0]LogD3D11RHI:     SharedSystemMemory : 8241752064 bytes
[2023.03.30-21.29.52:578][  0]LogD3D11RHI:     AdapterLuid : 0 39674
[2023.03.30-21.29.52:604][  0]LogD3D11RHI: Created device via AGS, feature level 11_0, supported extensions 1fffffbf.
[2023.03.30-21.29.52:604][  0]LogD3D11RHI: RHI has support for 64 bit atomics
[2023.03.30-21.29.52:604][  0]LogD3D11RHI: Async texture creation enabled
[2023.03.30-21.29.52:604][  0]LogD3D11RHI: Array index from any shader is supported
[2023.03.30-21.29.52:616][  0]LogD3D11RHI: GPU Timing Frequency: 100.000000 (Debug: 2 1)
[2023.03.30-21.29.52:914][  0]LogTargetPlatformManager: Display: Loaded TargetPlatform 'WindowsNoEditor'
[2023.03.30-21.29.52:918][  0]LogTargetPlatformManager: Display: Loaded TargetPlatform 'Windows'
[2023.03.30-21.29.52:921][  0]LogTargetPlatformManager: Display: Loaded TargetPlatform 'WindowsClient'
[2023.03.30-21.29.52:924][  0]LogTargetPlatformManager: Display: Loaded TargetPlatform 'WindowsServer'
[2023.03.30-21.29.52:924][  0]LogTargetPlatformManager: Display: Building Assets For Windows
[2023.03.30-21.29.52:929][  0]LogAudioDebug: Display: Lib vorbis DLL was dynamically loaded.
[2023.03.30-21.29.52:951][  0]LogTextureFormatOodle: Display: Oodle Texture 2.9.0 init RDO Off
[2023.03.30-21.29.52:972][  0]LogRendererCore: Ray tracing is disabled. Reason: r.RayTracing=0.
[2023.03.30-21.29.52:972][  0]LogShaderCompilers: Guid format shader working directory is 6 characters bigger than the processId version (../../../BattleGridMech/Game/Unreal 4.27/Intermediate/Shaders/WorkingDirectory/6320/).
[2023.03.30-21.29.52:972][  0]LogShaderCompilers: Cleaned the shader compiler working directory 'C:/Users/rulen/AppData/Local/Temp/UnrealShaderWorkingDir/80FF76A84A1066DE602DA2B96DACCACE/'.
[2023.03.30-21.29.52:972][  0]LogXGEController: Cannot use XGE Controller as Incredibuild is not installed on this machine.
[2023.03.30-21.29.52:972][  0]LogShaderCompilers: Cannot use XGE Shader Compiler as Incredibuild is not installed on this machine.
[2023.03.30-21.29.52:972][  0]LogShaderCompilers: Display: Using Local Shader Compiler.
[2023.03.30-21.29.53:552][  0]LogDerivedDataCache: Display: Max Cache Size: 512 MB
[2023.03.30-21.29.53:602][  0]LogDerivedDataCache: Loaded boot cache 0.05s 94MB C:/Users/rulen/AppData/Local/UnrealEngine/4.27/DerivedDataCache/Boot.ddc.
[2023.03.30-21.29.53:602][  0]LogDerivedDataCache: Display: Loaded Boot cache: C:/Users/rulen/AppData/Local/UnrealEngine/4.27/DerivedDataCache/Boot.ddc
[2023.03.30-21.29.53:602][  0]LogDerivedDataCache: FDerivedDataBackendGraph:  Pak pak cache file ../../../BattleGridMech/Game/Unreal 4.27/DerivedDataCache/DDC.ddp not found, will not use a pak cache.
[2023.03.30-21.29.53:602][  0]LogDerivedDataCache: Unable to find inner node Pak for hierarchical cache Hierarchy.
[2023.03.30-21.29.53:603][  0]LogDerivedDataCache: FDerivedDataBackendGraph:  CompressedPak pak cache file ../../../BattleGridMech/Game/Unreal 4.27/DerivedDataCache/Compressed.ddp not found, will not use a pak cache.
[2023.03.30-21.29.53:603][  0]LogDerivedDataCache: Unable to find inner node CompressedPak for hierarchical cache Hierarchy.
[2023.03.30-21.29.53:617][  0]LogDerivedDataCache: Display: Pak cache opened for reading ../../../Engine/DerivedDataCache/Compressed.ddp.
[2023.03.30-21.29.53:617][  0]LogDerivedDataCache: FDerivedDataBackendGraph:  EnterprisePak pak cache file ../../../Enterprise/DerivedDataCache/Compressed.ddp not found, will not use a pak cache.
[2023.03.30-21.29.53:617][  0]LogDerivedDataCache: Unable to find inner node EnterprisePak for hierarchical cache Hierarchy.
[2023.03.30-21.29.53:623][  0]LogDerivedDataCache: Speed tests for C:/Users/rulen/AppData/Local/UnrealEngine/Common/DerivedDataCache took 0.01 seconds
[2023.03.30-21.29.53:623][  0]LogDerivedDataCache: Display: Performance to C:/Users/rulen/AppData/Local/UnrealEngine/Common/DerivedDataCache: Latency=0.02ms. RandomReadSpeed=966.11MBs, RandomWriteSpeed=197.95MBs. Assigned SpeedClass 'Local'
[2023.03.30-21.29.53:624][  0]LogDerivedDataCache: Using Local data cache path C:/Users/rulen/AppData/Local/UnrealEngine/Common/DerivedDataCache: Writable
[2023.03.30-21.29.53:624][  0]LogDerivedDataCache: Shared data cache path not found in *engine.ini, will not use an Shared cache.
[2023.03.30-21.29.53:624][  0]LogDerivedDataCache: Unable to find inner node Shared for hierarchical cache Hierarchy.
[2023.03.30-21.29.53:653][  0]LogSlate: Using FreeType 2.10.0
[2023.03.30-21.29.53:654][  0]LogSlate: SlateFontServices - WITH_FREETYPE: 1, WITH_HARFBUZZ: 1
[2023.03.30-21.29.53:719][  0]LogInit: Using OS detected language (en-US).
[2023.03.30-21.29.53:719][  0]LogInit: Using OS detected locale (en-US).
[2023.03.30-21.29.53:719][  0]LogTextLocalizationManager: No localization for 'en-US' exists, so 'en' will be used for the language.
[2023.03.30-21.29.53:719][  0]LogTextLocalizationManager: No localization for 'en-US' exists, so 'en' will be used for the locale.
[2023.03.30-21.29.53:719][  0]LogSlate: FontCache flush requested. Reason: Culture for localization was changed
[2023.03.30-21.29.53:719][  0]LogSlate: FontCache flush requested. Reason: Culture for localization was changed
[2023.03.30-21.29.53:721][  0]LogTextLocalizationManager: Compacting localization data took   0.00ms
[2023.03.30-21.29.53:721][  0]LogAssetRegistry: FAssetRegistry took 0.0013 seconds to start up
[2023.03.30-21.29.53:860][  0]LogPackageLocalizationCache: Processed 27 localized package path(s) for 1 prioritized culture(s) in 0.000949 seconds
[2023.03.30-21.29.53:908][  0]LogInit: Selected Device Profile: [Windows]
[2023.03.30-21.29.53:908][  0]LogInit: Active device profile: [000002678A1C9E00][0000026784495A40 49] Windows
[2023.03.30-21.29.53:908][  0]LogInit: Profiles: [000002678A1C9E00][0000026784495A40 49] Windows, [000002678A182000][000002678449DBC0 49] WindowsNoEditor, [000002678A1CA200][00000267844A01C0 49] WindowsServer, [000002678A180500][00000267844A4340 49] WindowsClient, [000002678A1C8700][00000267844A84C0 49] IOS, [000002678A182900][00000267844AC640 49] iPadAir, [000002678A1CAD00][00000267844B07C0 49] iPadAir2, [000002678A132000][00000267844B8A80 49] IPadPro, [000002678A132100][00000267844B4AC0 49] iPadAir3, [000002678A1C9500][00000267844BCC40 49] iPadAir4, [000002678A133800][00000267844C0DC0 49] iPadMini2, [000002678A1CB800][00000267844C4F40 49] iPadMini3, [000002678A131700][00000267844C90C0 49] iPadMini4, [000002678A1C8C00][00000267844CD240 49] iPadMini5, [000002678A169300][00000267844D1480 49] iPhone6, [000002678A169400][00000267844994C0 49] iPodTouch6, [000002678A181900][00000267844D9700 49] iPhone7, [000002678A182C00][00000267844D5740 49] iPodTouch7, [000002678A133200][00000267844E18C0 49] iPhone5S, [000002678A180900][00000267844E5A40 49] iPhone6Plus, [000002678A131F00][00000267844E9BC0 49] iPhone6S, [000002678A183200][00000267844EC1C0 49] iPhone6SPlus, [000002678A132200][00000267844F0340 49] iPhone7Plus, [000002678A131600][00000267844F44C0 49] iPhoneSE, [000002678A169900][00000267844F8640 49] iPhone8, [000002678A131D00][00000267844FC7C0 49] iPhone8Plus, [000002678A16B200][0000026784500940 49] iPhoneX, [000002678A132C00][0000026784504AC0 49] iPhoneXS, [000002678A16B100][0000026784508C40 49] iPhoneXSMax, [000002678A168B00][000002678450CDC0 49] iPhoneXR, [000002678A181200][00000267829C0F40 49] iPhone11, [000002678A16B700][00000267829C50C0 49] iPhone11Pro, [000002678A132700][00000267829C9240 49] iPhone11ProMax, [000002678A16A200][00000267829CD3C0 49] iPhoneSE2, [000002678A132300][00000267844DD500 49] iPhone12Mini, [000002678A168300][00000267829D1640 49] iPhone12, [000002678A132E00][00000267829D5780 49] iPhone12Pro, [000002678A16A600][00000267829D98C0 49] iPhone12ProMax, [000002678A133300][00000267829E1A40 49] iPadPro105, [000002678A168E00][00000267829E5BC0 49] iPadPro129, [000002678A132600][00000267829E81C0 49] iPadPro97, [000002678A16B900][00000267829EC340 49] iPadPro2_129, [000002678A131E00][00000267829F04C0 49] iPad5, [000002678A16A000][00000267829F4640 49] iPad6, [000002678A131000][00000267829F87C0 49] iPad7, [000002678A168900][00000267829FC940 49] iPad8, [000002678A133900][0000026782A00AC0 49] iPadPro11, [000002678A169500][0000026782A04C40 49] iPadPro2_11, [000002678A133500][0000026782A08DC0 49] iPadPro3_129, [000002678A168A00][0000026782A0CF40 49] iPadPro4_129, [000002678A130E00][0000026782A110C0 49] AppleTV, [000002678A169700][0000026782A15240 49] AppleTV4K, [000002678A133D00][0000026782A193C0 49] TVOS, [000002678A169000][0000026782A1D540 49] Mac, [000002678A133600][0000026782A216C0 49] MacClient, [000002678A16BD00][00000267829DD800 49] MacNoEditor, [000002678A130900][0000026782A25940 49] MacServer, [000002678A16A500][0000026782A29A80 49] Linux, [000002678A132D00][0000026782A31C00 49] LinuxAArch64, [000002678A16AC00][0000026782A34200 49] LinuxNoEditor, [000002678A132800][0000026782A38380 49] LinuxAArch64NoEditor, [000002678A169800][0000026782A3C500 49] LinuxClient, [000002678A130200][0000026782A40680 49] LinuxAArch64Client, [000002678A16B300][0000026782A44800 49] LinuxServer, [000002678A132900][0000026782A48980 49] LinuxAArch64Server, [000002678A169C00][0000026782A4CB00 49] Android, [000002678A131B00][0000026782A50C80 49] Android_Low, [000002678A168200][0000026782A54E00 49] Android_Mid, [000002678A130300][0000026782A58F80 49] Android_High, [000002678A16B400][0000026782A5D100 49] Android_Default, [000002678A131100][0000026782A61280 49] Android_Adreno4xx, [000002678A16B600][0000026782A65440 49] Android_Adreno5xx_Low, [000002678A131900][0000026782A695C0 49] Android_Adreno5xx, [000002678A169F00][0000026782A6D740 49] Android_Adreno6xx, [000002678A133A00][0000026782A718C0 49] Android_Adreno6xx_Vulkan, [000002678A168F00][0000026782A2DA00 49] Android_Mali_T6xx, [000002678A132B00][0000026782A75B40 49] Android_Mali_T7xx, [000002678A169100][0000026782A78100 49] Android_Mali_T8xx, [000002678A183D00][0000026782A80280 49] Android_Mali_G71, [000002678A1C9700][0000026782A84400 49] Android_Mali_G72, [000002678A180200][0000026782A88580 49] Android_Mali_G72_Vulkan, [000002678A1C8800][0000026782A8C700 49] Android_Mali_G76, [000002678A183900][0000026782A90880 49] Android_Mali_G76_Vulkan, [000002678A1C8A00][0000026782A94A00 49] Android_Mali_G77, [000002678A180D00][0000026782A98B80 49] Android_Mali_G77_Vulkan, [000002678A1C9F00][0000026782A9CD00 49] Android_Mali_G78, [000002678A180600][0000026782AA0E80 49] Android_Mali_G78_Vulkan, [000002678A1CA300][0000026782AA5000 49] Android_Mali_G710, [000002678A183C00][0000026782AA9180 49] Android_Mali_G710_Vulkan, [000002678A1C8200][0000026782AAD300 49] Android_Vulkan_SM5, [000002678A181100][0000026782AB1480 49] Android_PowerVR_G6xxx, [000002678A1CB600][0000026782AB5600 49] Android_PowerVR_GT7xxx, [000002678A183400][0000026782AB9780 49] Android_PowerVR_GE8xxx, [000002678A1C9B00][0000026782ABD900 49] Android_PowerVR_GM9xxx, [000002678A181700][0000026782AC1A80 49] Android_PowerVR_GM9xxx_Vulkan, [000002678A1C9900][0000026782A7DBC0 49] Android_TegraK1, [000002678A183E00][0000026782AC4180 49] Android_Unknown_Vulkan, [000002678A1C9A00][0000026782AC82C0 49] Lumin, [000002678A180F00][0000026782AD0440 49] Lumin_Desktop, [000002678A1CB900][0000026782AD45C0 49] HoloLens, 
[2023.03.30-21.29.53:937][  0]LogMeshReduction: Using QuadricMeshReduction for automatic static mesh reduction
[2023.03.30-21.29.53:937][  0]LogMeshReduction: Using SimplygonMeshReduction for automatic skeletal mesh reduction
[2023.03.30-21.29.53:937][  0]LogMeshReduction: Using ProxyLODMeshReduction for automatic mesh merging
[2023.03.30-21.29.53:937][  0]LogMeshReduction: No distributed automatic mesh merging module available
[2023.03.30-21.29.53:937][  0]LogMeshMerging: No distributed automatic mesh merging module available
[2023.03.30-21.29.54:010][  0]LogNetVersion: BattleGridMech 1.0.0, NetCL: 17155196, EngineNetVer: 17, GameNetVer: 0 (Checksum: 3792557966)
[2023.03.30-21.29.54:185][  0]LogTexture: Default maximum texture size for cubemaps generated from long-lat sources has been changed from 512 to unlimited. In order to preserve old behaiour for '/Engine/MapTemplates/Sky/DaylightAmbientCubemap.DaylightAmbientCubemap', its maximum texture size has been explicitly set to 512.
[2023.03.30-21.29.54:228][  0]LogHMD: PokeAHoleMaterial loaded successfully
[2023.03.30-21.29.54:303][  0]LogMoviePlayer: Initializing movie player
[2023.03.30-21.29.54:389][  0]LogNiagaraDebuggerClient: Niagara Debugger Client Initialized | Session: C9BAEF6448B713A9A5FA0E9B69607077 | Instance: 687C60AF43D032CEE922A3906876880B (DESKTOP-ID3KDQ6-6320).
[2023.03.30-21.29.54:404][  0]LogCollectionManager: Loaded 0 collections in 0.001267 seconds
[2023.03.30-21.29.54:406][  0]LogFileCache: Scanning file cache for directory 'C:/Program Files/Epic Games/UE_4.27/BattleGridMech/Game/Unreal 4.27/Saved/Collections/' took 0.00s
[2023.03.30-21.29.54:406][  0]LogFileCache: Scanning file cache for directory 'C:/Program Files/Epic Games/UE_4.27/BattleGridMech/Game/Unreal 4.27/Content/Developers/rulen/Collections/' took 0.00s
[2023.03.30-21.29.54:406][  0]LogFileCache: Scanning file cache for directory 'C:/Program Files/Epic Games/UE_4.27/BattleGridMech/Game/Unreal 4.27/Content/Collections/' took 0.00s
[2023.03.30-21.29.54:406][  0]LogCollectionManager: Fixed up redirectors for 0 collections in 0.000001 seconds (updated 0 objects)
[2023.03.30-21.29.54:429][  0]LogPython: Using Python 3.7.7
[2023.03.30-21.29.54:853][  0]LogTcpMessaging: Initializing TcpMessaging bridge
[2023.03.30-21.29.54:855][  0]LogUdpMessaging: Initializing bridge on interface 0.0.0.0:0 to multicast group 230.0.0.1:6666.
[2023.03.30-21.29.54:924][  0]SourceControl: Source control is disabled
[2023.03.30-21.29.54:924][  0]SourceControl: Source control is disabled
[2023.03.30-21.29.54:926][  0]SourceControl: Source control is disabled
[2023.03.30-21.29.54:930][  0]LogUProjectInfo: Found projects:
[2023.03.30-21.29.54:989][  0]LogOpenImageDenoise: OIDN starting up
[2023.03.30-21.29.55:014][  0]LogAndroidPermission: UAndroidPermissionCallbackProxy::GetInstance
[2023.03.30-21.29.55:029][  0]LogAudioCaptureCore: Display: No Audio Capture implementations found. Audio input will be silent.
[2023.03.30-21.29.55:029][  0]LogAudioCaptureCore: Display: No Audio Capture implementations found. Audio input will be silent.
[2023.03.30-21.29.55:080][  0]LogOcInput: OculusInput pre-init called
[2023.03.30-21.29.55:088][  0]LogUObjectArray: 22144 objects as part of root set at end of initial load.
[2023.03.30-21.29.55:088][  0]LogUObjectAllocator: 5989984 out of 0 bytes used by permanent object pool.
[2023.03.30-21.29.55:088][  0]LogUObjectArray: CloseDisregardForGC: 0/0 objects in disregard for GC pool
[2023.03.30-21.29.55:125][  0]LogEngine: Initializing Engine...
[2023.03.30-21.29.55:127][  0]LogHMD: Failed to enumerate extensions. Please check that you have a valid OpenXR runtime installed.
[2023.03.30-21.29.55:127][  0]LogHMD: Failed to initialize OpenVR with code 110
[2023.03.30-21.29.55:127][  0]LogMagicLeap: Warning: VR disabled because ZI is not enabled.  To enable, in the editor, Edit -> Project Settings -> Plugins -> Magic Leap Plugin -> Enable Zero Iteration
[2023.03.30-21.29.55:129][  0]LogStats: UGameplayTagsManager::InitializeManager -  0.000 s
[2023.03.30-21.29.55:201][  0]LogInit: Initializing FReadOnlyCVARCache
[2023.03.30-21.29.55:201][  0]LogAudio: Display: Initializing Audio Device Manager...
[2023.03.30-21.29.55:204][  0]LogAudio: Display: Loading Default Audio Settings Objects...
[2023.03.30-21.29.55:205][  0]LogAudio: Display: No default SoundConcurrencyObject specified (or failed to load).
[2023.03.30-21.29.55:205][  0]LogAudio: Display: Audio Device Manager Initialized
[2023.03.30-21.29.55:205][  0]LogAudio: Display: Creating Audio Device:                 Id: 1, Scope: Shared, Realtime: True
[2023.03.30-21.29.55:205][  0]LogAudioMixer: Display: Audio Mixer Platform Settings:
[2023.03.30-21.29.55:205][  0]LogAudioMixer: Display: 	Sample Rate:						  48000
[2023.03.30-21.29.55:206][  0]LogAudioMixer: Display: 	Callback Buffer Frame Size Requested: 1024
[2023.03.30-21.29.55:206][  0]LogAudioMixer: Display: 	Callback Buffer Frame Size To Use:	  1024
[2023.03.30-21.29.55:206][  0]LogAudioMixer: Display: 	Number of buffers to queue:			  2
[2023.03.30-21.29.55:206][  0]LogAudioMixer: Display: 	Max Channels (voices):				  32
[2023.03.30-21.29.55:206][  0]LogAudioMixer: Display: 	Number of Async Source Workers:		  0
[2023.03.30-21.29.55:206][  0]LogAudio: Display: AudioDevice MaxSources: 32
[2023.03.30-21.29.55:206][  0]LogAudio: Display: Audio Spatialization Plugin: None (built-in).
[2023.03.30-21.29.55:206][  0]LogAudio: Display: Audio Reverb Plugin: None (built-in).
[2023.03.30-21.29.55:206][  0]LogAudio: Display: Audio Occlusion Plugin: None (built-in).
[2023.03.30-21.29.55:206][  0]LogAudioMixer: Display: Initializing audio mixer.
[2023.03.30-21.29.55:217][  0]LogAudioMixer: Display: 0: FrontLeft
[2023.03.30-21.29.55:217][  0]LogAudioMixer: Display: 1: FrontRight
[2023.03.30-21.29.55:230][  0]LogAudioMixer: Display: Using Audio Device Headphones (High Definition Audio Device)
[2023.03.30-21.29.55:235][  0]LogAudioMixer: Display: Initializing Sound Submixes...
[2023.03.30-21.29.55:236][  0]LogAudioMixer: Display: Creating Master Submix 'MasterSubmixDefault'
[2023.03.30-21.29.55:236][  0]LogAudioMixer: Display: Creating Master Submix 'MasterReverbSubmixDefault'
[2023.03.30-21.29.55:237][  0]LogAudioMixer: Display: Creating Master Submix 'MasterEQSubmixDefault'
[2023.03.30-21.29.55:237][  0]LogAudioMixer: FMixerPlatformXAudio2::StartAudioStream() called
[2023.03.30-21.29.55:237][  0]LogAudioMixer: Display: Output buffers initialized: Frames=1024, Channels=2, Samples=2048
[2023.03.30-21.29.55:238][  0]LogAudioMixer: Display: Starting AudioMixerPlatformInterface::RunInternal()
[2023.03.30-21.29.55:238][  0]LogAudioMixer: Display: FMixerPlatformXAudio2::SubmitBuffer() called for the first time
[2023.03.30-21.29.55:238][  0]LogInit: FAudioDevice initialized.
[2023.03.30-21.29.55:239][  0]LogNetVersion: Set ProjectVersion to 1.0.0.0. Version Checksum will be recalculated on next use.
[2023.03.30-21.29.55:240][  0]LogInit: Texture streaming: Enabled
[2023.03.30-21.29.55:291][  0]LogAudio: Display: Audio Device (ID: 1) registered with world 'Untitled'.
[2023.03.30-21.29.55:292][  0]LogSlate: Updating window title bar state: overlay mode, drag disabled, window buttons hidden, title bar hidden
[2023.03.30-21.29.55:292][  0]LogInit: Display: Game Engine Initialized.
[2023.03.30-21.29.55:292][  0]LogNiagaraEditor: GEditor isn't valid! Particle reset commands will not work for Niagara components!
[2023.03.30-21.29.55:376][  0]LogInit: Display: Starting Game.
[2023.03.30-21.29.55:377][  0]LogNet: Browse: /Game/BattleGridMech/Maps/L_Entry?Name=Player
[2023.03.30-21.29.55:377][  0]LogLoad: LoadMap: /Game/BattleGridMech/Maps/L_Entry?Name=Player
[2023.03.30-21.29.55:377][  0]LogWorld: BeginTearingDown for /Temp/Untitled_0
[2023.03.30-21.29.55:377][  0]LogWorld: UWorld::CleanupWorld for Untitled, bSessionEnded=true, bCleanupResources=true
[2023.03.30-21.29.55:378][  0]LogSlate: InvalidateAllWidgets triggered.  All widgets were invalidated
[2023.03.30-21.29.55:382][  0]LogAudio: Display: Audio Device unregistered from world 'None'.
[2023.03.30-21.29.55:384][  0]LogUObjectHash: Compacting FUObjectHashTables data took   0.62ms
[2023.03.30-21.29.55:400][  0]LogAudio: Display: Audio Device (ID: 1) registered with world 'L_Entry'.
[2023.03.30-21.29.55:407][  0]LogAIModule: Creating AISystem for world L_Entry
[2023.03.30-21.29.55:415][  0]LogLoad: Game class is 'BP_BattleGridMechGameMode_C'
[2023.03.30-21.29.55:415][  0]LogStreaming: Display: ULevelStreaming::RequestLevel(/Game/BattleGridMech/Maps/SubLevels/L_Square) is flushing async loading
[2023.03.30-21.29.55:415][  0]LogStreaming: Display: FlushAsyncLoading: 1 QueuedPackages, 0 AsyncPackages
[2023.03.30-21.29.55:416][  0]LogStreaming: Display: ULevelStreaming::RequestLevel(/Game/BattleGridMech/Maps/SubLevels/L_Lighting) is flushing async loading
[2023.03.30-21.29.55:419][  0]LogWorld: Bringing World /Game/BattleGridMech/Maps/L_Entry.L_Entry up for play (max tick rate 0) at 2023.03.30-23.29.55
[2023.03.30-21.29.55:419][  0]LogWorld: Bringing up level for play took: 0.000607
[2023.03.30-21.29.55:421][  0]LogLoad: Took 0.044559 seconds to LoadMap(/Game/BattleGridMech/Maps/L_Entry)
[2023.03.30-21.29.55:439][  0]LogSlate: Took 0.000242 seconds to synchronously load lazily loaded font '../../../Engine/Content/Slate/Fonts/Roboto-Regular.ttf' (155K)
[2023.03.30-21.29.55:454][  0]LogRenderer: Reallocating scene render targets to support 1280x720 Format 10 NumSamples 1 (Frame:1).
[2023.03.30-21.29.55:454][  0]LogInit: Display: Engine is initialized. Leaving FEngineLoop::Init()
[2023.03.30-21.29.55:454][  0]LogLoad: (Engine Initialization) Total time: 4.43 seconds
[2023.03.30-21.29.55:454][  0]LogLoad: (Engine Initialization) Total Blueprint compile time: 0.00 seconds
[2023.03.30-21.29.55:461][  0]LogContentStreaming: Texture pool size now 1000 MB
[2023.03.30-21.29.55:464][  0]LogSlate: InvalidateAllWidgets triggered.  All widgets were invalidated
[2023.03.30-21.29.55:524][  0]LogRenderer: Reallocating scene render targets to support 128x128 Format 10 NumSamples 1 (Frame:1).
[2023.03.30-21.29.55:558][  0]LogRenderer: Reallocating scene render targets to support 1280x720 Format 10 NumSamples 1 (Frame:2).
[2023.03.30-21.29.55:569][  1]LogSlate: Took 0.000173 seconds to synchronously load lazily loaded font '../../../Engine/Content/Slate/Fonts/Roboto-Regular.ttf' (155K)
[2023.03.30-21.29.57:809][257]LogRenderer: Reallocating scene render targets to support 1920x1020 Format 10 NumSamples 1 (Frame:259).
[2023.03.30-21.30.05:283][773]LogStats: Display: There is no thread with id: 17188. Please add thread metadata for this thread.
[2023.03.30-21.30.07:782][944]ShowFlag.Wireframe = "1"
[2023.03.30-21.30.08:550][997]ShowFlag.Wireframe = "1"
[2023.03.30-21.30.09:393][ 56]ShowFlag.Wireframe = "0"
[2023.03.30-21.30.16:974][581]LogSlate: Window 'BattleGridMech (64-bit Development PCD3D_SM5) ' being destroyed
[2023.03.30-21.30.16:975][581]LogWindowsTextInputMethodSystem: Display: IME system deactivated.
[2023.03.30-21.30.16:978][581]LogWindowsTextInputMethodSystem: Display: IME system deactivated.
[2023.03.30-21.30.16:979][581]LogSlate: Updating window title bar state: overlay mode, drag disabled, window buttons hidden, title bar hidden
[2023.03.30-21.30.16:979][581]LogEngine: All Windows Closed
[2023.03.30-21.30.16:979][581]LogWindows: FPlatformMisc::RequestExit(0)
[2023.03.30-21.30.16:979][581]LogWindows: FPlatformMisc::RequestExitWithStatus(0, 0)
[2023.03.30-21.30.16:979][581]LogCore: Engine exit requested (reason: Win RequestExit)
[2023.03.30-21.30.16:979][582]LogCore: Engine exit requested (reason: EngineExit() was called; note: exit was already requested)
[2023.03.30-21.30.16:980][582]LogInit: Display: PreExit Game.
[2023.03.30-21.30.16:991][582]LogWorld: BeginTearingDown for /Game/BattleGridMech/Maps/L_Entry
[2023.03.30-21.30.16:991][582]LogWorld: UWorld::CleanupWorld for L_Entry, bSessionEnded=true, bCleanupResources=true
[2023.03.30-21.30.16:992][582]LogSlate: InvalidateAllWidgets triggered.  All widgets were invalidated
[2023.03.30-21.30.16:992][582]LogWorld: UWorld::CleanupWorld for L_Square, bSessionEnded=true, bCleanupResources=true
[2023.03.30-21.30.16:992][582]LogSlate: InvalidateAllWidgets triggered.  All widgets were invalidated
[2023.03.30-21.30.16:992][582]LogWorld: UWorld::CleanupWorld for L_Lighting, bSessionEnded=true, bCleanupResources=true
[2023.03.30-21.30.16:992][582]LogSlate: InvalidateAllWidgets triggered.  All widgets were invalidated
[2023.03.30-21.30.17:139][582]LogAudio: Display: Beginning Audio Device Manager Shutdown (Module: AudioMixerXAudio2)...
[2023.03.30-21.30.17:139][582]LogAudio: Display: Destroying 1 Remaining Audio Device(s)...
[2023.03.30-21.30.17:139][582]LogAudio: Display: Audio Device unregistered from world 'L_Entry'.
[2023.03.30-21.30.17:139][582]LogAudioMixer: FMixerPlatformXAudio2::StopAudioStream() called
[2023.03.30-21.30.17:140][582]LogAudioMixer: FMixerPlatformXAudio2::StopAudioStream() called
[2023.03.30-21.30.17:142][582]LogAudio: Display: Audio Device Manager Shutdown
[2023.03.30-21.30.17:145][582]LogExit: Preparing to exit.
[2023.03.30-21.30.17:875][582]LogSlate: Updating window title bar state: overlay mode, drag disabled, window buttons hidden, title bar hidden
[2023.03.30-21.30.17:876][582]LogUObjectHash: Compacting FUObjectHashTables data took   0.69ms
[2023.03.30-21.30.17:900][582]LogMoviePlayer: Shutting down movie player
[2023.03.30-21.30.18:042][582]LogDemo: Cleaned up 0 splitscreen connections with owner deletion
[2023.03.30-21.30.18:045][582]LogExit: Game engine shut down
[2023.03.30-21.30.18:079][582]LogExit: Object subsystem successfully closed.
[2023.03.30-21.30.18:087][582]LogShaderCompilers: Display: === FShaderJobCache stats ===
[2023.03.30-21.30.18:087][582]LogShaderCompilers: Display: Total job queries 0, among them cache hits 0 (0.00%)
[2023.03.30-21.30.18:087][582]LogShaderCompilers: Display: Tracking 0 distinct input hashes that result in 0 distinct outputs (0.00%)
[2023.03.30-21.30.18:087][582]LogShaderCompilers: Display: RAM used: 0.00 MB (0.00 GB) of 819.20 MB (0.80 GB) budget. Usage: 0.00%
[2023.03.30-21.30.18:087][582]LogShaderCompilers: Display: ================================================
[2023.03.30-21.30.18:096][582]LogShaderCompilers: Display: Shaders left to compile 0
[2023.03.30-21.30.18:110][582]LogModuleManager: Shutting down and abandoning module SequenceRecorderSections (560)
[2023.03.30-21.30.18:110][582]LogModuleManager: Shutting down and abandoning module SequenceRecorder (558)
[2023.03.30-21.30.18:110][582]LogModuleManager: Shutting down and abandoning module AutomationController (556)
[2023.03.30-21.30.18:110][582]LogModuleManager: Shutting down and abandoning module AutomationWorker (554)
[2023.03.30-21.30.18:110][582]LogModuleManager: Shutting down and abandoning module Voice (552)
[2023.03.30-21.30.18:110][582]LogModuleManager: Shutting down and abandoning module AIModule (550)
[2023.03.30-21.30.18:110][582]LogModuleManager: Shutting down and abandoning module GameplayDebugger (549)
[2023.03.30-21.30.18:110][582]LogModuleManager: Shutting down and abandoning module AITestSuite (547)
[2023.03.30-21.30.18:110][582]LogModuleManager: Shutting down and abandoning module NavigationSystem (545)
[2023.03.30-21.30.18:110][582]LogModuleManager: Shutting down and abandoning module SteamVREditor (542)
[2023.03.30-21.30.18:110][582]LogModuleManager: Shutting down and abandoning module ToolMenus (541)
[2023.03.30-21.30.18:110][582]LogModuleManager: Shutting down and abandoning module OculusMR (538)
[2023.03.30-21.30.18:110][582]LogModuleManager: Shutting down and abandoning module TakeRecorderSources (536)
[2023.03.30-21.30.18:110][582]LogModuleManager: Shutting down and abandoning module TakeRecorder (535)
[2023.03.30-21.30.18:110][582]LogModuleManager: Shutting down and abandoning module TakeTrackRecorders (532)
[2023.03.30-21.30.18:110][582]LogModuleManager: Shutting down and abandoning module TakesCore (530)
[2023.03.30-21.30.18:110][582]LogModuleManager: Shutting down and abandoning module OpenXRInput (528)
[2023.03.30-21.30.18:110][582]LogModuleManager: Shutting down and abandoning module WmfMediaFactory (526)
[2023.03.30-21.30.18:110][582]LogModuleManager: Shutting down and abandoning module WebMMediaFactory (524)
[2023.03.30-21.30.18:110][582]LogModuleManager: Shutting down and abandoning module WebMMedia (522)
[2023.03.30-21.30.18:110][582]LogModuleManager: Shutting down and abandoning module OpenExrWrapper (520)
[2023.03.30-21.30.18:110][582]LogModuleManager: Shutting down and abandoning module ImgMediaFactory (518)
[2023.03.30-21.30.18:110][582]LogModuleManager: Shutting down and abandoning module AvfMediaFactory (516)
[2023.03.30-21.30.18:110][582]LogModuleManager: Shutting down and abandoning module MagicLeapMediaCodecFactory (514)
[2023.03.30-21.30.18:110][582]LogModuleManager: Shutting down and abandoning module MagicLeapMediaFactory (512)
[2023.03.30-21.30.18:110][582]LogModuleManager: Shutting down and abandoning module PlanarCut (510)
[2023.03.30-21.30.18:110][582]LogModuleManager: Shutting down and abandoning module CharacterAI (508)
[2023.03.30-21.30.18:110][582]LogModuleManager: Shutting down and abandoning module SessionServices (506)
[2023.03.30-21.30.18:111][582]LogModuleManager: Shutting down and abandoning module MovieSceneCapture (504)
[2023.03.30-21.30.18:111][582]LogModuleManager: Shutting down and abandoning module LiveCoding (502)
[2023.03.30-21.30.18:111][582]LogModuleManager: Shutting down and abandoning module LevelSequence (500)
[2023.03.30-21.30.18:111][582]LogModuleManager: Shutting down and abandoning module MovieSceneTracks (498)
[2023.03.30-21.30.18:111][582]LogModuleManager: Shutting down and abandoning module MovieScene (496)
[2023.03.30-21.30.18:111][582]LogModuleManager: Shutting down and abandoning module StreamingPauseRendering (494)
[2023.03.30-21.30.18:111][582]LogModuleManager: Shutting down and abandoning module PortalServices (492)
[2023.03.30-21.30.18:111][582]LogModuleManager: Shutting down and abandoning module PortalRpc (490)
[2023.03.30-21.30.18:111][582]LogModuleManager: Shutting down and abandoning module MessagingRpc (488)
[2023.03.30-21.30.18:111][582]LogModuleManager: Shutting down and abandoning module AudioMixerXAudio2 (486)
[2023.03.30-21.30.18:111][582]LogModuleManager: Shutting down and abandoning module AudioMixerCore (485)
[2023.03.30-21.30.18:111][582]LogModuleManager: Shutting down and abandoning module ImageWriteQueue (482)
[2023.03.30-21.30.18:113][582]LogModuleManager: Shutting down and abandoning module ProfilerService (480)
[2023.03.30-21.30.18:140][582]LogModuleManager: Shutting down and abandoning module TaskGraph (478)
[2023.03.30-21.30.18:140][582]LogModuleManager: Shutting down and abandoning module OculusInput (476)
[2023.03.30-21.30.18:140][582]LogModuleManager: Shutting down and abandoning module Synthesis (474)
[2023.03.30-21.30.18:140][582]LogModuleManager: Shutting down and abandoning module TakeMovieScene (472)
[2023.03.30-21.30.18:140][582]LogModuleManager: Shutting down and abandoning module ProceduralMeshComponent (470)
[2023.03.30-21.30.18:140][582]LogModuleManager: Shutting down and abandoning module MobilePatchingUtils (468)
[2023.03.30-21.30.18:140][582]LogModuleManager: Shutting down and abandoning module GooglePAD (466)
[2023.03.30-21.30.18:140][582]LogModuleManager: Shutting down and abandoning module CableComponent (464)
[2023.03.30-21.30.18:140][582]LogModuleManager: Shutting down and abandoning module EditableMesh (462)
[2023.03.30-21.30.18:140][582]LogModuleManager: Shutting down and abandoning module CustomMeshComponent (460)
[2023.03.30-21.30.18:140][582]LogModuleManager: Shutting down and abandoning module AudioCapture (458)
[2023.03.30-21.30.18:140][582]LogModuleManager: Shutting down and abandoning module AudioCaptureRtAudio (457)
[2023.03.30-21.30.18:140][582]LogModuleManager: Shutting down and abandoning module AssetTags (454)
[2023.03.30-21.30.18:140][582]LogModuleManager: Shutting down and abandoning module ArchVisCharacter (452)
[2023.03.30-21.30.18:140][582]LogModuleManager: Shutting down and abandoning module AppleImageUtilsBlueprintSupport (450)
[2023.03.30-21.30.18:140][582]LogModuleManager: Shutting down and abandoning module AppleImageUtils (448)
[2023.03.30-21.30.18:140][582]LogModuleManager: Shutting down and abandoning module AndroidPermission (446)
[2023.03.30-21.30.18:140][582]LogModuleManager: Shutting down and abandoning module ActorLayerUtilities (444)
[2023.03.30-21.30.18:140][582]LogModuleManager: Shutting down and abandoning module TemplateSequence (442)
[2023.03.30-21.30.18:140][582]LogModuleManager: Shutting down and abandoning module MediaCompositing (440)
[2023.03.30-21.30.18:140][582]LogModuleManager: Shutting down and abandoning module ImgMedia (438)
[2023.03.30-21.30.18:140][582]LogModuleManager: Shutting down and abandoning module MagicLeapSharedWorld (436)
[2023.03.30-21.30.18:140][582]LogModuleManager: Shutting down and abandoning module MagicLeapLightEstimation (434)
[2023.03.30-21.30.18:140][582]LogModuleManager: Shutting down and abandoning module MagicLeapHelperVulkan (432)
[2023.03.30-21.30.18:140][582]LogModuleManager: Shutting down and abandoning module MagicLeapHelperOpenGL (430)
[2023.03.30-21.30.18:140][582]LogModuleManager: Shutting down and abandoning module MagicLeapAudio (428)
[2023.03.30-21.30.18:140][582]LogModuleManager: Shutting down and abandoning module OpenImageDenoise (426)
[2023.03.30-21.30.18:140][582]LogOpenImageDenoise: OIDN shutting down
[2023.03.30-21.30.18:141][582]LogModuleManager: Shutting down and abandoning module MotoSynth (424)
[2023.03.30-21.30.18:141][582]LogModuleManager: Shutting down and abandoning module MeshConversion (422)
[2023.03.30-21.30.18:141][582]LogModuleManager: Shutting down and abandoning module DynamicMesh (420)
[2023.03.30-21.30.18:141][582]LogModuleManager: Shutting down and abandoning module GeometryAlgorithms (418)
[2023.03.30-21.30.18:141][582]LogModuleManager: Shutting down and abandoning module GeometricObjects (416)
[2023.03.30-21.30.18:141][582]LogModuleManager: Shutting down and abandoning module GeometryCollectionTracks (414)
[2023.03.30-21.30.18:141][582]LogModuleManager: Shutting down and abandoning module GeometryCollectionSequencer (413)
[2023.03.30-21.30.18:141][582]LogModuleManager: Shutting down and abandoning module GeometryCacheTracks (410)
[2023.03.30-21.30.18:141][582]LogModuleManager: Shutting down and abandoning module GeometryCacheSequencer (409)
[2023.03.30-21.30.18:141][582]LogModuleManager: Shutting down and abandoning module GeometryCache (406)
[2023.03.30-21.30.18:141][582]LogModuleManager: Shutting down and abandoning module GeometryCacheEd (405)
[2023.03.30-21.30.18:141][582]LogModuleManager: Shutting down and abandoning module ChaosNiagara (402)
[2023.03.30-21.30.18:141][582]LogModuleManager: Shutting down and abandoning module FieldSystemEngine (401)
[2023.03.30-21.30.18:141][582]LogModuleManager: Shutting down and abandoning module BackChannel (398)
[2023.03.30-21.30.18:141][582]LogModuleManager: Shutting down and abandoning module AutomationUtils (396)
[2023.03.30-21.30.18:141][582]LogModuleManager: Shutting down and abandoning module VisualStudioSourceCodeAccess (394)
[2023.03.30-21.30.18:141][582]LogModuleManager: Shutting down and abandoning module HotReload (393)
[2023.03.30-21.30.18:141][582]LogModuleManager: Shutting down and abandoning module VisualStudioCodeSourceCodeAccess (390)
[2023.03.30-21.30.18:141][582]LogModuleManager: Shutting down and abandoning module UObjectPlugin (388)
[2023.03.30-21.30.18:141][582]LogModuleManager: Shutting down and abandoning module SubversionSourceControl (386)
[2023.03.30-21.30.18:141][582]LogModuleManager: Shutting down and abandoning module PerforceSourceControl (384)
[2023.03.30-21.30.18:141][582]LogModuleManager: Shutting down and abandoning module SourceControl (383)
[2023.03.30-21.30.18:141][582]LogModuleManager: Shutting down and abandoning module CLionSourceCodeAccess (380)
[2023.03.30-21.30.18:141][582]LogModuleManager: Shutting down and abandoning module OodleNetworkHandlerComponent (378)
[2023.03.30-21.30.18:141][582]LogModuleManager: Shutting down and abandoning module LiveLinkSequencer (376)
[2023.03.30-21.30.18:141][582]LogModuleManager: Shutting down and abandoning module LiveLinkMovieScene (374)
[2023.03.30-21.30.18:141][582]LogModuleManager: Shutting down and abandoning module LiveLinkGraphNode (372)
[2023.03.30-21.30.18:141][582]LogModuleManager: Shutting down and abandoning module LiveLinkComponents (370)
[2023.03.30-21.30.18:141][582]LogModuleManager: Shutting down and abandoning module LiveLink (368)
[2023.03.30-21.30.18:902][582]LogModuleManager: Shutting down and abandoning module BattleGridMech (366)
[2023.03.30-21.30.18:902][582]LogModuleManager: Shutting down and abandoning module SoundFields (364)
[2023.03.30-21.30.18:902][582]LogModuleManager: Shutting down and abandoning module SignificanceManager (362)
[2023.03.30-21.30.18:902][582]LogModuleManager: Shutting down and abandoning module RuntimePhysXCooking (360)
[2023.03.30-21.30.18:902][582]LogModuleManager: Shutting down and abandoning module PropertyAccessEditor (358)
[2023.03.30-21.30.18:902][582]LogModuleManager: Shutting down and abandoning module PhysXVehiclesEditor (356)
[2023.03.30-21.30.18:902][582]LogModuleManager: Shutting down and abandoning module LocationServicesBPLibrary (352)
[2023.03.30-21.30.18:902][582]LogModuleManager: Shutting down and abandoning module AudioSynesthesia (350)
[2023.03.30-21.30.18:902][582]LogModuleManager: Shutting down and abandoning module AudioSynesthesiaCore (348)
[2023.03.30-21.30.18:902][582]LogModuleManager: Shutting down and abandoning module ActorSequence (346)
[2023.03.30-21.30.18:902][582]LogModuleManager: Shutting down and abandoning module UdpMessaging (344)
[2023.03.30-21.30.19:003][582]LogModuleManager: Shutting down and abandoning module TcpMessaging (342)
[2023.03.30-21.30.19:104][582]LogModuleManager: Shutting down and abandoning module ImgMediaEngine (340)
[2023.03.30-21.30.19:104][582]LogModuleManager: Shutting down and abandoning module MagicLeapARPin (338)
[2023.03.30-21.30.19:104][582]LogModuleManager: Shutting down and abandoning module MagicLeapHandMeshing (336)
[2023.03.30-21.30.19:104][582]LogModuleManager: Shutting down and abandoning module MagicLeapSecureStorage (334)
[2023.03.30-21.30.19:104][582]LogModuleManager: Shutting down and abandoning module MagicLeapPrivileges (332)
[2023.03.30-21.30.19:104][582]LogModuleManager: Shutting down and abandoning module MagicLeapPlanes (330)
[2023.03.30-21.30.19:104][582]LogMagicLeapPlanes: Planes tracker already destroyed.
[2023.03.30-21.30.19:104][582]LogModuleManager: Shutting down and abandoning module MagicLeapImageTracker (328)
[2023.03.30-21.30.19:104][582]LogModuleManager: Shutting down and abandoning module MagicLeapIdentity (326)
[2023.03.30-21.30.19:104][582]LogModuleManager: Shutting down and abandoning module MagicLeapHandTracking (324)
[2023.03.30-21.30.19:104][582]LogModuleManager: Shutting down and abandoning module MagicLeapEyeTracker (322)
[2023.03.30-21.30.19:104][582]LogModuleManager: Shutting down and abandoning module MagicLeapController (320)
[2023.03.30-21.30.19:104][582]LogModuleManager: Shutting down and abandoning module MagicLeapARPinImpl (318)
[2023.03.30-21.30.19:104][582]LogModuleManager: Shutting down and abandoning module MagicLeapAR (316)
[2023.03.30-21.30.19:104][582]LogModuleManager: Shutting down and abandoning module PythonScriptPlugin (314)
[2023.03.30-21.30.19:104][582]LogModuleManager: Shutting down and abandoning module GameplayTagsEditor (312)
[2023.03.30-21.30.19:104][582]LogModuleManager: Shutting down and abandoning module FacialAnimation (310)
[2023.03.30-21.30.19:104][582]LogModuleManager: Shutting down and abandoning module AssetManagerEditor (308)
[2023.03.30-21.30.19:104][582]LogModuleManager: Shutting down and abandoning module TreeMap (307)
[2023.03.30-21.30.19:104][582]LogModuleManager: Shutting down and abandoning module NiagaraAnimNotifies (304)
[2023.03.30-21.30.19:104][582]LogModuleManager: Shutting down and abandoning module Niagara (302)
[2023.03.30-21.30.19:104][582]LogModuleManager: Shutting down and abandoning module SignalProcessing (301)
[2023.03.30-21.30.19:104][582]LogModuleManager: Shutting down and abandoning module NiagaraEditor (299)
[2023.03.30-21.30.19:104][582]LogModuleManager: Shutting down and abandoning module ContentBrowser (298)
[2023.03.30-21.30.19:104][582]LogModuleManager: Shutting down and abandoning module CollectionManager (297)
[2023.03.30-21.30.19:105][582]LogModuleManager: Shutting down and abandoning module DirectoryWatcher (296)
[2023.03.30-21.30.19:105][582]LogModuleManager: Shutting down and abandoning module ContentBrowserData (293)
[2023.03.30-21.30.19:105][582]LogModuleManager: Shutting down and abandoning module NiagaraCore (288)
[2023.03.30-21.30.19:105][582]LogModuleManager: Shutting down and abandoning module PropertyAccessNode (286)
[2023.03.30-21.30.19:105][582]LogModuleManager: Shutting down and abandoning module AnimationSharing (284)
[2023.03.30-21.30.19:105][582]LogModuleManager: Shutting down and abandoning module LightPropagationVolumeRuntime (282)
[2023.03.30-21.30.19:105][582]LogModuleManager: Shutting down and abandoning module GameplayCameras (280)
[2023.03.30-21.30.19:105][582]LogModuleManager: Shutting down and abandoning module EnvironmentQueryEditor (278)
[2023.03.30-21.30.19:105][582]LogModuleManager: Shutting down and abandoning module Paper2D (276)
[2023.03.30-21.30.19:105][582]LogModuleManager: Shutting down and abandoning module WindowsMoviePlayer (274)
[2023.03.30-21.30.19:105][582]LogModuleManager: Shutting down and abandoning module WebMMoviePlayer (272)
[2023.03.30-21.30.19:105][582]LogModuleManager: Shutting down and abandoning module NetworkReplayStreaming (270)
[2023.03.30-21.30.19:105][582]LogModuleManager: Shutting down and abandoning module PacketHandler (268)
[2023.03.30-21.30.19:105][582]LogModuleManager: Shutting down and abandoning module ClothingSystemEditor (266)
[2023.03.30-21.30.19:105][582]LogModuleManager: Shutting down and abandoning module ClothingSystemRuntimeNv (264)
[2023.03.30-21.30.19:105][582]LogModuleManager: Shutting down and abandoning module MediaAssets (262)
[2023.03.30-21.30.19:105][582]LogModuleManager: Shutting down and abandoning module Overlay (260)
[2023.03.30-21.30.19:105][582]LogModuleManager: Shutting down and abandoning module OverlayEditor (259)
[2023.03.30-21.30.19:105][582]LogModuleManager: Shutting down and abandoning module VREditor (256)
[2023.03.30-21.30.19:105][582]LogModuleManager: Shutting down and abandoning module StringTableEditor (254)
[2023.03.30-21.30.19:105][582]LogModuleManager: Shutting down and abandoning module GameplayTasksEditor (252)
[2023.03.30-21.30.19:105][582]LogModuleManager: Shutting down and abandoning module BehaviorTreeEditor (250)
[2023.03.30-21.30.19:105][582]LogModuleManager: Shutting down and abandoning module FunctionalTesting (248)
[2023.03.30-21.30.19:105][582]LogModuleManager: Shutting down and abandoning module CollisionAnalyzer (246)
[2023.03.30-21.30.19:105][582]LogModuleManager: Shutting down and abandoning module WorkspaceMenuStructure (245)
[2023.03.30-21.30.19:105][582]LogModuleManager: Shutting down and abandoning module UMG (242)
[2023.03.30-21.30.19:105][582]LogModuleManager: Shutting down and abandoning module UMGEditor (241)
[2023.03.30-21.30.19:105][582]LogModuleManager: Shutting down and abandoning module Sequencer (240)
[2023.03.30-21.30.19:105][582]LogModuleManager: Shutting down and abandoning module MessageLog (237)
[2023.03.30-21.30.19:105][582]LogModuleManager: Shutting down and abandoning module SlateReflector (232)
[2023.03.30-21.30.19:105][582]LogModuleManager: Shutting down and abandoning module Slate (230)
[2023.03.30-21.30.19:105][582]LogModuleManager: Shutting down and abandoning module SlateCore (228)
[2023.03.30-21.30.19:106][582]LogModuleManager: Shutting down and abandoning module LandscapeEditorUtilities (226)
[2023.03.30-21.30.19:106][582]LogModuleManager: Shutting down and abandoning module UnrealEd (224)
[2023.03.30-21.30.19:106][582]LogModuleManager: Shutting down and abandoning module MRMesh (222)
[2023.03.30-21.30.19:106][582]LogModuleManager: Shutting down and abandoning module Messaging (220)
[2023.03.30-21.30.19:106][582]LogModuleManager: Shutting down and abandoning module SourceCodeAccess (218)
[2023.03.30-21.30.19:106][582]LogModuleManager: Shutting down and abandoning module HeadMountedDisplay (216)
[2023.03.30-21.30.19:106][582]LogModuleManager: Shutting down and abandoning module XAudio2 (214)
[2023.03.30-21.30.19:106][582]LogModuleManager: Shutting down and abandoning module Networking (212)
[2023.03.30-21.30.19:106][582]LogModuleManager: Shutting down and abandoning module Core (210)
[2023.03.30-21.30.19:106][582]LogModuleManager: Shutting down and abandoning module MaterialEditor (208)
[2023.03.30-21.30.19:106][582]LogModuleManager: Shutting down and abandoning module MovieSceneTools (206)
[2023.03.30-21.30.19:106][582]LogModuleManager: Shutting down and abandoning module EditorStyle (205)
[2023.03.30-21.30.19:107][582]LogModuleManager: Shutting down and abandoning module KismetCompiler (202)
[2023.03.30-21.30.19:107][582]LogModuleManager: Shutting down and abandoning module MeshBuilder (200)
[2023.03.30-21.30.19:107][582]LogModuleManager: Shutting down and abandoning module MeshUtilities (198)
[2023.03.30-21.30.19:107][582]LogModuleManager: Shutting down and abandoning module MeshMergeUtilities (197)
[2023.03.30-21.30.19:107][582]LogModuleManager: Shutting down and abandoning module MeshReductionInterface (196)
[2023.03.30-21.30.19:107][582]LogModuleManager: Shutting down and abandoning module MeshBoneReduction (195)
[2023.03.30-21.30.19:107][582]LogModuleManager: Shutting down and abandoning module SkeletalMeshReduction (193)
[2023.03.30-21.30.19:107][582]LogModuleManager: Shutting down and abandoning module ProxyLODMeshReduction (191)
[2023.03.30-21.30.19:107][582]LogModuleManager: Shutting down and abandoning module QuadricMeshReduction (189)
[2023.03.30-21.30.19:107][582]LogModuleManager: Shutting down and abandoning module MaterialBaking (185)
[2023.03.30-21.30.19:107][582]LogModuleManager: Shutting down and abandoning module NullInstallBundleManager (180)
[2023.03.30-21.30.19:107][582]LogModuleManager: Shutting down and abandoning module PIEPreviewDeviceProfileSelector (178)
[2023.03.30-21.30.19:107][582]LogModuleManager: Shutting down and abandoning module DerivedDataCache (176)
[2023.03.30-21.30.19:107][582]LogModuleManager: Shutting down and abandoning module TargetPlatform (174)
[2023.03.30-21.30.19:107][582]LogModuleManager: Shutting down and abandoning module VulkanShaderFormat (173)
[2023.03.30-21.30.19:107][582]LogModuleManager: Shutting down and abandoning module ShaderFormatVectorVM (171)
[2023.03.30-21.30.19:107][582]LogModuleManager: Shutting down and abandoning module ShaderFormatOpenGL (169)
[2023.03.30-21.30.19:107][582]LogModuleManager: Shutting down and abandoning module ShaderFormatD3D (167)
[2023.03.30-21.30.19:107][582]LogModuleManager: Shutting down and abandoning module MetalShaderFormat (165)
[2023.03.30-21.30.19:107][582]LogModuleManager: Shutting down and abandoning module TextureFormatOodle (163)
[2023.03.30-21.30.19:107][582]LogModuleManager: Shutting down and abandoning module TextureFormatUncompressed (161)
[2023.03.30-21.30.19:107][582]LogModuleManager: Shutting down and abandoning module TextureFormatPVR (159)
[2023.03.30-21.30.19:107][582]LogModuleManager: Shutting down and abandoning module TextureFormatETC2 (157)
[2023.03.30-21.30.19:107][582]LogModuleManager: Shutting down and abandoning module TextureFormatDXT (155)
[2023.03.30-21.30.19:107][582]LogModuleManager: Shutting down and abandoning module TextureFormatIntelISPCTexComp (153)
[2023.03.30-21.30.19:107][582]LogModuleManager: Shutting down and abandoning module TextureFormatASTC (151)
[2023.03.30-21.30.19:107][582]LogModuleManager: Shutting down and abandoning module ImageWrapper (150)
[2023.03.30-21.30.19:107][582]LogModuleManager: Shutting down and abandoning module AudioFormatOpus (147)
[2023.03.30-21.30.19:107][582]LogModuleManager: Shutting down and abandoning module AudioFormatOgg (145)
[2023.03.30-21.30.19:107][582]LogModuleManager: Shutting down and abandoning module AudioFormatADPCM (143)
[2023.03.30-21.30.19:107][582]LogModuleManager: Shutting down and abandoning module WindowsServerTargetPlatform (141)
[2023.03.30-21.30.19:107][582]LogModuleManager: Shutting down and abandoning module WindowsClientTargetPlatform (139)
[2023.03.30-21.30.19:107][582]LogModuleManager: Shutting down and abandoning module WindowsTargetPlatform (137)
[2023.03.30-21.30.19:107][582]LogModuleManager: Shutting down and abandoning module WindowsNoEditorTargetPlatform (135)
[2023.03.30-21.30.19:107][582]LogModuleManager: Shutting down and abandoning module D3D11RHI (132)
[2023.03.30-21.30.19:107][582]LogModuleManager: Shutting down and abandoning module InputCore (130)
[2023.03.30-21.30.19:107][582]LogModuleManager: Shutting down and abandoning module Settings (128)
[2023.03.30-21.30.19:107][582]LogModuleManager: Shutting down and abandoning module PhysXCooking (126)
[2023.03.30-21.30.19:107][582]LogModuleManager: Shutting down and abandoning module Chaos (124)
[2023.03.30-21.30.19:107][582]LogModuleManager: Shutting down and abandoning module WindowsPlatformFeatures (122)
[2023.03.30-21.30.19:107][582]LogModuleManager: Shutting down and abandoning module GameplayMediaEncoder (121)
[2023.03.30-21.30.19:107][582]LogModuleManager: Shutting down and abandoning module AVEncoder (120)
[2023.03.30-21.30.19:107][582]LogModuleManager: Shutting down and abandoning module SteamVRInputDevice (116)
[2023.03.30-21.30.19:107][582]LogModuleManager: Shutting down and abandoning module SteamVRInput (114)
[2023.03.30-21.30.19:107][582]LogModuleManager: Shutting down and abandoning module SteamVR (112)
[2023.03.30-21.30.19:107][582]LogHMD: Freeing OpenVRDLLHandle.
[2023.03.30-21.30.19:107][582]LogModuleManager: Shutting down and abandoning module OculusHMD (110)
[2023.03.30-21.30.19:107][582]LogModuleManager: Shutting down and abandoning module OpenXREyeTracker (108)
[2023.03.30-21.30.19:107][582]LogModuleManager: Shutting down and abandoning module OpenXRHandTracking (106)
[2023.03.30-21.30.19:107][582]LogSlate: Slate User Destroyed.  User Index 0, Is Virtual User: 0
[2023.03.30-21.30.19:107][582]LogModuleManager: Shutting down and abandoning module OpenXRAR (104)
[2023.03.30-21.30.19:107][582]LogModuleManager: Shutting down and abandoning module AugmentedReality (103)
[2023.03.30-21.30.19:107][582]LogModuleManager: Shutting down and abandoning module OpenXRHMD (100)
[2023.03.30-21.30.19:108][582]LogModuleManager: Shutting down and abandoning module ExampleDeviceProfileSelector (98)
[2023.03.30-21.30.19:108][582]LogModuleManager: Shutting down and abandoning module ChunkDownloader (96)
[2023.03.30-21.30.19:108][582]LogModuleManager: Shutting down and abandoning module LauncherChunkInstaller (94)
[2023.03.30-21.30.19:108][582]LogModuleManager: Shutting down and abandoning module OnlineBlueprintSupport (92)
[2023.03.30-21.30.19:108][582]LogModuleManager: Shutting down and abandoning module OnlineSubsystem (88)
[2023.03.30-21.30.19:108][582]LogModuleManager: Shutting down and abandoning module XMPP (83)
[2023.03.30-21.30.19:108][582]LogModuleManager: Shutting down and abandoning module WebSockets (82)
[2023.03.30-21.30.19:112][582]LogModuleManager: Shutting down and abandoning module HTTP (79)
[2023.03.30-21.30.19:112][582]LogHttp: Display: cleaning up 0 outstanding Http requests.
[2023.03.30-21.30.19:119][582]LogModuleManager: Shutting down and abandoning module SSL (78)
[2023.03.30-21.30.19:120][582]LogModuleManager: Shutting down and abandoning module WmfMedia (74)
[2023.03.30-21.30.19:121][582]LogModuleManager: Shutting down and abandoning module Media (73)
[2023.03.30-21.30.19:121][582]LogModuleManager: Shutting down and abandoning module MediaInfo (72)
[2023.03.30-21.30.19:121][582]LogModuleManager: Shutting down and abandoning module ExrReaderGpu (68)
[2023.03.30-21.30.19:121][582]LogModuleManager: Shutting down and abandoning module MLSDK (66)
[2023.03.30-21.30.19:121][582]LogModuleManager: Shutting down and abandoning module MagicLeap (64)
[2023.03.30-21.30.19:121][582]LogModuleManager: Shutting down and abandoning module NiagaraVertexFactories (62)
[2023.03.30-21.30.19:121][582]LogModuleManager: Shutting down and abandoning module NiagaraShader (60)
[2023.03.30-21.30.19:121][582]LogModuleManager: Shutting down and abandoning module ChaosCloth (58)
[2023.03.30-21.30.19:121][582]LogModuleManager: Shutting down and abandoning module VariantManagerContent (56)
[2023.03.30-21.30.19:121][582]LogModuleManager: Shutting down and abandoning module DatasmithContent (54)
[2023.03.30-21.30.19:122][582]LogModuleManager: Shutting down and abandoning module PixWinPlugin (52)
[2023.03.30-21.30.19:122][582]LogModuleManager: Shutting down and abandoning module AISupportModule (50)
[2023.03.30-21.30.19:122][582]LogModuleManager: Shutting down and abandoning module DesktopPlatform (48)
[2023.03.30-21.30.19:122][582]LogModuleManager: Shutting down and abandoning module PythonScriptPluginPreload (46)
[2023.03.30-21.30.19:122][582]LogModuleManager: Shutting down and abandoning module PlatformCryptoOpenSSL (44)
[2023.03.30-21.30.19:122][582]LogModuleManager: Shutting down and abandoning module PlatformCryptoTypes (42)
[2023.03.30-21.30.19:122][582]LogModuleManager: Shutting down and abandoning module PlatformCrypto (40)
[2023.03.30-21.30.19:122][582]LogModuleManager: Shutting down and abandoning module OodleDataCompressionFormat (38)
[2023.03.30-21.30.19:122][582]LogModuleManager: Shutting down and abandoning module XGEController (36)
[2023.03.30-21.30.19:122][582]LogModuleManager: Shutting down and abandoning module AnimationModifiers (34)
[2023.03.30-21.30.19:122][582]LogModuleManager: Shutting down and abandoning module AudioEditor (32)
[2023.03.30-21.30.19:122][582]LogModuleManager: Shutting down and abandoning module PropertyEditor (31)
[2023.03.30-21.30.19:122][582]LogModuleManager: Shutting down and abandoning module TextureCompressor (28)
[2023.03.30-21.30.19:122][582]LogModuleManager: Shutting down and abandoning module RenderCore (26)
[2023.03.30-21.30.19:122][582]LogModuleManager: Shutting down and abandoning module Landscape (24)
[2023.03.30-21.30.19:122][582]LogModuleManager: Shutting down and abandoning module SlateRHIRenderer (22)
[2023.03.30-21.30.19:122][582]LogModuleManager: Shutting down and abandoning module AnimGraphRuntime (20)
[2023.03.30-21.30.19:122][582]LogModuleManager: Shutting down and abandoning module Renderer (18)
[2023.03.30-21.30.19:122][582]LogModuleManager: Shutting down and abandoning module Engine (16)
[2023.03.30-21.30.19:122][582]LogModuleManager: Shutting down and abandoning module CoreUObject (14)
[2023.03.30-21.30.19:122][582]LogModuleManager: Shutting down and abandoning module NetworkFile (12)
[2023.03.30-21.30.19:122][582]LogModuleManager: Shutting down and abandoning module CookedIterativeFile (10)
[2023.03.30-21.30.19:122][582]LogModuleManager: Shutting down and abandoning module StreamingFile (8)
[2023.03.30-21.30.19:122][582]LogModuleManager: Shutting down and abandoning module SandboxFile (6)
[2023.03.30-21.30.19:122][582]LogModuleManager: Shutting down and abandoning module PakFile (4)
[2023.03.30-21.30.19:122][582]LogModuleManager: Shutting down and abandoning module RSA (3)
[2023.03.30-21.30.19:437][582]LogContentStreaming: Display: There are 1 unreleased StreamingManagers
[2023.03.30-21.30.19:445][582]LogD3D11RHI: Shutdown
[2023.03.30-21.30.19:445][582]LogD3D11RHI: CleanupD3DDevice
[2023.03.30-21.30.19:446][582]LogExit: Exiting.
[2023.03.30-21.30.19:454][582]Log file closed, 03/30/23 23:30:19
